[0.000000] (-) TimerEvent: {}
[0.000116] (s2_msgs) JobQueued: {'identifier': 's2_msgs', 'dependencies': OrderedDict()}
[0.000297] (s2_msgs) JobStarted: {'identifier': 's2_msgs'}
[0.005638] (s2_msgs) JobProgress: {'identifier': 's2_msgs', 'progress': 'cmake'}
[0.006244] (s2_msgs) JobProgress: {'identifier': 's2_msgs', 'progress': 'build'}
[0.006770] (s2_msgs) Command: {'cmd': ['/usr/bin/cmake', '--build', '/workspace/s2_msgs_ws/build/s2_msgs', '--', '-j12', '-l12'], 'cwd': '/workspace/s2_msgs_ws/build/s2_msgs', 'env': OrderedDict({'GZ_CONFIG_PATH': '/opt/ros/jazzy/opt/sdformat_vendor/share/gz', 'HOSTNAME': 'dmitriy-MS-7D82', 'SHLVL': '1', 'LD_LIBRARY_PATH': '/opt/ros/jazzy/opt/sdformat_vendor/lib:/opt/ros/jazzy/lib/x86_64-linux-gnu:/opt/ros/jazzy/opt/gz_math_vendor/lib:/opt/ros/jazzy/opt/gz_utils_vendor/lib:/opt/ros/jazzy/opt/gz_tools_vendor/lib:/opt/ros/jazzy/opt/gz_cmake_vendor/lib:/opt/ros/jazzy/lib', 'HOME': '/root', 'OLDPWD': '/workspace', 'ROS_PYTHON_VERSION': '3', 'LC_CTYPE': 'C.UTF-8', 'ROS_DISTRO': 'jazzy', '_': '/usr/bin/colcon', 'ROS_VERSION': '2', 'PATH': '/opt/ros/jazzy/opt/gz_tools_vendor/bin:/opt/ros/jazzy/bin:/usr/local/sbin:/usr/local/bin:/usr/sbin:/usr/bin:/sbin:/bin', 'FASTRTPS_DEFAULT_PROFILES_FILE': '/root/.ros/fastdds.xml', 'RMW_IMPLEMENTATION': 'rmw_fastrtps_cpp', 'AMENT_PREFIX_PATH': '/opt/ros/jazzy', 'DEBIAN_FRONTEND': 'noninteractive', 'ROS_AUTOMATIC_DISCOVERY_RANGE': 'SUBNET', 'PWD': '/workspace/s2_msgs_ws/build/s2_msgs', 'PYTHONPATH': '/opt/ros/jazzy/lib/python3.12/site-packages', 'COLCON': '1', 'CMAKE_PREFIX_PATH': '/opt/ros/jazzy/opt/sdformat_vendor:/opt/ros/jazzy/opt/gz_math_vendor:/opt/ros/jazzy/opt/gz_utils_vendor:/opt/ros/jazzy/opt/gz_tools_vendor:/opt/ros/jazzy/opt/gz_cmake_vendor:/opt/ros/jazzy'}), 'shell': False}
[0.029844] (s2_msgs) StdoutLine: {'line': b'-- Found ament_cmake: 2.5.5 (/opt/ros/jazzy/share/ament_cmake/cmake)\n'}
[0.047051] (s2_msgs) StdoutLine: {'line': b'-- Found Python3: /usr/bin/python3 (found version "3.12.3") found components: Interpreter \n'}
[0.099829] (-) TimerEvent: {}
[0.110989] (s2_msgs) StdoutLine: {'line': b'-- Override CMake install command with custom implementation using symlinks instead of copying resources\n'}
[0.118248] (s2_msgs) StdoutLine: {'line': b'-- Found rosidl_default_generators: 1.6.0 (/opt/ros/jazzy/share/rosidl_default_generators/cmake)\n'}
[0.120594] (s2_msgs) StdoutLine: {'line': b'-- Using all available rosidl_typesupport_c: rosidl_typesupport_fastrtps_c;rosidl_typesupport_introspection_c\n'}
[0.149603] (s2_msgs) StdoutLine: {'line': b'-- Using all available rosidl_typesupport_cpp: rosidl_typesupport_fastrtps_cpp;rosidl_typesupport_introspection_cpp\n'}
[0.177401] (s2_msgs) StdoutLine: {'line': b'-- Found rosidl_adapter: 4.6.7 (/opt/ros/jazzy/share/rosidl_adapter/cmake)\n'}
[0.199909] (-) TimerEvent: {}
[0.300047] (-) TimerEvent: {}
[0.391687] (s2_msgs) StdoutLine: {'line': b'-- Found ament_cmake_ros: 0.12.0 (/opt/ros/jazzy/share/ament_cmake_ros/cmake)\n'}
[0.400093] (-) TimerEvent: {}
[0.455658] (s2_msgs) StdoutLine: {'line': b'-- Using all available rosidl_typesupport_c: rosidl_typesupport_fastrtps_c;rosidl_typesupport_introspection_c\n'}
[0.500186] (-) TimerEvent: {}
[0.540559] (s2_msgs) StdoutLine: {'line': b'-- Using all available rosidl_typesupport_cpp: rosidl_typesupport_fastrtps_cpp;rosidl_typesupport_introspection_cpp\n'}
[0.541725] (s2_msgs) StdoutLine: {'line': b'-- Found python_cmake_module: 0.11.1 (/opt/ros/jazzy/share/python_cmake_module/cmake)\n'}
[0.600264] (-) TimerEvent: {}
[0.700396] (-) TimerEvent: {}
[0.762398] (s2_msgs) StdoutLine: {'line': b'-- Found Python3: /usr/bin/python3 (found version "3.12.3") found components: Interpreter Development NumPy Development.Module Development.Embed \n'}
[0.779782] (s2_msgs) StdoutLine: {'line': b'-- Configuring done (0.8s)\n'}
[0.800510] (-) TimerEvent: {}
[0.820625] (s2_msgs) StdoutLine: {'line': b'-- Generating done (0.0s)\n'}
[0.836798] (s2_msgs) StdoutLine: {'line': b'-- Build files have been written to: /workspace/s2_msgs_ws/build/s2_msgs\n'}
[0.865987] (s2_msgs) StdoutLine: {'line': b'[  2%] Built target s2_msgs__rosidl_generator_type_description\n'}
[0.872769] (s2_msgs) StdoutLine: {'line': b'[  2%] Built target ament_cmake_python_symlink_s2_msgs\n'}
[0.880943] (s2_msgs) StdoutLine: {'line': b'[  5%] Built target s2_msgs__cpp\n'}
[0.883715] (s2_msgs) StdoutLine: {'line': b'[ 20%] Built target s2_msgs__rosidl_generator_c\n'}
[0.902008] (-) TimerEvent: {}
[0.908300] (s2_msgs) StdoutLine: {'line': b'[ 29%] Built target s2_msgs__rosidl_typesupport_c\n'}
[0.908505] (s2_msgs) StdoutLine: {'line': b'[ 38%] Built target s2_msgs__rosidl_typesupport_introspection_c\n'}
[0.914103] (s2_msgs) StdoutLine: {'line': b'[ 47%] Built target s2_msgs__rosidl_typesupport_cpp\n'}
[0.914341] (s2_msgs) StdoutLine: {'line': b'[ 55%] Built target s2_msgs__rosidl_typesupport_fastrtps_c\n'}
[0.914930] (s2_msgs) StdoutLine: {'line': b'[ 64%] Built target s2_msgs__rosidl_typesupport_introspection_cpp\n'}
[0.917958] (s2_msgs) StdoutLine: {'line': b'[ 73%] Built target s2_msgs__rosidl_typesupport_fastrtps_cpp\n'}
[0.940145] (s2_msgs) StdoutLine: {'line': b'[ 73%] Built target s2_msgs\n'}
[0.958664] (s2_msgs) StdoutLine: {'line': b'[ 76%] Built target s2_msgs__py\n'}
[0.980019] (s2_msgs) StdoutLine: {'line': b'[ 82%] Built target s2_msgs__rosidl_generator_py\n'}
[1.002089] (-) TimerEvent: {}
[1.003022] (s2_msgs) StdoutLine: {'line': b'[100%] Built target s2_msgs_s__rosidl_typesupport_introspection_c\n'}
[1.003154] (s2_msgs) StdoutLine: {'line': b'[100%] Built target s2_msgs_s__rosidl_typesupport_fastrtps_c\n'}
[1.003226] (s2_msgs) StdoutLine: {'line': b'[100%] Built target s2_msgs_s__rosidl_typesupport_c\n'}
[1.084148] (s2_msgs) StdoutLine: {'line': b'running egg_info\n'}
[1.099127] (s2_msgs) StdoutLine: {'line': b'writing s2_msgs.egg-info/PKG-INFO\n'}
[1.099289] (s2_msgs) StdoutLine: {'line': b'writing dependency_links to s2_msgs.egg-info/dependency_links.txt\n'}
[1.099441] (s2_msgs) StdoutLine: {'line': b'writing top-level names to s2_msgs.egg-info/top_level.txt\n'}
[1.102146] (-) TimerEvent: {}
[1.142420] (s2_msgs) StdoutLine: {'line': b"reading manifest file 's2_msgs.egg-info/SOURCES.txt'\n"}
[1.143148] (s2_msgs) StdoutLine: {'line': b"writing manifest file 's2_msgs.egg-info/SOURCES.txt'\n"}
[1.165048] (s2_msgs) StdoutLine: {'line': b'[100%] Built target ament_cmake_python_build_s2_msgs_egg\n'}
[1.173641] (s2_msgs) CommandEnded: {'returncode': 0}
[1.174113] (s2_msgs) JobProgress: {'identifier': 's2_msgs', 'progress': 'install'}
[1.181250] (s2_msgs) Command: {'cmd': ['/usr/bin/cmake', '--install', '/workspace/s2_msgs_ws/build/s2_msgs'], 'cwd': '/workspace/s2_msgs_ws/build/s2_msgs', 'env': OrderedDict({'GZ_CONFIG_PATH': '/opt/ros/jazzy/opt/sdformat_vendor/share/gz', 'HOSTNAME': 'dmitriy-MS-7D82', 'SHLVL': '1', 'LD_LIBRARY_PATH': '/opt/ros/jazzy/opt/sdformat_vendor/lib:/opt/ros/jazzy/lib/x86_64-linux-gnu:/opt/ros/jazzy/opt/gz_math_vendor/lib:/opt/ros/jazzy/opt/gz_utils_vendor/lib:/opt/ros/jazzy/opt/gz_tools_vendor/lib:/opt/ros/jazzy/opt/gz_cmake_vendor/lib:/opt/ros/jazzy/lib', 'HOME': '/root', 'OLDPWD': '/workspace', 'ROS_PYTHON_VERSION': '3', 'LC_CTYPE': 'C.UTF-8', 'ROS_DISTRO': 'jazzy', '_': '/usr/bin/colcon', 'ROS_VERSION': '2', 'PATH': '/opt/ros/jazzy/opt/gz_tools_vendor/bin:/opt/ros/jazzy/bin:/usr/local/sbin:/usr/local/bin:/usr/sbin:/usr/bin:/sbin:/bin', 'FASTRTPS_DEFAULT_PROFILES_FILE': '/root/.ros/fastdds.xml', 'RMW_IMPLEMENTATION': 'rmw_fastrtps_cpp', 'AMENT_PREFIX_PATH': '/opt/ros/jazzy', 'DEBIAN_FRONTEND': 'noninteractive', 'ROS_AUTOMATIC_DISCOVERY_RANGE': 'SUBNET', 'PWD': '/workspace/s2_msgs_ws/build/s2_msgs', 'PYTHONPATH': '/opt/ros/jazzy/lib/python3.12/site-packages', 'COLCON': '1', 'CMAKE_PREFIX_PATH': '/opt/ros/jazzy/opt/sdformat_vendor:/opt/ros/jazzy/opt/gz_math_vendor:/opt/ros/jazzy/opt/gz_utils_vendor:/opt/ros/jazzy/opt/gz_tools_vendor:/opt/ros/jazzy/opt/gz_cmake_vendor:/opt/ros/jazzy'}), 'shell': False}
[1.187559] (s2_msgs) StdoutLine: {'line': b'-- Install configuration: ""\n'}
[1.187979] (s2_msgs) StdoutLine: {'line': b'-- Execute custom install script\n'}
[1.188184] (s2_msgs) StdoutLine: {'line': b'-- Up-to-date symlink: /workspace/s2_msgs_ws/install/s2_msgs/share/ament_index/resource_index/rosidl_interfaces/s2_msgs\n'}
[1.188324] (s2_msgs) StdoutLine: {'line': b'-- Up-to-date symlink: /workspace/s2_msgs_ws/install/s2_msgs/share/s2_msgs/srv/PluginCall.json\n'}
[1.188683] (s2_msgs) StdoutLine: {'line': b'-- Up-to-date symlink: /workspace/s2_msgs_ws/install/s2_msgs/include/s2_msgs/s2_msgs/msg/rosidl_generator_c__visibility_control.h\n'}
[1.188780] (s2_msgs) StdoutLine: {'line': b'-- Up-to-date symlink: /workspace/s2_msgs_ws/install/s2_msgs/include/s2_msgs/s2_msgs/srv/detail/plugin_call__functions.h\n'}
[1.188873] (s2_msgs) StdoutLine: {'line': b'-- Up-to-date symlink: /workspace/s2_msgs_ws/install/s2_msgs/include/s2_msgs/s2_msgs/srv/detail/plugin_call__struct.h\n'}
[1.189001] (s2_msgs) StdoutLine: {'line': b'-- Up-to-date symlink: /workspace/s2_msgs_ws/install/s2_msgs/include/s2_msgs/s2_msgs/srv/detail/plugin_call__type_support.h\n'}
[1.189115] (s2_msgs) StdoutLine: {'line': b'-- Up-to-date symlink: /workspace/s2_msgs_ws/install/s2_msgs/include/s2_msgs/s2_msgs/srv/plugin_call.h\n'}
[1.189212] (s2_msgs) StdoutLine: {'line': b'-- Up-to-date symlink: /workspace/s2_msgs_ws/install/s2_msgs/share/s2_msgs/environment/library_path.sh\n'}
[1.189341] (s2_msgs) StdoutLine: {'line': b'-- Up-to-date symlink: /workspace/s2_msgs_ws/install/s2_msgs/share/s2_msgs/environment/library_path.dsv\n'}
[1.189717] (s2_msgs) StdoutLine: {'line': b'-- Up-to-date symlink: /workspace/s2_msgs_ws/install/s2_msgs/include/s2_msgs/s2_msgs/msg/rosidl_typesupport_fastrtps_c__visibility_control.h\n'}
[1.189813] (s2_msgs) StdoutLine: {'line': b'-- Up-to-date symlink: /workspace/s2_msgs_ws/install/s2_msgs/include/s2_msgs/s2_msgs/srv/detail/plugin_call__rosidl_typesupport_fastrtps_c.h\n'}
[1.190208] (s2_msgs) StdoutLine: {'line': b'-- Up-to-date symlink: /workspace/s2_msgs_ws/install/s2_msgs/include/s2_msgs/s2_msgs/msg/rosidl_typesupport_introspection_c__visibility_control.h\n'}
[1.190316] (s2_msgs) StdoutLine: {'line': b'-- Up-to-date symlink: /workspace/s2_msgs_ws/install/s2_msgs/include/s2_msgs/s2_msgs/srv/detail/plugin_call__rosidl_typesupport_introspection_c.h\n'}
[1.190619] (s2_msgs) StdoutLine: {'line': b'-- Up-to-date symlink: /workspace/s2_msgs_ws/install/s2_msgs/include/s2_msgs/s2_msgs/msg/rosidl_generator_cpp__visibility_control.hpp\n'}
[1.190717] (s2_msgs) StdoutLine: {'line': b'-- Up-to-date symlink: /workspace/s2_msgs_ws/install/s2_msgs/include/s2_msgs/s2_msgs/srv/detail/plugin_call__builder.hpp\n'}
[1.190810] (s2_msgs) StdoutLine: {'line': b'-- Up-to-date symlink: /workspace/s2_msgs_ws/install/s2_msgs/include/s2_msgs/s2_msgs/srv/detail/plugin_call__struct.hpp\n'}
[1.190904] (s2_msgs) StdoutLine: {'line': b'-- Up-to-date symlink: /workspace/s2_msgs_ws/install/s2_msgs/include/s2_msgs/s2_msgs/srv/detail/plugin_call__traits.hpp\n'}
[1.190994] (s2_msgs) StdoutLine: {'line': b'-- Up-to-date symlink: /workspace/s2_msgs_ws/install/s2_msgs/include/s2_msgs/s2_msgs/srv/detail/plugin_call__type_support.hpp\n'}
[1.191093] (s2_msgs) StdoutLine: {'line': b'-- Up-to-date symlink: /workspace/s2_msgs_ws/install/s2_msgs/include/s2_msgs/s2_msgs/srv/plugin_call.hpp\n'}
[1.191480] (s2_msgs) StdoutLine: {'line': b'-- Up-to-date symlink: /workspace/s2_msgs_ws/install/s2_msgs/include/s2_msgs/s2_msgs/msg/rosidl_typesupport_fastrtps_cpp__visibility_control.h\n'}
[1.191573] (s2_msgs) StdoutLine: {'line': b'-- Up-to-date symlink: /workspace/s2_msgs_ws/install/s2_msgs/include/s2_msgs/s2_msgs/srv/detail/plugin_call__rosidl_typesupport_fastrtps_cpp.hpp\n'}
[1.191840] (s2_msgs) StdoutLine: {'line': b'-- Up-to-date symlink: /workspace/s2_msgs_ws/install/s2_msgs/include/s2_msgs/s2_msgs/srv/detail/plugin_call__rosidl_typesupport_introspection_cpp.hpp\n'}
[1.191977] (s2_msgs) StdoutLine: {'line': b'-- Up-to-date symlink: /workspace/s2_msgs_ws/install/s2_msgs/share/s2_msgs/environment/pythonpath.sh\n'}
[1.192113] (s2_msgs) StdoutLine: {'line': b'-- Up-to-date symlink: /workspace/s2_msgs_ws/install/s2_msgs/share/s2_msgs/environment/pythonpath.dsv\n'}
[1.192428] (s2_msgs) StdoutLine: {'line': b'-- Up-to-date symlink: /workspace/s2_msgs_ws/install/s2_msgs/lib/python3.12/site-packages/s2_msgs-0.1.0-py3.12.egg-info/PKG-INFO\n'}
[1.192574] (s2_msgs) StdoutLine: {'line': b'-- Up-to-date symlink: /workspace/s2_msgs_ws/install/s2_msgs/lib/python3.12/site-packages/s2_msgs-0.1.0-py3.12.egg-info/SOURCES.txt\n'}
[1.192726] (s2_msgs) StdoutLine: {'line': b'-- Up-to-date symlink: /workspace/s2_msgs_ws/install/s2_msgs/lib/python3.12/site-packages/s2_msgs-0.1.0-py3.12.egg-info/dependency_links.txt\n'}
[1.192879] (s2_msgs) StdoutLine: {'line': b'-- Up-to-date symlink: /workspace/s2_msgs_ws/install/s2_msgs/lib/python3.12/site-packages/s2_msgs-0.1.0-py3.12.egg-info/top_level.txt\n'}
[1.193682] (s2_msgs) StdoutLine: {'line': b'-- Up-to-date symlink: /workspace/s2_msgs_ws/install/s2_msgs/lib/python3.12/site-packages/s2_msgs/__init__.py\n'}
[1.193834] (s2_msgs) StdoutLine: {'line': b'-- Up-to-date symlink: /workspace/s2_msgs_ws/install/s2_msgs/lib/python3.12/site-packages/s2_msgs/_s2_msgs_s.ep.rosidl_typesupport_c.c\n'}
[1.193990] (s2_msgs) StdoutLine: {'line': b'-- Up-to-date symlink: /workspace/s2_msgs_ws/install/s2_msgs/lib/python3.12/site-packages/s2_msgs/_s2_msgs_s.ep.rosidl_typesupport_fastrtps_c.c\n'}
[1.194148] (s2_msgs) StdoutLine: {'line': b'-- Up-to-date symlink: /workspace/s2_msgs_ws/install/s2_msgs/lib/python3.12/site-packages/s2_msgs/_s2_msgs_s.ep.rosidl_typesupport_introspection_c.c\n'}
[1.194286] (s2_msgs) StdoutLine: {'line': b'-- Up-to-date symlink: /workspace/s2_msgs_ws/install/s2_msgs/lib/python3.12/site-packages/s2_msgs/s2_msgs_s__rosidl_typesupport_c.so\n'}
[1.194388] (s2_msgs) StdoutLine: {'line': b'-- Up-to-date symlink: /workspace/s2_msgs_ws/install/s2_msgs/lib/python3.12/site-packages/s2_msgs/s2_msgs_s__rosidl_typesupport_fastrtps_c.so\n'}
[1.194485] (s2_msgs) StdoutLine: {'line': b'-- Up-to-date symlink: /workspace/s2_msgs_ws/install/s2_msgs/lib/python3.12/site-packages/s2_msgs/s2_msgs_s__rosidl_typesupport_introspection_c.so\n'}
[1.194581] (s2_msgs) StdoutLine: {'line': b'-- Up-to-date symlink: /workspace/s2_msgs_ws/install/s2_msgs/lib/python3.12/site-packages/s2_msgs/srv/__init__.py\n'}
[1.194670] (s2_msgs) StdoutLine: {'line': b'-- Up-to-date symlink: /workspace/s2_msgs_ws/install/s2_msgs/lib/python3.12/site-packages/s2_msgs/srv/_plugin_call.py\n'}
[1.194758] (s2_msgs) StdoutLine: {'line': b'-- Up-to-date symlink: /workspace/s2_msgs_ws/install/s2_msgs/lib/python3.12/site-packages/s2_msgs/srv/_plugin_call_s.c\n'}
[1.194922] (s2_msgs) StdoutLine: {'line': b'-- Up-to-date symlink: /workspace/s2_msgs_ws/install/s2_msgs/lib/python3.12/site-packages/s2_msgs/s2_msgs_s__rosidl_typesupport_fastrtps_c.so\n'}
[1.195290] (s2_msgs) StdoutLine: {'line': b'-- Up-to-date symlink: /workspace/s2_msgs_ws/install/s2_msgs/lib/python3.12/site-packages/s2_msgs/s2_msgs_s__rosidl_typesupport_introspection_c.so\n'}
[1.195507] (s2_msgs) StdoutLine: {'line': b'-- Up-to-date symlink: /workspace/s2_msgs_ws/install/s2_msgs/lib/python3.12/site-packages/s2_msgs/s2_msgs_s__rosidl_typesupport_c.so\n'}
[1.195650] (s2_msgs) StdoutLine: {'line': b'-- Up-to-date symlink: /workspace/s2_msgs_ws/install/s2_msgs/share/s2_msgs/srv/PluginCall.idl\n'}
[1.195776] (s2_msgs) StdoutLine: {'line': b'-- Up-to-date symlink: /workspace/s2_msgs_ws/install/s2_msgs/share/s2_msgs/srv/PluginCall.srv\n'}
[1.195970] (s2_msgs) StdoutLine: {'line': b'-- Up-to-date symlink: /workspace/s2_msgs_ws/install/s2_msgs/share/ament_index/resource_index/package_run_dependencies/s2_msgs\n'}
[1.196143] (s2_msgs) StdoutLine: {'line': b'-- Up-to-date symlink: /workspace/s2_msgs_ws/install/s2_msgs/share/ament_index/resource_index/parent_prefix_path/s2_msgs\n'}
[1.196319] (s2_msgs) StdoutLine: {'line': b'-- Up-to-date symlink: /workspace/s2_msgs_ws/install/s2_msgs/share/s2_msgs/environment/ament_prefix_path.sh\n'}
[1.196480] (s2_msgs) StdoutLine: {'line': b'-- Up-to-date symlink: /workspace/s2_msgs_ws/install/s2_msgs/share/s2_msgs/environment/ament_prefix_path.dsv\n'}
[1.196647] (s2_msgs) StdoutLine: {'line': b'-- Up-to-date symlink: /workspace/s2_msgs_ws/install/s2_msgs/share/s2_msgs/environment/path.sh\n'}
[1.196806] (s2_msgs) StdoutLine: {'line': b'-- Up-to-date symlink: /workspace/s2_msgs_ws/install/s2_msgs/share/s2_msgs/environment/path.dsv\n'}
[1.196971] (s2_msgs) StdoutLine: {'line': b'-- Up-to-date symlink: /workspace/s2_msgs_ws/install/s2_msgs/share/s2_msgs/local_setup.bash\n'}
[1.197128] (s2_msgs) StdoutLine: {'line': b'-- Up-to-date symlink: /workspace/s2_msgs_ws/install/s2_msgs/share/s2_msgs/local_setup.sh\n'}
[1.197284] (s2_msgs) StdoutLine: {'line': b'-- Up-to-date symlink: /workspace/s2_msgs_ws/install/s2_msgs/share/s2_msgs/local_setup.zsh\n'}
[1.197438] (s2_msgs) StdoutLine: {'line': b'-- Up-to-date symlink: /workspace/s2_msgs_ws/install/s2_msgs/share/s2_msgs/local_setup.dsv\n'}
[1.197565] (s2_msgs) StdoutLine: {'line': b'-- Symlinking: /workspace/s2_msgs_ws/install/s2_msgs/share/s2_msgs/package.dsv\n'}
[1.202215] (-) TimerEvent: {}
[1.204843] (s2_msgs) StdoutLine: {'line': b'-- Up-to-date symlink: /workspace/s2_msgs_ws/install/s2_msgs/share/ament_index/resource_index/packages/s2_msgs\n'}
[1.204998] (s2_msgs) StdoutLine: {'line': b'-- Up-to-date symlink: /workspace/s2_msgs_ws/install/s2_msgs/share/s2_msgs/cmake/rosidl_cmake-extras.cmake\n'}
[1.205173] (s2_msgs) StdoutLine: {'line': b'-- Up-to-date symlink: /workspace/s2_msgs_ws/install/s2_msgs/share/s2_msgs/cmake/ament_cmake_export_dependencies-extras.cmake\n'}
[1.205341] (s2_msgs) StdoutLine: {'line': b'-- Up-to-date symlink: /workspace/s2_msgs_ws/install/s2_msgs/share/s2_msgs/cmake/ament_cmake_export_include_directories-extras.cmake\n'}
[1.205509] (s2_msgs) StdoutLine: {'line': b'-- Up-to-date symlink: /workspace/s2_msgs_ws/install/s2_msgs/share/s2_msgs/cmake/ament_cmake_export_libraries-extras.cmake\n'}
[1.205674] (s2_msgs) StdoutLine: {'line': b'-- Up-to-date symlink: /workspace/s2_msgs_ws/install/s2_msgs/share/s2_msgs/cmake/ament_cmake_export_targets-extras.cmake\n'}
[1.205837] (s2_msgs) StdoutLine: {'line': b'-- Up-to-date symlink: /workspace/s2_msgs_ws/install/s2_msgs/share/s2_msgs/cmake/rosidl_cmake_export_typesupport_targets-extras.cmake\n'}
[1.205994] (s2_msgs) StdoutLine: {'line': b'-- Up-to-date symlink: /workspace/s2_msgs_ws/install/s2_msgs/share/s2_msgs/cmake/rosidl_cmake_export_typesupport_libraries-extras.cmake\n'}
[1.206168] (s2_msgs) StdoutLine: {'line': b'-- Up-to-date symlink: /workspace/s2_msgs_ws/install/s2_msgs/share/s2_msgs/cmake/s2_msgsConfig.cmake\n'}
[1.206290] (s2_msgs) StdoutLine: {'line': b'-- Up-to-date symlink: /workspace/s2_msgs_ws/install/s2_msgs/share/s2_msgs/cmake/s2_msgsConfig-version.cmake\n'}
[1.206445] (s2_msgs) StdoutLine: {'line': b'-- Up-to-date symlink: /workspace/s2_msgs_ws/install/s2_msgs/share/s2_msgs/package.xml\n'}
[1.206656] (s2_msgs) StdoutLine: {'line': b'-- Up-to-date: /workspace/s2_msgs_ws/install/s2_msgs/lib/libs2_msgs__rosidl_generator_c.so\n'}
[1.206914] (s2_msgs) StdoutLine: {'line': b'-- Up-to-date: /workspace/s2_msgs_ws/install/s2_msgs/lib/libs2_msgs__rosidl_typesupport_fastrtps_c.so\n'}
[1.207331] (s2_msgs) StdoutLine: {'line': b'-- Up-to-date: /workspace/s2_msgs_ws/install/s2_msgs/lib/libs2_msgs__rosidl_typesupport_introspection_c.so\n'}
[1.207560] (s2_msgs) StdoutLine: {'line': b'-- Up-to-date: /workspace/s2_msgs_ws/install/s2_msgs/lib/libs2_msgs__rosidl_typesupport_c.so\n'}
[1.207792] (s2_msgs) StdoutLine: {'line': b'-- Up-to-date: /workspace/s2_msgs_ws/install/s2_msgs/lib/libs2_msgs__rosidl_typesupport_fastrtps_cpp.so\n'}
[1.208040] (s2_msgs) StdoutLine: {'line': b'-- Up-to-date: /workspace/s2_msgs_ws/install/s2_msgs/lib/libs2_msgs__rosidl_typesupport_introspection_cpp.so\n'}
[1.208319] (s2_msgs) StdoutLine: {'line': b'-- Up-to-date: /workspace/s2_msgs_ws/install/s2_msgs/lib/libs2_msgs__rosidl_typesupport_cpp.so\n'}
[1.238500] (s2_msgs) StdoutLine: {'line': b"Listing '/workspace/s2_msgs_ws/install/s2_msgs/lib/python3.12/site-packages/s2_msgs'...\n"}
[1.238667] (s2_msgs) StdoutLine: {'line': b"Compiling '/workspace/s2_msgs_ws/install/s2_msgs/lib/python3.12/site-packages/s2_msgs/__init__.py'...\n"}
[1.238760] (s2_msgs) StdoutLine: {'line': b"Listing '/workspace/s2_msgs_ws/install/s2_msgs/lib/python3.12/site-packages/s2_msgs/srv'...\n"}
[1.243648] (s2_msgs) StdoutLine: {'line': b'-- Up-to-date: /workspace/s2_msgs_ws/install/s2_msgs/lib/libs2_msgs__rosidl_generator_py.so\n'}
[1.243882] (s2_msgs) StdoutLine: {'line': b'-- Up-to-date: /workspace/s2_msgs_ws/install/s2_msgs/share/s2_msgs/cmake/export_s2_msgs__rosidl_generator_cExport.cmake\n'}
[1.243950] (s2_msgs) StdoutLine: {'line': b'-- Up-to-date: /workspace/s2_msgs_ws/install/s2_msgs/share/s2_msgs/cmake/export_s2_msgs__rosidl_generator_cExport-noconfig.cmake\n'}
[1.244085] (s2_msgs) StdoutLine: {'line': b'-- Up-to-date: /workspace/s2_msgs_ws/install/s2_msgs/share/s2_msgs/cmake/export_s2_msgs__rosidl_typesupport_fastrtps_cExport.cmake\n'}
[1.244155] (s2_msgs) StdoutLine: {'line': b'-- Up-to-date: /workspace/s2_msgs_ws/install/s2_msgs/share/s2_msgs/cmake/export_s2_msgs__rosidl_typesupport_fastrtps_cExport-noconfig.cmake\n'}
[1.244320] (s2_msgs) StdoutLine: {'line': b'-- Up-to-date: /workspace/s2_msgs_ws/install/s2_msgs/share/s2_msgs/cmake/s2_msgs__rosidl_typesupport_introspection_cExport.cmake\n'}
[1.244383] (s2_msgs) StdoutLine: {'line': b'-- Up-to-date: /workspace/s2_msgs_ws/install/s2_msgs/share/s2_msgs/cmake/s2_msgs__rosidl_typesupport_introspection_cExport-noconfig.cmake\n'}
[1.244444] (s2_msgs) StdoutLine: {'line': b'-- Up-to-date: /workspace/s2_msgs_ws/install/s2_msgs/share/s2_msgs/cmake/s2_msgs__rosidl_typesupport_cExport.cmake\n'}
[1.244654] (s2_msgs) StdoutLine: {'line': b'-- Up-to-date: /workspace/s2_msgs_ws/install/s2_msgs/share/s2_msgs/cmake/s2_msgs__rosidl_typesupport_cExport-noconfig.cmake\n'}
[1.244713] (s2_msgs) StdoutLine: {'line': b'-- Up-to-date: /workspace/s2_msgs_ws/install/s2_msgs/share/s2_msgs/cmake/export_s2_msgs__rosidl_generator_cppExport.cmake\n'}
[1.244772] (s2_msgs) StdoutLine: {'line': b'-- Up-to-date: /workspace/s2_msgs_ws/install/s2_msgs/share/s2_msgs/cmake/export_s2_msgs__rosidl_typesupport_fastrtps_cppExport.cmake\n'}
[1.244832] (s2_msgs) StdoutLine: {'line': b'-- Up-to-date: /workspace/s2_msgs_ws/install/s2_msgs/share/s2_msgs/cmake/export_s2_msgs__rosidl_typesupport_fastrtps_cppExport-noconfig.cmake\n'}
[1.244963] (s2_msgs) StdoutLine: {'line': b'-- Up-to-date: /workspace/s2_msgs_ws/install/s2_msgs/share/s2_msgs/cmake/s2_msgs__rosidl_typesupport_introspection_cppExport.cmake\n'}
[1.245025] (s2_msgs) StdoutLine: {'line': b'-- Up-to-date: /workspace/s2_msgs_ws/install/s2_msgs/share/s2_msgs/cmake/s2_msgs__rosidl_typesupport_introspection_cppExport-noconfig.cmake\n'}
[1.245149] (s2_msgs) StdoutLine: {'line': b'-- Up-to-date: /workspace/s2_msgs_ws/install/s2_msgs/share/s2_msgs/cmake/s2_msgs__rosidl_typesupport_cppExport.cmake\n'}
[1.245208] (s2_msgs) StdoutLine: {'line': b'-- Up-to-date: /workspace/s2_msgs_ws/install/s2_msgs/share/s2_msgs/cmake/s2_msgs__rosidl_typesupport_cppExport-noconfig.cmake\n'}
[1.245264] (s2_msgs) StdoutLine: {'line': b'-- Up-to-date: /workspace/s2_msgs_ws/install/s2_msgs/share/s2_msgs/cmake/export_s2_msgs__rosidl_generator_pyExport.cmake\n'}
[1.245320] (s2_msgs) StdoutLine: {'line': b'-- Up-to-date: /workspace/s2_msgs_ws/install/s2_msgs/share/s2_msgs/cmake/export_s2_msgs__rosidl_generator_pyExport-noconfig.cmake\n'}
[1.246425] (s2_msgs) CommandEnded: {'returncode': 0}
[1.267487] (s2_msgs) JobEnded: {'identifier': 's2_msgs', 'rc': 0}
[1.267971] (-) EventReactorShutdown: {}
