-- The C compiler identification is GNU 13.3.0
-- The CXX compiler identification is GNU 13.3.0
-- Detecting C compiler ABI info
-- Detecting C compiler ABI info - done
-- Check for working C compiler: /usr/bin/cc - skipped
-- Detecting C compile features
-- Detecting C compile features - done
-- Detecting CXX compiler ABI info
-- Detecting CXX compiler ABI info - done
-- Check for working CXX compiler: /usr/bin/c++ - skipped
-- Detecting CXX compile features
-- Detecting CXX compile features - done
-- Found ament_cmake: 2.5.5 (/opt/ros/jazzy/share/ament_cmake/cmake)
-- Found Python3: /usr/bin/python3 (found version "3.12.3") found components: Interpreter 
-- Override CMake install command with custom implementation using symlinks instead of copying resources
-- Found rosidl_default_generators: 1.6.0 (/opt/ros/jazzy/share/rosidl_default_generators/cmake)
-- Using all available rosidl_typesupport_c: rosidl_typesupport_fastrtps_c;rosidl_typesupport_introspection_c
-- Using all available rosidl_typesupport_cpp: rosidl_typesupport_fastrtps_cpp;rosidl_typesupport_introspection_cpp
-- Found rosidl_adapter: 4.6.7 (/opt/ros/jazzy/share/rosidl_adapter/cmake)
-- Found ament_cmake_ros: 0.12.0 (/opt/ros/jazzy/share/ament_cmake_ros/cmake)
-- Using all available rosidl_typesupport_c: rosidl_typesupport_fastrtps_c;rosidl_typesupport_introspection_c
-- Using all available rosidl_typesupport_cpp: rosidl_typesupport_fastrtps_cpp;rosidl_typesupport_introspection_cpp
-- Found python_cmake_module: 0.11.1 (/opt/ros/jazzy/share/python_cmake_module/cmake)
-- Found PythonExtra: /usr/bin/python3  
-- Found Python3: /usr/bin/python3 (found version "3.12.3") found components: Interpreter Development NumPy Development.Module Development.Embed 
-- Configuring done (3.3s)
-- Generating done (0.0s)
-- Build files have been written to: /workspace/s2_msgs_ws/build/s2_msgs
[  2%] Generating type hashes for ROS interfaces
[  2%] Built target s2_msgs__rosidl_generator_type_description
[  2%] Built target ament_cmake_python_symlink_s2_msgs
[  5%] Generating C++ code for ROS interfaces
[  5%] Built target s2_msgs__cpp
running egg_info
creating s2_msgs.egg-info
writing s2_msgs.egg-info/PKG-INFO
writing dependency_links to s2_msgs.egg-info/dependency_links.txt
writing top-level names to s2_msgs.egg-info/top_level.txt
writing manifest file 's2_msgs.egg-info/SOURCES.txt'
reading manifest file 's2_msgs.egg-info/SOURCES.txt'
writing manifest file 's2_msgs.egg-info/SOURCES.txt'
[  5%] Built target ament_cmake_python_build_s2_msgs_egg
[  8%] Generating C code for ROS interfaces
[ 11%] Building C object CMakeFiles/s2_msgs__rosidl_generator_c.dir/rosidl_generator_c/s2_msgs/srv/detail/plugin_call__description.c.o
[ 14%] Building C object CMakeFiles/s2_msgs__rosidl_generator_c.dir/rosidl_generator_c/s2_msgs/srv/detail/plugin_call__type_support.c.o
[ 17%] Building C object CMakeFiles/s2_msgs__rosidl_generator_c.dir/rosidl_generator_c/s2_msgs/srv/detail/plugin_call__functions.c.o
[ 20%] Linking C shared library libs2_msgs__rosidl_generator_c.so
[ 20%] Built target s2_msgs__rosidl_generator_c
[ 23%] Generating C++ type support dispatch for ROS interfaces
[ 26%] Building CXX object CMakeFiles/s2_msgs__rosidl_typesupport_cpp.dir/rosidl_typesupport_cpp/s2_msgs/srv/plugin_call__type_support.cpp.o
[ 29%] Linking CXX shared library libs2_msgs__rosidl_typesupport_cpp.so
[ 29%] Built target s2_msgs__rosidl_typesupport_cpp
[ 32%] Generating C++ introspection for ROS interfaces
[ 35%] Building CXX object CMakeFiles/s2_msgs__rosidl_typesupport_introspection_cpp.dir/rosidl_typesupport_introspection_cpp/s2_msgs/srv/detail/plugin_call__type_support.cpp.o
[ 38%] Linking CXX shared library libs2_msgs__rosidl_typesupport_introspection_cpp.so
[ 38%] Built target s2_msgs__rosidl_typesupport_introspection_cpp
[ 41%] Generating C type support dispatch for ROS interfaces
[ 44%] Building CXX object CMakeFiles/s2_msgs__rosidl_typesupport_c.dir/rosidl_typesupport_c/s2_msgs/srv/plugin_call__type_support.cpp.o
[ 47%] Linking CXX shared library libs2_msgs__rosidl_typesupport_c.so
[ 47%] Built target s2_msgs__rosidl_typesupport_c
[ 50%] Generating C introspection for ROS interfaces
[ 52%] Building C object CMakeFiles/s2_msgs__rosidl_typesupport_introspection_c.dir/rosidl_typesupport_introspection_c/s2_msgs/srv/detail/plugin_call__type_support.c.o
[ 55%] Linking C shared library libs2_msgs__rosidl_typesupport_introspection_c.so
[ 55%] Built target s2_msgs__rosidl_typesupport_introspection_c
[ 58%] Generating C type support for eProsima Fast-RTPS
[ 61%] Building CXX object CMakeFiles/s2_msgs__rosidl_typesupport_fastrtps_c.dir/rosidl_typesupport_fastrtps_c/s2_msgs/srv/detail/plugin_call__type_support_c.cpp.o
[ 64%] Linking CXX shared library libs2_msgs__rosidl_typesupport_fastrtps_c.so
[ 64%] Built target s2_msgs__rosidl_typesupport_fastrtps_c
[ 67%] Generating C++ type support for eProsima Fast-RTPS
[ 70%] Building CXX object CMakeFiles/s2_msgs__rosidl_typesupport_fastrtps_cpp.dir/rosidl_typesupport_fastrtps_cpp/s2_msgs/srv/detail/dds_fastrtps/plugin_call__type_support.cpp.o
[ 73%] Linking CXX shared library libs2_msgs__rosidl_typesupport_fastrtps_cpp.so
[ 73%] Built target s2_msgs__rosidl_typesupport_fastrtps_cpp
[ 73%] Built target s2_msgs
[ 76%] Generating Python code for ROS interfaces
[ 76%] Built target s2_msgs__py
[ 79%] Building C object CMakeFiles/s2_msgs__rosidl_generator_py.dir/rosidl_generator_py/s2_msgs/srv/_plugin_call_s.c.o
[ 82%] Linking C shared library libs2_msgs__rosidl_generator_py.so
[ 82%] Built target s2_msgs__rosidl_generator_py
[ 85%] Building C object CMakeFiles/s2_msgs_s__rosidl_typesupport_fastrtps_c.dir/rosidl_generator_py/s2_msgs/_s2_msgs_s.ep.rosidl_typesupport_fastrtps_c.c.o
[ 88%] Linking C shared module rosidl_generator_py/s2_msgs/s2_msgs_s__rosidl_typesupport_fastrtps_c.so
[ 88%] Built target s2_msgs_s__rosidl_typesupport_fastrtps_c
[ 91%] Building C object CMakeFiles/s2_msgs_s__rosidl_typesupport_c.dir/rosidl_generator_py/s2_msgs/_s2_msgs_s.ep.rosidl_typesupport_c.c.o
[ 94%] Linking C shared module rosidl_generator_py/s2_msgs/s2_msgs_s__rosidl_typesupport_c.so
[ 94%] Built target s2_msgs_s__rosidl_typesupport_c
[ 97%] Building C object CMakeFiles/s2_msgs_s__rosidl_typesupport_introspection_c.dir/rosidl_generator_py/s2_msgs/_s2_msgs_s.ep.rosidl_typesupport_introspection_c.c.o
[100%] Linking C shared module rosidl_generator_py/s2_msgs/s2_msgs_s__rosidl_typesupport_introspection_c.so
[100%] Built target s2_msgs_s__rosidl_typesupport_introspection_c
-- Install configuration: ""
-- Execute custom install script
-- Symlinking: /workspace/s2_msgs_ws/install/s2_msgs/share/ament_index/resource_index/rosidl_interfaces/s2_msgs
-- Symlinking: /workspace/s2_msgs_ws/install/s2_msgs/share/s2_msgs/srv/PluginCall.json
-- Symlinking: /workspace/s2_msgs_ws/install/s2_msgs/include/s2_msgs/s2_msgs/msg/rosidl_generator_c__visibility_control.h
-- Symlinking: /workspace/s2_msgs_ws/install/s2_msgs/include/s2_msgs/s2_msgs/srv/detail/plugin_call__functions.h
-- Symlinking: /workspace/s2_msgs_ws/install/s2_msgs/include/s2_msgs/s2_msgs/srv/detail/plugin_call__struct.h
-- Symlinking: /workspace/s2_msgs_ws/install/s2_msgs/include/s2_msgs/s2_msgs/srv/detail/plugin_call__type_support.h
-- Symlinking: /workspace/s2_msgs_ws/install/s2_msgs/include/s2_msgs/s2_msgs/srv/plugin_call.h
-- Symlinking: /workspace/s2_msgs_ws/install/s2_msgs/share/s2_msgs/environment/library_path.sh
-- Symlinking: /workspace/s2_msgs_ws/install/s2_msgs/share/s2_msgs/environment/library_path.dsv
-- Symlinking: /workspace/s2_msgs_ws/install/s2_msgs/include/s2_msgs/s2_msgs/msg/rosidl_typesupport_fastrtps_c__visibility_control.h
-- Symlinking: /workspace/s2_msgs_ws/install/s2_msgs/include/s2_msgs/s2_msgs/srv/detail/plugin_call__rosidl_typesupport_fastrtps_c.h
-- Symlinking: /workspace/s2_msgs_ws/install/s2_msgs/include/s2_msgs/s2_msgs/msg/rosidl_typesupport_introspection_c__visibility_control.h
-- Symlinking: /workspace/s2_msgs_ws/install/s2_msgs/include/s2_msgs/s2_msgs/srv/detail/plugin_call__rosidl_typesupport_introspection_c.h
-- Symlinking: /workspace/s2_msgs_ws/install/s2_msgs/include/s2_msgs/s2_msgs/msg/rosidl_generator_cpp__visibility_control.hpp
-- Symlinking: /workspace/s2_msgs_ws/install/s2_msgs/include/s2_msgs/s2_msgs/srv/detail/plugin_call__builder.hpp
-- Symlinking: /workspace/s2_msgs_ws/install/s2_msgs/include/s2_msgs/s2_msgs/srv/detail/plugin_call__struct.hpp
-- Symlinking: /workspace/s2_msgs_ws/install/s2_msgs/include/s2_msgs/s2_msgs/srv/detail/plugin_call__traits.hpp
-- Symlinking: /workspace/s2_msgs_ws/install/s2_msgs/include/s2_msgs/s2_msgs/srv/detail/plugin_call__type_support.hpp
-- Symlinking: /workspace/s2_msgs_ws/install/s2_msgs/include/s2_msgs/s2_msgs/srv/plugin_call.hpp
-- Symlinking: /workspace/s2_msgs_ws/install/s2_msgs/include/s2_msgs/s2_msgs/msg/rosidl_typesupport_fastrtps_cpp__visibility_control.h
-- Symlinking: /workspace/s2_msgs_ws/install/s2_msgs/include/s2_msgs/s2_msgs/srv/detail/plugin_call__rosidl_typesupport_fastrtps_cpp.hpp
-- Symlinking: /workspace/s2_msgs_ws/install/s2_msgs/include/s2_msgs/s2_msgs/srv/detail/plugin_call__rosidl_typesupport_introspection_cpp.hpp
-- Symlinking: /workspace/s2_msgs_ws/install/s2_msgs/share/s2_msgs/environment/pythonpath.sh
-- Symlinking: /workspace/s2_msgs_ws/install/s2_msgs/share/s2_msgs/environment/pythonpath.dsv
-- Symlinking: /workspace/s2_msgs_ws/install/s2_msgs/lib/python3.12/site-packages/s2_msgs-0.1.0-py3.12.egg-info/PKG-INFO
-- Symlinking: /workspace/s2_msgs_ws/install/s2_msgs/lib/python3.12/site-packages/s2_msgs-0.1.0-py3.12.egg-info/SOURCES.txt
-- Symlinking: /workspace/s2_msgs_ws/install/s2_msgs/lib/python3.12/site-packages/s2_msgs-0.1.0-py3.12.egg-info/dependency_links.txt
-- Symlinking: /workspace/s2_msgs_ws/install/s2_msgs/lib/python3.12/site-packages/s2_msgs-0.1.0-py3.12.egg-info/top_level.txt
-- Symlinking: /workspace/s2_msgs_ws/install/s2_msgs/lib/python3.12/site-packages/s2_msgs/__init__.py
-- Symlinking: /workspace/s2_msgs_ws/install/s2_msgs/lib/python3.12/site-packages/s2_msgs/_s2_msgs_s.ep.rosidl_typesupport_c.c
-- Symlinking: /workspace/s2_msgs_ws/install/s2_msgs/lib/python3.12/site-packages/s2_msgs/_s2_msgs_s.ep.rosidl_typesupport_fastrtps_c.c
-- Symlinking: /workspace/s2_msgs_ws/install/s2_msgs/lib/python3.12/site-packages/s2_msgs/_s2_msgs_s.ep.rosidl_typesupport_introspection_c.c
-- Symlinking: /workspace/s2_msgs_ws/install/s2_msgs/lib/python3.12/site-packages/s2_msgs/s2_msgs_s__rosidl_typesupport_c.so
-- Symlinking: /workspace/s2_msgs_ws/install/s2_msgs/lib/python3.12/site-packages/s2_msgs/s2_msgs_s__rosidl_typesupport_fastrtps_c.so
-- Symlinking: /workspace/s2_msgs_ws/install/s2_msgs/lib/python3.12/site-packages/s2_msgs/s2_msgs_s__rosidl_typesupport_introspection_c.so
-- Symlinking: /workspace/s2_msgs_ws/install/s2_msgs/lib/python3.12/site-packages/s2_msgs/srv/__init__.py
-- Symlinking: /workspace/s2_msgs_ws/install/s2_msgs/lib/python3.12/site-packages/s2_msgs/srv/_plugin_call.py
-- Symlinking: /workspace/s2_msgs_ws/install/s2_msgs/lib/python3.12/site-packages/s2_msgs/srv/_plugin_call_s.c
-- Up-to-date symlink: /workspace/s2_msgs_ws/install/s2_msgs/lib/python3.12/site-packages/s2_msgs/s2_msgs_s__rosidl_typesupport_fastrtps_c.so
-- Up-to-date symlink: /workspace/s2_msgs_ws/install/s2_msgs/lib/python3.12/site-packages/s2_msgs/s2_msgs_s__rosidl_typesupport_introspection_c.so
-- Up-to-date symlink: /workspace/s2_msgs_ws/install/s2_msgs/lib/python3.12/site-packages/s2_msgs/s2_msgs_s__rosidl_typesupport_c.so
-- Symlinking: /workspace/s2_msgs_ws/install/s2_msgs/share/s2_msgs/srv/PluginCall.idl
-- Symlinking: /workspace/s2_msgs_ws/install/s2_msgs/share/s2_msgs/srv/PluginCall.srv
-- Symlinking: /workspace/s2_msgs_ws/install/s2_msgs/share/ament_index/resource_index/package_run_dependencies/s2_msgs
-- Symlinking: /workspace/s2_msgs_ws/install/s2_msgs/share/ament_index/resource_index/parent_prefix_path/s2_msgs
-- Symlinking: /workspace/s2_msgs_ws/install/s2_msgs/share/s2_msgs/environment/ament_prefix_path.sh
-- Symlinking: /workspace/s2_msgs_ws/install/s2_msgs/share/s2_msgs/environment/ament_prefix_path.dsv
-- Symlinking: /workspace/s2_msgs_ws/install/s2_msgs/share/s2_msgs/environment/path.sh
-- Symlinking: /workspace/s2_msgs_ws/install/s2_msgs/share/s2_msgs/environment/path.dsv
-- Symlinking: /workspace/s2_msgs_ws/install/s2_msgs/share/s2_msgs/local_setup.bash
-- Symlinking: /workspace/s2_msgs_ws/install/s2_msgs/share/s2_msgs/local_setup.sh
-- Symlinking: /workspace/s2_msgs_ws/install/s2_msgs/share/s2_msgs/local_setup.zsh
-- Symlinking: /workspace/s2_msgs_ws/install/s2_msgs/share/s2_msgs/local_setup.dsv
-- Symlinking: /workspace/s2_msgs_ws/install/s2_msgs/share/s2_msgs/package.dsv
-- Symlinking: /workspace/s2_msgs_ws/install/s2_msgs/share/ament_index/resource_index/packages/s2_msgs
-- Symlinking: /workspace/s2_msgs_ws/install/s2_msgs/share/s2_msgs/cmake/rosidl_cmake-extras.cmake
-- Symlinking: /workspace/s2_msgs_ws/install/s2_msgs/share/s2_msgs/cmake/ament_cmake_export_dependencies-extras.cmake
-- Symlinking: /workspace/s2_msgs_ws/install/s2_msgs/share/s2_msgs/cmake/ament_cmake_export_include_directories-extras.cmake
-- Symlinking: /workspace/s2_msgs_ws/install/s2_msgs/share/s2_msgs/cmake/ament_cmake_export_libraries-extras.cmake
-- Symlinking: /workspace/s2_msgs_ws/install/s2_msgs/share/s2_msgs/cmake/ament_cmake_export_targets-extras.cmake
-- Symlinking: /workspace/s2_msgs_ws/install/s2_msgs/share/s2_msgs/cmake/rosidl_cmake_export_typesupport_targets-extras.cmake
-- Symlinking: /workspace/s2_msgs_ws/install/s2_msgs/share/s2_msgs/cmake/rosidl_cmake_export_typesupport_libraries-extras.cmake
-- Symlinking: /workspace/s2_msgs_ws/install/s2_msgs/share/s2_msgs/cmake/s2_msgsConfig.cmake
-- Symlinking: /workspace/s2_msgs_ws/install/s2_msgs/share/s2_msgs/cmake/s2_msgsConfig-version.cmake
-- Symlinking: /workspace/s2_msgs_ws/install/s2_msgs/share/s2_msgs/package.xml
-- Installing: /workspace/s2_msgs_ws/install/s2_msgs/lib/libs2_msgs__rosidl_generator_c.so
-- Set non-toolchain portion of runtime path of "/workspace/s2_msgs_ws/install/s2_msgs/lib/libs2_msgs__rosidl_generator_c.so" to ""
-- Installing: /workspace/s2_msgs_ws/install/s2_msgs/lib/libs2_msgs__rosidl_typesupport_fastrtps_c.so
-- Set non-toolchain portion of runtime path of "/workspace/s2_msgs_ws/install/s2_msgs/lib/libs2_msgs__rosidl_typesupport_fastrtps_c.so" to ""
-- Installing: /workspace/s2_msgs_ws/install/s2_msgs/lib/libs2_msgs__rosidl_typesupport_introspection_c.so
-- Set non-toolchain portion of runtime path of "/workspace/s2_msgs_ws/install/s2_msgs/lib/libs2_msgs__rosidl_typesupport_introspection_c.so" to ""
-- Installing: /workspace/s2_msgs_ws/install/s2_msgs/lib/libs2_msgs__rosidl_typesupport_c.so
-- Set non-toolchain portion of runtime path of "/workspace/s2_msgs_ws/install/s2_msgs/lib/libs2_msgs__rosidl_typesupport_c.so" to ""
-- Installing: /workspace/s2_msgs_ws/install/s2_msgs/lib/libs2_msgs__rosidl_typesupport_fastrtps_cpp.so
-- Set non-toolchain portion of runtime path of "/workspace/s2_msgs_ws/install/s2_msgs/lib/libs2_msgs__rosidl_typesupport_fastrtps_cpp.so" to ""
-- Installing: /workspace/s2_msgs_ws/install/s2_msgs/lib/libs2_msgs__rosidl_typesupport_introspection_cpp.so
-- Set non-toolchain portion of runtime path of "/workspace/s2_msgs_ws/install/s2_msgs/lib/libs2_msgs__rosidl_typesupport_introspection_cpp.so" to ""
-- Installing: /workspace/s2_msgs_ws/install/s2_msgs/lib/libs2_msgs__rosidl_typesupport_cpp.so
-- Set non-toolchain portion of runtime path of "/workspace/s2_msgs_ws/install/s2_msgs/lib/libs2_msgs__rosidl_typesupport_cpp.so" to ""
Listing '/workspace/s2_msgs_ws/install/s2_msgs/lib/python3.12/site-packages/s2_msgs'...
Compiling '/workspace/s2_msgs_ws/install/s2_msgs/lib/python3.12/site-packages/s2_msgs/__init__.py'...
Listing '/workspace/s2_msgs_ws/install/s2_msgs/lib/python3.12/site-packages/s2_msgs/srv'...
Compiling '/workspace/s2_msgs_ws/install/s2_msgs/lib/python3.12/site-packages/s2_msgs/srv/__init__.py'...
Compiling '/workspace/s2_msgs_ws/install/s2_msgs/lib/python3.12/site-packages/s2_msgs/srv/_plugin_call.py'...
-- Installing: /workspace/s2_msgs_ws/install/s2_msgs/lib/libs2_msgs__rosidl_generator_py.so
-- Set non-toolchain portion of runtime path of "/workspace/s2_msgs_ws/install/s2_msgs/lib/libs2_msgs__rosidl_generator_py.so" to ""
-- Installing: /workspace/s2_msgs_ws/install/s2_msgs/share/s2_msgs/cmake/export_s2_msgs__rosidl_generator_cExport.cmake
-- Installing: /workspace/s2_msgs_ws/install/s2_msgs/share/s2_msgs/cmake/export_s2_msgs__rosidl_generator_cExport-noconfig.cmake
-- Installing: /workspace/s2_msgs_ws/install/s2_msgs/share/s2_msgs/cmake/export_s2_msgs__rosidl_typesupport_fastrtps_cExport.cmake
-- Installing: /workspace/s2_msgs_ws/install/s2_msgs/share/s2_msgs/cmake/export_s2_msgs__rosidl_typesupport_fastrtps_cExport-noconfig.cmake
-- Installing: /workspace/s2_msgs_ws/install/s2_msgs/share/s2_msgs/cmake/s2_msgs__rosidl_typesupport_introspection_cExport.cmake
-- Installing: /workspace/s2_msgs_ws/install/s2_msgs/share/s2_msgs/cmake/s2_msgs__rosidl_typesupport_introspection_cExport-noconfig.cmake
-- Installing: /workspace/s2_msgs_ws/install/s2_msgs/share/s2_msgs/cmake/s2_msgs__rosidl_typesupport_cExport.cmake
-- Installing: /workspace/s2_msgs_ws/install/s2_msgs/share/s2_msgs/cmake/s2_msgs__rosidl_typesupport_cExport-noconfig.cmake
-- Installing: /workspace/s2_msgs_ws/install/s2_msgs/share/s2_msgs/cmake/export_s2_msgs__rosidl_generator_cppExport.cmake
-- Installing: /workspace/s2_msgs_ws/install/s2_msgs/share/s2_msgs/cmake/export_s2_msgs__rosidl_typesupport_fastrtps_cppExport.cmake
-- Installing: /workspace/s2_msgs_ws/install/s2_msgs/share/s2_msgs/cmake/export_s2_msgs__rosidl_typesupport_fastrtps_cppExport-noconfig.cmake
-- Installing: /workspace/s2_msgs_ws/install/s2_msgs/share/s2_msgs/cmake/s2_msgs__rosidl_typesupport_introspection_cppExport.cmake
-- Installing: /workspace/s2_msgs_ws/install/s2_msgs/share/s2_msgs/cmake/s2_msgs__rosidl_typesupport_introspection_cppExport-noconfig.cmake
-- Installing: /workspace/s2_msgs_ws/install/s2_msgs/share/s2_msgs/cmake/s2_msgs__rosidl_typesupport_cppExport.cmake
-- Installing: /workspace/s2_msgs_ws/install/s2_msgs/share/s2_msgs/cmake/s2_msgs__rosidl_typesupport_cppExport-noconfig.cmake
-- Installing: /workspace/s2_msgs_ws/install/s2_msgs/share/s2_msgs/cmake/export_s2_msgs__rosidl_generator_pyExport.cmake
-- Installing: /workspace/s2_msgs_ws/install/s2_msgs/share/s2_msgs/cmake/export_s2_msgs__rosidl_generator_pyExport-noconfig.cmake
