[0.010s] Invoking command in '/workspace/s2_msgs_ws/build/s2_msgs': CMAKE_PREFIX_PATH=${CMAKE_PREFIX_PATH}:/opt/ros/jazzy /usr/bin/cmake /workspace/s2_msgs_ws/src/s2_msgs -DAMENT_CMAKE_SYMLINK_INSTALL=1 -DCMAKE_INSTALL_PREFIX=/workspace/s2_msgs_ws/install/s2_msgs
[0.159s] -- The C compiler identification is GNU 13.3.0
[0.226s] -- The CXX compiler identification is GNU 13.3.0
[0.243s] -- Detecting C compiler ABI info
[0.340s] -- Detecting C compiler ABI info - done
[0.351s] -- Check for working C compiler: /usr/bin/cc - skipped
[0.352s] -- Detecting C compile features
[0.353s] -- Detecting C compile features - done
[0.365s] -- Detecting CXX compiler ABI info
[0.469s] -- Detecting CXX compiler ABI info - done
[0.479s] -- Check for working CXX compiler: /usr/bin/c++ - skipped
[0.479s] -- Detecting CXX compile features
[0.480s] -- Detecting CXX compile features - done
[0.482s] -- Found ament_cmake: 2.5.5 (/opt/ros/jazzy/share/ament_cmake/cmake)
[0.609s] -- Found Python3: /usr/bin/python3 (found version "3.12.3") found components: Interpreter 
[0.689s] -- Override CMake install command with custom implementation using symlinks instead of copying resources
[0.776s] -- Found rosidl_default_generators: 1.6.0 (/opt/ros/jazzy/share/rosidl_default_generators/cmake)
[0.781s] -- Using all available rosidl_typesupport_c: rosidl_typesupport_fastrtps_c;rosidl_typesupport_introspection_c
[0.866s] -- Using all available rosidl_typesupport_cpp: rosidl_typesupport_fastrtps_cpp;rosidl_typesupport_introspection_cpp
[0.913s] -- Found rosidl_adapter: 4.6.7 (/opt/ros/jazzy/share/rosidl_adapter/cmake)
[1.782s] -- Found ament_cmake_ros: 0.12.0 (/opt/ros/jazzy/share/ament_cmake_ros/cmake)
[2.167s] -- Using all available rosidl_typesupport_c: rosidl_typesupport_fastrtps_c;rosidl_typesupport_introspection_c
[2.675s] -- Using all available rosidl_typesupport_cpp: rosidl_typesupport_fastrtps_cpp;rosidl_typesupport_introspection_cpp
[2.677s] -- Found python_cmake_module: 0.11.1 (/opt/ros/jazzy/share/python_cmake_module/cmake)
[2.801s] -- Found PythonExtra: /usr/bin/python3  
[3.273s] -- Found Python3: /usr/bin/python3 (found version "3.12.3") found components: Interpreter Development NumPy Development.Module Development.Embed 
[3.323s] -- Configuring done (3.3s)
[3.366s] -- Generating done (0.0s)
[3.383s] -- Build files have been written to: /workspace/s2_msgs_ws/build/s2_msgs
[3.390s] Invoked command in '/workspace/s2_msgs_ws/build/s2_msgs' returned '0': CMAKE_PREFIX_PATH=${CMAKE_PREFIX_PATH}:/opt/ros/jazzy /usr/bin/cmake /workspace/s2_msgs_ws/src/s2_msgs -DAMENT_CMAKE_SYMLINK_INSTALL=1 -DCMAKE_INSTALL_PREFIX=/workspace/s2_msgs_ws/install/s2_msgs
[3.392s] Invoking command in '/workspace/s2_msgs_ws/build/s2_msgs': CMAKE_PREFIX_PATH=${CMAKE_PREFIX_PATH}:/opt/ros/jazzy /usr/bin/cmake --build /workspace/s2_msgs_ws/build/s2_msgs -- -j12 -l12
[3.443s] [  2%] Generating type hashes for ROS interfaces
[3.693s] [  2%] Built target s2_msgs__rosidl_generator_type_description
[3.723s] [  2%] Built target ament_cmake_python_symlink_s2_msgs
[3.746s] [  5%] Generating C++ code for ROS interfaces
[4.160s] [  5%] Built target s2_msgs__cpp
[4.379s] running egg_info
[4.381s] creating s2_msgs.egg-info
[4.398s] writing s2_msgs.egg-info/PKG-INFO
[4.398s] writing dependency_links to s2_msgs.egg-info/dependency_links.txt
[4.399s] writing top-level names to s2_msgs.egg-info/top_level.txt
[4.399s] writing manifest file 's2_msgs.egg-info/SOURCES.txt'
[4.451s] reading manifest file 's2_msgs.egg-info/SOURCES.txt'
[4.452s] writing manifest file 's2_msgs.egg-info/SOURCES.txt'
[4.489s] [  5%] Built target ament_cmake_python_build_s2_msgs_egg
[4.499s] [  8%] Generating C code for ROS interfaces
[4.904s] [ 11%] Building C object CMakeFiles/s2_msgs__rosidl_generator_c.dir/rosidl_generator_c/s2_msgs/srv/detail/plugin_call__description.c.o
[4.965s] [ 14%] Building C object CMakeFiles/s2_msgs__rosidl_generator_c.dir/rosidl_generator_c/s2_msgs/srv/detail/plugin_call__type_support.c.o
[5.011s] [ 17%] Building C object CMakeFiles/s2_msgs__rosidl_generator_c.dir/rosidl_generator_c/s2_msgs/srv/detail/plugin_call__functions.c.o
[5.098s] [ 20%] Linking C shared library libs2_msgs__rosidl_generator_c.so
[5.141s] [ 20%] Built target s2_msgs__rosidl_generator_c
[5.151s] [ 23%] Generating C++ type support dispatch for ROS interfaces
[5.488s] [ 26%] Building CXX object CMakeFiles/s2_msgs__rosidl_typesupport_cpp.dir/rosidl_typesupport_cpp/s2_msgs/srv/plugin_call__type_support.cpp.o
[5.920s] [ 29%] Linking CXX shared library libs2_msgs__rosidl_typesupport_cpp.so
[6.003s] [ 29%] Built target s2_msgs__rosidl_typesupport_cpp
[6.014s] [ 32%] Generating C++ introspection for ROS interfaces
[6.412s] [ 35%] Building CXX object CMakeFiles/s2_msgs__rosidl_typesupport_introspection_cpp.dir/rosidl_typesupport_introspection_cpp/s2_msgs/srv/detail/plugin_call__type_support.cpp.o
[6.903s] [ 38%] Linking CXX shared library libs2_msgs__rosidl_typesupport_introspection_cpp.so
[6.994s] [ 38%] Built target s2_msgs__rosidl_typesupport_introspection_cpp
[7.004s] [ 41%] Generating C type support dispatch for ROS interfaces
[7.335s] [ 44%] Building CXX object CMakeFiles/s2_msgs__rosidl_typesupport_c.dir/rosidl_typesupport_c/s2_msgs/srv/plugin_call__type_support.cpp.o
[7.387s] [ 47%] Linking CXX shared library libs2_msgs__rosidl_typesupport_c.so
[7.431s] [ 47%] Built target s2_msgs__rosidl_typesupport_c
[7.441s] [ 50%] Generating C introspection for ROS interfaces
[7.819s] [ 52%] Building C object CMakeFiles/s2_msgs__rosidl_typesupport_introspection_c.dir/rosidl_typesupport_introspection_c/s2_msgs/srv/detail/plugin_call__type_support.c.o
[7.868s] [ 55%] Linking C shared library libs2_msgs__rosidl_typesupport_introspection_c.so
[7.899s] [ 55%] Built target s2_msgs__rosidl_typesupport_introspection_c
[7.909s] [ 58%] Generating C type support for eProsima Fast-RTPS
[8.329s] [ 61%] Building CXX object CMakeFiles/s2_msgs__rosidl_typesupport_fastrtps_c.dir/rosidl_typesupport_fastrtps_c/s2_msgs/srv/detail/plugin_call__type_support_c.cpp.o
[8.939s] [ 64%] Linking CXX shared library libs2_msgs__rosidl_typesupport_fastrtps_c.so
[9.028s] [ 64%] Built target s2_msgs__rosidl_typesupport_fastrtps_c
[9.038s] [ 67%] Generating C++ type support for eProsima Fast-RTPS
[9.452s] [ 70%] Building CXX object CMakeFiles/s2_msgs__rosidl_typesupport_fastrtps_cpp.dir/rosidl_typesupport_fastrtps_cpp/s2_msgs/srv/detail/dds_fastrtps/plugin_call__type_support.cpp.o
[10.117s] [ 73%] Linking CXX shared library libs2_msgs__rosidl_typesupport_fastrtps_cpp.so
[10.205s] [ 73%] Built target s2_msgs__rosidl_typesupport_fastrtps_cpp
[10.224s] [ 73%] Built target s2_msgs
[10.244s] [ 76%] Generating Python code for ROS interfaces
[10.782s] [ 76%] Built target s2_msgs__py
[10.802s] [ 79%] Building C object CMakeFiles/s2_msgs__rosidl_generator_py.dir/rosidl_generator_py/s2_msgs/srv/_plugin_call_s.c.o
[10.965s] [ 82%] Linking C shared library libs2_msgs__rosidl_generator_py.so
[11.007s] [ 82%] Built target s2_msgs__rosidl_generator_py
[11.028s] [ 85%] Building C object CMakeFiles/s2_msgs_s__rosidl_typesupport_fastrtps_c.dir/rosidl_generator_py/s2_msgs/_s2_msgs_s.ep.rosidl_typesupport_fastrtps_c.c.o
[11.164s] [ 88%] Linking C shared module rosidl_generator_py/s2_msgs/s2_msgs_s__rosidl_typesupport_fastrtps_c.so
[11.195s] [ 88%] Built target s2_msgs_s__rosidl_typesupport_fastrtps_c
[11.216s] [ 91%] Building C object CMakeFiles/s2_msgs_s__rosidl_typesupport_c.dir/rosidl_generator_py/s2_msgs/_s2_msgs_s.ep.rosidl_typesupport_c.c.o
[11.332s] [ 94%] Linking C shared module rosidl_generator_py/s2_msgs/s2_msgs_s__rosidl_typesupport_c.so
[11.364s] [ 94%] Built target s2_msgs_s__rosidl_typesupport_c
[11.384s] [ 97%] Building C object CMakeFiles/s2_msgs_s__rosidl_typesupport_introspection_c.dir/rosidl_generator_py/s2_msgs/_s2_msgs_s.ep.rosidl_typesupport_introspection_c.c.o
[11.505s] [100%] Linking C shared module rosidl_generator_py/s2_msgs/s2_msgs_s__rosidl_typesupport_introspection_c.so
[11.537s] [100%] Built target s2_msgs_s__rosidl_typesupport_introspection_c
[11.548s] Invoked command in '/workspace/s2_msgs_ws/build/s2_msgs' returned '0': CMAKE_PREFIX_PATH=${CMAKE_PREFIX_PATH}:/opt/ros/jazzy /usr/bin/cmake --build /workspace/s2_msgs_ws/build/s2_msgs -- -j12 -l12
[11.558s] Invoking command in '/workspace/s2_msgs_ws/build/s2_msgs': CMAKE_PREFIX_PATH=${CMAKE_PREFIX_PATH}:/opt/ros/jazzy /usr/bin/cmake --install /workspace/s2_msgs_ws/build/s2_msgs
[11.565s] -- Install configuration: ""
[11.566s] -- Execute custom install script
[11.566s] -- Symlinking: /workspace/s2_msgs_ws/install/s2_msgs/share/ament_index/resource_index/rosidl_interfaces/s2_msgs
[11.577s] -- Symlinking: /workspace/s2_msgs_ws/install/s2_msgs/share/s2_msgs/srv/PluginCall.json
[11.586s] -- Symlinking: /workspace/s2_msgs_ws/install/s2_msgs/include/s2_msgs/s2_msgs/msg/rosidl_generator_c__visibility_control.h
[11.594s] -- Symlinking: /workspace/s2_msgs_ws/install/s2_msgs/include/s2_msgs/s2_msgs/srv/detail/plugin_call__functions.h
[11.603s] -- Symlinking: /workspace/s2_msgs_ws/install/s2_msgs/include/s2_msgs/s2_msgs/srv/detail/plugin_call__struct.h
[11.615s] -- Symlinking: /workspace/s2_msgs_ws/install/s2_msgs/include/s2_msgs/s2_msgs/srv/detail/plugin_call__type_support.h
[11.624s] -- Symlinking: /workspace/s2_msgs_ws/install/s2_msgs/include/s2_msgs/s2_msgs/srv/plugin_call.h
[11.631s] -- Symlinking: /workspace/s2_msgs_ws/install/s2_msgs/share/s2_msgs/environment/library_path.sh
[11.640s] -- Symlinking: /workspace/s2_msgs_ws/install/s2_msgs/share/s2_msgs/environment/library_path.dsv
[11.651s] -- Symlinking: /workspace/s2_msgs_ws/install/s2_msgs/include/s2_msgs/s2_msgs/msg/rosidl_typesupport_fastrtps_c__visibility_control.h
[11.659s] -- Symlinking: /workspace/s2_msgs_ws/install/s2_msgs/include/s2_msgs/s2_msgs/srv/detail/plugin_call__rosidl_typesupport_fastrtps_c.h
[11.667s] -- Symlinking: /workspace/s2_msgs_ws/install/s2_msgs/include/s2_msgs/s2_msgs/msg/rosidl_typesupport_introspection_c__visibility_control.h
[11.677s] -- Symlinking: /workspace/s2_msgs_ws/install/s2_msgs/include/s2_msgs/s2_msgs/srv/detail/plugin_call__rosidl_typesupport_introspection_c.h
[11.686s] -- Symlinking: /workspace/s2_msgs_ws/install/s2_msgs/include/s2_msgs/s2_msgs/msg/rosidl_generator_cpp__visibility_control.hpp
[11.695s] -- Symlinking: /workspace/s2_msgs_ws/install/s2_msgs/include/s2_msgs/s2_msgs/srv/detail/plugin_call__builder.hpp
[11.705s] -- Symlinking: /workspace/s2_msgs_ws/install/s2_msgs/include/s2_msgs/s2_msgs/srv/detail/plugin_call__struct.hpp
[11.714s] -- Symlinking: /workspace/s2_msgs_ws/install/s2_msgs/include/s2_msgs/s2_msgs/srv/detail/plugin_call__traits.hpp
[11.722s] -- Symlinking: /workspace/s2_msgs_ws/install/s2_msgs/include/s2_msgs/s2_msgs/srv/detail/plugin_call__type_support.hpp
[11.732s] -- Symlinking: /workspace/s2_msgs_ws/install/s2_msgs/include/s2_msgs/s2_msgs/srv/plugin_call.hpp
[11.742s] -- Symlinking: /workspace/s2_msgs_ws/install/s2_msgs/include/s2_msgs/s2_msgs/msg/rosidl_typesupport_fastrtps_cpp__visibility_control.h
[11.751s] -- Symlinking: /workspace/s2_msgs_ws/install/s2_msgs/include/s2_msgs/s2_msgs/srv/detail/plugin_call__rosidl_typesupport_fastrtps_cpp.hpp
[11.760s] -- Symlinking: /workspace/s2_msgs_ws/install/s2_msgs/include/s2_msgs/s2_msgs/srv/detail/plugin_call__rosidl_typesupport_introspection_cpp.hpp
[11.770s] -- Symlinking: /workspace/s2_msgs_ws/install/s2_msgs/share/s2_msgs/environment/pythonpath.sh
[11.778s] -- Symlinking: /workspace/s2_msgs_ws/install/s2_msgs/share/s2_msgs/environment/pythonpath.dsv
[11.787s] -- Symlinking: /workspace/s2_msgs_ws/install/s2_msgs/lib/python3.12/site-packages/s2_msgs-0.1.0-py3.12.egg-info/PKG-INFO
[11.796s] -- Symlinking: /workspace/s2_msgs_ws/install/s2_msgs/lib/python3.12/site-packages/s2_msgs-0.1.0-py3.12.egg-info/SOURCES.txt
[11.805s] -- Symlinking: /workspace/s2_msgs_ws/install/s2_msgs/lib/python3.12/site-packages/s2_msgs-0.1.0-py3.12.egg-info/dependency_links.txt
[11.812s] -- Symlinking: /workspace/s2_msgs_ws/install/s2_msgs/lib/python3.12/site-packages/s2_msgs-0.1.0-py3.12.egg-info/top_level.txt
[11.824s] -- Symlinking: /workspace/s2_msgs_ws/install/s2_msgs/lib/python3.12/site-packages/s2_msgs/__init__.py
[11.833s] -- Symlinking: /workspace/s2_msgs_ws/install/s2_msgs/lib/python3.12/site-packages/s2_msgs/_s2_msgs_s.ep.rosidl_typesupport_c.c
[11.841s] -- Symlinking: /workspace/s2_msgs_ws/install/s2_msgs/lib/python3.12/site-packages/s2_msgs/_s2_msgs_s.ep.rosidl_typesupport_fastrtps_c.c
[11.852s] -- Symlinking: /workspace/s2_msgs_ws/install/s2_msgs/lib/python3.12/site-packages/s2_msgs/_s2_msgs_s.ep.rosidl_typesupport_introspection_c.c
[11.861s] -- Symlinking: /workspace/s2_msgs_ws/install/s2_msgs/lib/python3.12/site-packages/s2_msgs/s2_msgs_s__rosidl_typesupport_c.so
[11.870s] -- Symlinking: /workspace/s2_msgs_ws/install/s2_msgs/lib/python3.12/site-packages/s2_msgs/s2_msgs_s__rosidl_typesupport_fastrtps_c.so
[11.879s] -- Symlinking: /workspace/s2_msgs_ws/install/s2_msgs/lib/python3.12/site-packages/s2_msgs/s2_msgs_s__rosidl_typesupport_introspection_c.so
[11.891s] -- Symlinking: /workspace/s2_msgs_ws/install/s2_msgs/lib/python3.12/site-packages/s2_msgs/srv/__init__.py
[11.901s] -- Symlinking: /workspace/s2_msgs_ws/install/s2_msgs/lib/python3.12/site-packages/s2_msgs/srv/_plugin_call.py
[11.910s] -- Symlinking: /workspace/s2_msgs_ws/install/s2_msgs/lib/python3.12/site-packages/s2_msgs/srv/_plugin_call_s.c
[11.921s] -- Up-to-date symlink: /workspace/s2_msgs_ws/install/s2_msgs/lib/python3.12/site-packages/s2_msgs/s2_msgs_s__rosidl_typesupport_fastrtps_c.so
[11.921s] -- Up-to-date symlink: /workspace/s2_msgs_ws/install/s2_msgs/lib/python3.12/site-packages/s2_msgs/s2_msgs_s__rosidl_typesupport_introspection_c.so
[11.921s] -- Up-to-date symlink: /workspace/s2_msgs_ws/install/s2_msgs/lib/python3.12/site-packages/s2_msgs/s2_msgs_s__rosidl_typesupport_c.so
[11.922s] -- Symlinking: /workspace/s2_msgs_ws/install/s2_msgs/share/s2_msgs/srv/PluginCall.idl
[11.930s] -- Symlinking: /workspace/s2_msgs_ws/install/s2_msgs/share/s2_msgs/srv/PluginCall.srv
[11.939s] -- Symlinking: /workspace/s2_msgs_ws/install/s2_msgs/share/ament_index/resource_index/package_run_dependencies/s2_msgs
[11.948s] -- Symlinking: /workspace/s2_msgs_ws/install/s2_msgs/share/ament_index/resource_index/parent_prefix_path/s2_msgs
[11.957s] -- Symlinking: /workspace/s2_msgs_ws/install/s2_msgs/share/s2_msgs/environment/ament_prefix_path.sh
[11.965s] -- Symlinking: /workspace/s2_msgs_ws/install/s2_msgs/share/s2_msgs/environment/ament_prefix_path.dsv
[11.973s] -- Symlinking: /workspace/s2_msgs_ws/install/s2_msgs/share/s2_msgs/environment/path.sh
[11.982s] -- Symlinking: /workspace/s2_msgs_ws/install/s2_msgs/share/s2_msgs/environment/path.dsv
[11.991s] -- Symlinking: /workspace/s2_msgs_ws/install/s2_msgs/share/s2_msgs/local_setup.bash
[11.999s] -- Symlinking: /workspace/s2_msgs_ws/install/s2_msgs/share/s2_msgs/local_setup.sh
[12.011s] -- Symlinking: /workspace/s2_msgs_ws/install/s2_msgs/share/s2_msgs/local_setup.zsh
[12.020s] -- Symlinking: /workspace/s2_msgs_ws/install/s2_msgs/share/s2_msgs/local_setup.dsv
[12.029s] -- Symlinking: /workspace/s2_msgs_ws/install/s2_msgs/share/s2_msgs/package.dsv
[12.039s] -- Symlinking: /workspace/s2_msgs_ws/install/s2_msgs/share/ament_index/resource_index/packages/s2_msgs
[12.048s] -- Symlinking: /workspace/s2_msgs_ws/install/s2_msgs/share/s2_msgs/cmake/rosidl_cmake-extras.cmake
[12.057s] -- Symlinking: /workspace/s2_msgs_ws/install/s2_msgs/share/s2_msgs/cmake/ament_cmake_export_dependencies-extras.cmake
[12.065s] -- Symlinking: /workspace/s2_msgs_ws/install/s2_msgs/share/s2_msgs/cmake/ament_cmake_export_include_directories-extras.cmake
[12.075s] -- Symlinking: /workspace/s2_msgs_ws/install/s2_msgs/share/s2_msgs/cmake/ament_cmake_export_libraries-extras.cmake
[12.083s] -- Symlinking: /workspace/s2_msgs_ws/install/s2_msgs/share/s2_msgs/cmake/ament_cmake_export_targets-extras.cmake
[12.091s] -- Symlinking: /workspace/s2_msgs_ws/install/s2_msgs/share/s2_msgs/cmake/rosidl_cmake_export_typesupport_targets-extras.cmake
[12.101s] -- Symlinking: /workspace/s2_msgs_ws/install/s2_msgs/share/s2_msgs/cmake/rosidl_cmake_export_typesupport_libraries-extras.cmake
[12.110s] -- Symlinking: /workspace/s2_msgs_ws/install/s2_msgs/share/s2_msgs/cmake/s2_msgsConfig.cmake
[12.120s] -- Symlinking: /workspace/s2_msgs_ws/install/s2_msgs/share/s2_msgs/cmake/s2_msgsConfig-version.cmake
[12.131s] -- Symlinking: /workspace/s2_msgs_ws/install/s2_msgs/share/s2_msgs/package.xml
[12.139s] -- Installing: /workspace/s2_msgs_ws/install/s2_msgs/lib/libs2_msgs__rosidl_generator_c.so
[12.139s] -- Set non-toolchain portion of runtime path of "/workspace/s2_msgs_ws/install/s2_msgs/lib/libs2_msgs__rosidl_generator_c.so" to ""
[12.139s] -- Installing: /workspace/s2_msgs_ws/install/s2_msgs/lib/libs2_msgs__rosidl_typesupport_fastrtps_c.so
[12.139s] -- Set non-toolchain portion of runtime path of "/workspace/s2_msgs_ws/install/s2_msgs/lib/libs2_msgs__rosidl_typesupport_fastrtps_c.so" to ""
[12.139s] -- Installing: /workspace/s2_msgs_ws/install/s2_msgs/lib/libs2_msgs__rosidl_typesupport_introspection_c.so
[12.140s] -- Set non-toolchain portion of runtime path of "/workspace/s2_msgs_ws/install/s2_msgs/lib/libs2_msgs__rosidl_typesupport_introspection_c.so" to ""
[12.140s] -- Installing: /workspace/s2_msgs_ws/install/s2_msgs/lib/libs2_msgs__rosidl_typesupport_c.so
[12.140s] -- Set non-toolchain portion of runtime path of "/workspace/s2_msgs_ws/install/s2_msgs/lib/libs2_msgs__rosidl_typesupport_c.so" to ""
[12.140s] -- Installing: /workspace/s2_msgs_ws/install/s2_msgs/lib/libs2_msgs__rosidl_typesupport_fastrtps_cpp.so
[12.140s] -- Set non-toolchain portion of runtime path of "/workspace/s2_msgs_ws/install/s2_msgs/lib/libs2_msgs__rosidl_typesupport_fastrtps_cpp.so" to ""
[12.141s] -- Installing: /workspace/s2_msgs_ws/install/s2_msgs/lib/libs2_msgs__rosidl_typesupport_introspection_cpp.so
[12.141s] -- Set non-toolchain portion of runtime path of "/workspace/s2_msgs_ws/install/s2_msgs/lib/libs2_msgs__rosidl_typesupport_introspection_cpp.so" to ""
[12.141s] -- Installing: /workspace/s2_msgs_ws/install/s2_msgs/lib/libs2_msgs__rosidl_typesupport_cpp.so
[12.141s] -- Set non-toolchain portion of runtime path of "/workspace/s2_msgs_ws/install/s2_msgs/lib/libs2_msgs__rosidl_typesupport_cpp.so" to ""
[12.183s] Listing '/workspace/s2_msgs_ws/install/s2_msgs/lib/python3.12/site-packages/s2_msgs'...
[12.184s] Compiling '/workspace/s2_msgs_ws/install/s2_msgs/lib/python3.12/site-packages/s2_msgs/__init__.py'...
[12.184s] Listing '/workspace/s2_msgs_ws/install/s2_msgs/lib/python3.12/site-packages/s2_msgs/srv'...
[12.184s] Compiling '/workspace/s2_msgs_ws/install/s2_msgs/lib/python3.12/site-packages/s2_msgs/srv/__init__.py'...
[12.184s] Compiling '/workspace/s2_msgs_ws/install/s2_msgs/lib/python3.12/site-packages/s2_msgs/srv/_plugin_call.py'...
[12.193s] -- Installing: /workspace/s2_msgs_ws/install/s2_msgs/lib/libs2_msgs__rosidl_generator_py.so
[12.193s] -- Set non-toolchain portion of runtime path of "/workspace/s2_msgs_ws/install/s2_msgs/lib/libs2_msgs__rosidl_generator_py.so" to ""
[12.194s] -- Installing: /workspace/s2_msgs_ws/install/s2_msgs/share/s2_msgs/cmake/export_s2_msgs__rosidl_generator_cExport.cmake
[12.194s] -- Installing: /workspace/s2_msgs_ws/install/s2_msgs/share/s2_msgs/cmake/export_s2_msgs__rosidl_generator_cExport-noconfig.cmake
[12.194s] -- Installing: /workspace/s2_msgs_ws/install/s2_msgs/share/s2_msgs/cmake/export_s2_msgs__rosidl_typesupport_fastrtps_cExport.cmake
[12.194s] -- Installing: /workspace/s2_msgs_ws/install/s2_msgs/share/s2_msgs/cmake/export_s2_msgs__rosidl_typesupport_fastrtps_cExport-noconfig.cmake
[12.194s] -- Installing: /workspace/s2_msgs_ws/install/s2_msgs/share/s2_msgs/cmake/s2_msgs__rosidl_typesupport_introspection_cExport.cmake
[12.194s] -- Installing: /workspace/s2_msgs_ws/install/s2_msgs/share/s2_msgs/cmake/s2_msgs__rosidl_typesupport_introspection_cExport-noconfig.cmake
[12.194s] -- Installing: /workspace/s2_msgs_ws/install/s2_msgs/share/s2_msgs/cmake/s2_msgs__rosidl_typesupport_cExport.cmake
[12.194s] -- Installing: /workspace/s2_msgs_ws/install/s2_msgs/share/s2_msgs/cmake/s2_msgs__rosidl_typesupport_cExport-noconfig.cmake
[12.196s] -- Installing: /workspace/s2_msgs_ws/install/s2_msgs/share/s2_msgs/cmake/export_s2_msgs__rosidl_generator_cppExport.cmake
[12.196s] -- Installing: /workspace/s2_msgs_ws/install/s2_msgs/share/s2_msgs/cmake/export_s2_msgs__rosidl_typesupport_fastrtps_cppExport.cmake
[12.197s] -- Installing: /workspace/s2_msgs_ws/install/s2_msgs/share/s2_msgs/cmake/export_s2_msgs__rosidl_typesupport_fastrtps_cppExport-noconfig.cmake
[12.197s] -- Installing: /workspace/s2_msgs_ws/install/s2_msgs/share/s2_msgs/cmake/s2_msgs__rosidl_typesupport_introspection_cppExport.cmake
[12.197s] -- Installing: /workspace/s2_msgs_ws/install/s2_msgs/share/s2_msgs/cmake/s2_msgs__rosidl_typesupport_introspection_cppExport-noconfig.cmake
[12.197s] -- Installing: /workspace/s2_msgs_ws/install/s2_msgs/share/s2_msgs/cmake/s2_msgs__rosidl_typesupport_cppExport.cmake
[12.197s] -- Installing: /workspace/s2_msgs_ws/install/s2_msgs/share/s2_msgs/cmake/s2_msgs__rosidl_typesupport_cppExport-noconfig.cmake
[12.197s] -- Installing: /workspace/s2_msgs_ws/install/s2_msgs/share/s2_msgs/cmake/export_s2_msgs__rosidl_generator_pyExport.cmake
[12.197s] -- Installing: /workspace/s2_msgs_ws/install/s2_msgs/share/s2_msgs/cmake/export_s2_msgs__rosidl_generator_pyExport-noconfig.cmake
[12.198s] Invoked command in '/workspace/s2_msgs_ws/build/s2_msgs' returned '0': CMAKE_PREFIX_PATH=${CMAKE_PREFIX_PATH}:/opt/ros/jazzy /usr/bin/cmake --install /workspace/s2_msgs_ws/build/s2_msgs
