[0.015s] Invoking command in '/workspace/s2_msgs_ws/build/s2_msgs': CMAKE_PREFIX_PATH=${CMAKE_PREFIX_PATH}:/opt/ros/jazzy /usr/bin/cmake --build /workspace/s2_msgs_ws/build/s2_msgs -- -j12 -l12
[0.068s] -- Found ament_cmake: 2.5.5 (/opt/ros/jazzy/share/ament_cmake/cmake)
[0.095s] -- Found Python3: /usr/bin/python3 (found version "3.12.3") found components: Interpreter 
[0.192s] -- Override CMake install command with custom implementation using symlinks instead of copying resources
[0.201s] -- Found rosidl_default_generators: 1.6.0 (/opt/ros/jazzy/share/rosidl_default_generators/cmake)
[0.204s] -- Using all available rosidl_typesupport_c: rosidl_typesupport_fastrtps_c;rosidl_typesupport_introspection_c
[0.241s] -- Using all available rosidl_typesupport_cpp: rosidl_typesupport_fastrtps_cpp;rosidl_typesupport_introspection_cpp
[0.276s] -- Found rosidl_adapter: 4.6.7 (/opt/ros/jazzy/share/rosidl_adapter/cmake)
[0.566s] -- Found ament_cmake_ros: 0.12.0 (/opt/ros/jazzy/share/ament_cmake_ros/cmake)
[0.644s] -- Using all available rosidl_typesupport_c: rosidl_typesupport_fastrtps_c;rosidl_typesupport_introspection_c
[0.747s] -- Using all available rosidl_typesupport_cpp: rosidl_typesupport_fastrtps_cpp;rosidl_typesupport_introspection_cpp
[0.748s] -- Found python_cmake_module: 0.11.1 (/opt/ros/jazzy/share/python_cmake_module/cmake)
[1.062s] -- Found Python3: /usr/bin/python3 (found version "3.12.3") found components: Interpreter Development NumPy Development.Module Development.Embed 
[1.086s] -- Configuring done (1.0s)
[1.121s] -- Generating done (0.0s)
[1.134s] -- Build files have been written to: /workspace/s2_msgs_ws/build/s2_msgs
[1.170s] [  2%] Built target s2_msgs__rosidl_generator_type_description
[1.178s] [  2%] Built target ament_cmake_python_symlink_s2_msgs
[1.189s] [  5%] Built target s2_msgs__cpp
[1.191s] [ 20%] Built target s2_msgs__rosidl_generator_c
[1.221s] [ 29%] Built target s2_msgs__rosidl_typesupport_introspection_cpp
[1.226s] [ 38%] Built target s2_msgs__rosidl_typesupport_cpp
[1.226s] [ 47%] Built target s2_msgs__rosidl_typesupport_fastrtps_c
[1.226s] [ 55%] Built target s2_msgs__rosidl_typesupport_introspection_c
[1.232s] [ 64%] Built target s2_msgs__rosidl_typesupport_c
[1.237s] [ 73%] Built target s2_msgs__rosidl_typesupport_fastrtps_cpp
[1.260s] [ 73%] Built target s2_msgs
[1.282s] [ 76%] Built target s2_msgs__py
[1.306s] [ 82%] Built target s2_msgs__rosidl_generator_py
[1.332s] [ 94%] Built target s2_msgs_s__rosidl_typesupport_introspection_c
[1.332s] [ 88%] Built target s2_msgs_s__rosidl_typesupport_fastrtps_c
[1.332s] [100%] Built target s2_msgs_s__rosidl_typesupport_c
[1.424s] running egg_info
[1.442s] writing s2_msgs.egg-info/PKG-INFO
[1.442s] writing dependency_links to s2_msgs.egg-info/dependency_links.txt
[1.442s] writing top-level names to s2_msgs.egg-info/top_level.txt
[1.497s] reading manifest file 's2_msgs.egg-info/SOURCES.txt'
[1.498s] writing manifest file 's2_msgs.egg-info/SOURCES.txt'
[1.528s] [100%] Built target ament_cmake_python_build_s2_msgs_egg
[1.539s] Invoked command in '/workspace/s2_msgs_ws/build/s2_msgs' returned '0': CMAKE_PREFIX_PATH=${CMAKE_PREFIX_PATH}:/opt/ros/jazzy /usr/bin/cmake --build /workspace/s2_msgs_ws/build/s2_msgs -- -j12 -l12
[1.547s] Invoking command in '/workspace/s2_msgs_ws/build/s2_msgs': CMAKE_PREFIX_PATH=${CMAKE_PREFIX_PATH}:/opt/ros/jazzy /usr/bin/cmake --install /workspace/s2_msgs_ws/build/s2_msgs
[1.558s] -- Install configuration: ""
[1.560s] -- Execute custom install script
[1.560s] -- Up-to-date symlink: /workspace/s2_msgs_ws/install/s2_msgs/share/ament_index/resource_index/rosidl_interfaces/s2_msgs
[1.560s] -- Up-to-date symlink: /workspace/s2_msgs_ws/install/s2_msgs/share/s2_msgs/srv/PluginCall.json
[1.561s] -- Up-to-date symlink: /workspace/s2_msgs_ws/install/s2_msgs/include/s2_msgs/s2_msgs/msg/rosidl_generator_c__visibility_control.h
[1.561s] -- Up-to-date symlink: /workspace/s2_msgs_ws/install/s2_msgs/include/s2_msgs/s2_msgs/srv/detail/plugin_call__functions.h
[1.561s] -- Up-to-date symlink: /workspace/s2_msgs_ws/install/s2_msgs/include/s2_msgs/s2_msgs/srv/detail/plugin_call__struct.h
[1.561s] -- Up-to-date symlink: /workspace/s2_msgs_ws/install/s2_msgs/include/s2_msgs/s2_msgs/srv/detail/plugin_call__type_support.h
[1.561s] -- Up-to-date symlink: /workspace/s2_msgs_ws/install/s2_msgs/include/s2_msgs/s2_msgs/srv/plugin_call.h
[1.561s] -- Up-to-date symlink: /workspace/s2_msgs_ws/install/s2_msgs/share/s2_msgs/environment/library_path.sh
[1.561s] -- Up-to-date symlink: /workspace/s2_msgs_ws/install/s2_msgs/share/s2_msgs/environment/library_path.dsv
[1.561s] -- Up-to-date symlink: /workspace/s2_msgs_ws/install/s2_msgs/include/s2_msgs/s2_msgs/msg/rosidl_typesupport_fastrtps_c__visibility_control.h
[1.561s] -- Up-to-date symlink: /workspace/s2_msgs_ws/install/s2_msgs/include/s2_msgs/s2_msgs/srv/detail/plugin_call__rosidl_typesupport_fastrtps_c.h
[1.562s] -- Up-to-date symlink: /workspace/s2_msgs_ws/install/s2_msgs/include/s2_msgs/s2_msgs/msg/rosidl_typesupport_introspection_c__visibility_control.h
[1.562s] -- Up-to-date symlink: /workspace/s2_msgs_ws/install/s2_msgs/include/s2_msgs/s2_msgs/srv/detail/plugin_call__rosidl_typesupport_introspection_c.h
[1.562s] -- Up-to-date symlink: /workspace/s2_msgs_ws/install/s2_msgs/include/s2_msgs/s2_msgs/msg/rosidl_generator_cpp__visibility_control.hpp
[1.562s] -- Up-to-date symlink: /workspace/s2_msgs_ws/install/s2_msgs/include/s2_msgs/s2_msgs/srv/detail/plugin_call__builder.hpp
[1.563s] -- Up-to-date symlink: /workspace/s2_msgs_ws/install/s2_msgs/include/s2_msgs/s2_msgs/srv/detail/plugin_call__struct.hpp
[1.563s] -- Up-to-date symlink: /workspace/s2_msgs_ws/install/s2_msgs/include/s2_msgs/s2_msgs/srv/detail/plugin_call__traits.hpp
[1.563s] -- Up-to-date symlink: /workspace/s2_msgs_ws/install/s2_msgs/include/s2_msgs/s2_msgs/srv/detail/plugin_call__type_support.hpp
[1.563s] -- Up-to-date symlink: /workspace/s2_msgs_ws/install/s2_msgs/include/s2_msgs/s2_msgs/srv/plugin_call.hpp
[1.563s] -- Up-to-date symlink: /workspace/s2_msgs_ws/install/s2_msgs/include/s2_msgs/s2_msgs/msg/rosidl_typesupport_fastrtps_cpp__visibility_control.h
[1.563s] -- Up-to-date symlink: /workspace/s2_msgs_ws/install/s2_msgs/include/s2_msgs/s2_msgs/srv/detail/plugin_call__rosidl_typesupport_fastrtps_cpp.hpp
[1.564s] -- Up-to-date symlink: /workspace/s2_msgs_ws/install/s2_msgs/include/s2_msgs/s2_msgs/srv/detail/plugin_call__rosidl_typesupport_introspection_cpp.hpp
[1.564s] -- Up-to-date symlink: /workspace/s2_msgs_ws/install/s2_msgs/share/s2_msgs/environment/pythonpath.sh
[1.564s] -- Up-to-date symlink: /workspace/s2_msgs_ws/install/s2_msgs/share/s2_msgs/environment/pythonpath.dsv
[1.564s] -- Up-to-date symlink: /workspace/s2_msgs_ws/install/s2_msgs/lib/python3.12/site-packages/s2_msgs-0.1.0-py3.12.egg-info/PKG-INFO
[1.564s] -- Up-to-date symlink: /workspace/s2_msgs_ws/install/s2_msgs/lib/python3.12/site-packages/s2_msgs-0.1.0-py3.12.egg-info/SOURCES.txt
[1.565s] -- Up-to-date symlink: /workspace/s2_msgs_ws/install/s2_msgs/lib/python3.12/site-packages/s2_msgs-0.1.0-py3.12.egg-info/dependency_links.txt
[1.565s] -- Up-to-date symlink: /workspace/s2_msgs_ws/install/s2_msgs/lib/python3.12/site-packages/s2_msgs-0.1.0-py3.12.egg-info/top_level.txt
[1.565s] -- Up-to-date symlink: /workspace/s2_msgs_ws/install/s2_msgs/lib/python3.12/site-packages/s2_msgs/__init__.py
[1.565s] -- Up-to-date symlink: /workspace/s2_msgs_ws/install/s2_msgs/lib/python3.12/site-packages/s2_msgs/_s2_msgs_s.ep.rosidl_typesupport_c.c
[1.566s] -- Up-to-date symlink: /workspace/s2_msgs_ws/install/s2_msgs/lib/python3.12/site-packages/s2_msgs/_s2_msgs_s.ep.rosidl_typesupport_fastrtps_c.c
[1.568s] -- Up-to-date symlink: /workspace/s2_msgs_ws/install/s2_msgs/lib/python3.12/site-packages/s2_msgs/_s2_msgs_s.ep.rosidl_typesupport_introspection_c.c
[1.568s] -- Up-to-date symlink: /workspace/s2_msgs_ws/install/s2_msgs/lib/python3.12/site-packages/s2_msgs/s2_msgs_s__rosidl_typesupport_c.so
[1.568s] -- Up-to-date symlink: /workspace/s2_msgs_ws/install/s2_msgs/lib/python3.12/site-packages/s2_msgs/s2_msgs_s__rosidl_typesupport_fastrtps_c.so
[1.568s] -- Up-to-date symlink: /workspace/s2_msgs_ws/install/s2_msgs/lib/python3.12/site-packages/s2_msgs/s2_msgs_s__rosidl_typesupport_introspection_c.so
[1.568s] -- Up-to-date symlink: /workspace/s2_msgs_ws/install/s2_msgs/lib/python3.12/site-packages/s2_msgs/srv/__init__.py
[1.568s] -- Up-to-date symlink: /workspace/s2_msgs_ws/install/s2_msgs/lib/python3.12/site-packages/s2_msgs/srv/_plugin_call.py
[1.568s] -- Up-to-date symlink: /workspace/s2_msgs_ws/install/s2_msgs/lib/python3.12/site-packages/s2_msgs/srv/_plugin_call_s.c
[1.568s] -- Up-to-date symlink: /workspace/s2_msgs_ws/install/s2_msgs/lib/python3.12/site-packages/s2_msgs/s2_msgs_s__rosidl_typesupport_fastrtps_c.so
[1.569s] -- Up-to-date symlink: /workspace/s2_msgs_ws/install/s2_msgs/lib/python3.12/site-packages/s2_msgs/s2_msgs_s__rosidl_typesupport_introspection_c.so
[1.569s] -- Up-to-date symlink: /workspace/s2_msgs_ws/install/s2_msgs/lib/python3.12/site-packages/s2_msgs/s2_msgs_s__rosidl_typesupport_c.so
[1.569s] -- Up-to-date symlink: /workspace/s2_msgs_ws/install/s2_msgs/share/s2_msgs/srv/PluginCall.idl
[1.569s] -- Up-to-date symlink: /workspace/s2_msgs_ws/install/s2_msgs/share/s2_msgs/srv/PluginCall.srv
[1.569s] -- Up-to-date symlink: /workspace/s2_msgs_ws/install/s2_msgs/share/ament_index/resource_index/package_run_dependencies/s2_msgs
[1.569s] -- Up-to-date symlink: /workspace/s2_msgs_ws/install/s2_msgs/share/ament_index/resource_index/parent_prefix_path/s2_msgs
[1.569s] -- Up-to-date symlink: /workspace/s2_msgs_ws/install/s2_msgs/share/s2_msgs/environment/ament_prefix_path.sh
[1.569s] -- Up-to-date symlink: /workspace/s2_msgs_ws/install/s2_msgs/share/s2_msgs/environment/ament_prefix_path.dsv
[1.569s] -- Up-to-date symlink: /workspace/s2_msgs_ws/install/s2_msgs/share/s2_msgs/environment/path.sh
[1.570s] -- Up-to-date symlink: /workspace/s2_msgs_ws/install/s2_msgs/share/s2_msgs/environment/path.dsv
[1.570s] -- Up-to-date symlink: /workspace/s2_msgs_ws/install/s2_msgs/share/s2_msgs/local_setup.bash
[1.571s] -- Up-to-date symlink: /workspace/s2_msgs_ws/install/s2_msgs/share/s2_msgs/local_setup.sh
[1.571s] -- Up-to-date symlink: /workspace/s2_msgs_ws/install/s2_msgs/share/s2_msgs/local_setup.zsh
[1.571s] -- Up-to-date symlink: /workspace/s2_msgs_ws/install/s2_msgs/share/s2_msgs/local_setup.dsv
[1.571s] -- Symlinking: /workspace/s2_msgs_ws/install/s2_msgs/share/s2_msgs/package.dsv
[1.580s] -- Up-to-date symlink: /workspace/s2_msgs_ws/install/s2_msgs/share/ament_index/resource_index/packages/s2_msgs
[1.581s] -- Up-to-date symlink: /workspace/s2_msgs_ws/install/s2_msgs/share/s2_msgs/cmake/rosidl_cmake-extras.cmake
[1.584s] -- Up-to-date symlink: /workspace/s2_msgs_ws/install/s2_msgs/share/s2_msgs/cmake/ament_cmake_export_dependencies-extras.cmake
[1.584s] -- Up-to-date symlink: /workspace/s2_msgs_ws/install/s2_msgs/share/s2_msgs/cmake/ament_cmake_export_include_directories-extras.cmake
[1.584s] -- Up-to-date symlink: /workspace/s2_msgs_ws/install/s2_msgs/share/s2_msgs/cmake/ament_cmake_export_libraries-extras.cmake
[1.584s] -- Up-to-date symlink: /workspace/s2_msgs_ws/install/s2_msgs/share/s2_msgs/cmake/ament_cmake_export_targets-extras.cmake
[1.585s] -- Up-to-date symlink: /workspace/s2_msgs_ws/install/s2_msgs/share/s2_msgs/cmake/rosidl_cmake_export_typesupport_targets-extras.cmake
[1.585s] -- Up-to-date symlink: /workspace/s2_msgs_ws/install/s2_msgs/share/s2_msgs/cmake/rosidl_cmake_export_typesupport_libraries-extras.cmake
[1.585s] -- Up-to-date symlink: /workspace/s2_msgs_ws/install/s2_msgs/share/s2_msgs/cmake/s2_msgsConfig.cmake
[1.585s] -- Up-to-date symlink: /workspace/s2_msgs_ws/install/s2_msgs/share/s2_msgs/cmake/s2_msgsConfig-version.cmake
[1.585s] -- Up-to-date symlink: /workspace/s2_msgs_ws/install/s2_msgs/share/s2_msgs/package.xml
[1.585s] -- Up-to-date: /workspace/s2_msgs_ws/install/s2_msgs/lib/libs2_msgs__rosidl_generator_c.so
[1.585s] -- Up-to-date: /workspace/s2_msgs_ws/install/s2_msgs/lib/libs2_msgs__rosidl_typesupport_fastrtps_c.so
[1.585s] -- Up-to-date: /workspace/s2_msgs_ws/install/s2_msgs/lib/libs2_msgs__rosidl_typesupport_introspection_c.so
[1.585s] -- Up-to-date: /workspace/s2_msgs_ws/install/s2_msgs/lib/libs2_msgs__rosidl_typesupport_c.so
[1.586s] -- Up-to-date: /workspace/s2_msgs_ws/install/s2_msgs/lib/libs2_msgs__rosidl_typesupport_fastrtps_cpp.so
[1.586s] -- Up-to-date: /workspace/s2_msgs_ws/install/s2_msgs/lib/libs2_msgs__rosidl_typesupport_introspection_cpp.so
[1.586s] -- Up-to-date: /workspace/s2_msgs_ws/install/s2_msgs/lib/libs2_msgs__rosidl_typesupport_cpp.so
[1.627s] Listing '/workspace/s2_msgs_ws/install/s2_msgs/lib/python3.12/site-packages/s2_msgs'...
[1.627s] Compiling '/workspace/s2_msgs_ws/install/s2_msgs/lib/python3.12/site-packages/s2_msgs/__init__.py'...
[1.627s] Listing '/workspace/s2_msgs_ws/install/s2_msgs/lib/python3.12/site-packages/s2_msgs/srv'...
[1.631s] -- Up-to-date: /workspace/s2_msgs_ws/install/s2_msgs/lib/libs2_msgs__rosidl_generator_py.so
[1.631s] -- Up-to-date: /workspace/s2_msgs_ws/install/s2_msgs/share/s2_msgs/cmake/export_s2_msgs__rosidl_generator_cExport.cmake
[1.632s] -- Up-to-date: /workspace/s2_msgs_ws/install/s2_msgs/share/s2_msgs/cmake/export_s2_msgs__rosidl_generator_cExport-noconfig.cmake
[1.632s] -- Up-to-date: /workspace/s2_msgs_ws/install/s2_msgs/share/s2_msgs/cmake/export_s2_msgs__rosidl_typesupport_fastrtps_cExport.cmake
[1.632s] -- Up-to-date: /workspace/s2_msgs_ws/install/s2_msgs/share/s2_msgs/cmake/export_s2_msgs__rosidl_typesupport_fastrtps_cExport-noconfig.cmake
[1.632s] -- Up-to-date: /workspace/s2_msgs_ws/install/s2_msgs/share/s2_msgs/cmake/s2_msgs__rosidl_typesupport_introspection_cExport.cmake
[1.633s] -- Up-to-date: /workspace/s2_msgs_ws/install/s2_msgs/share/s2_msgs/cmake/s2_msgs__rosidl_typesupport_introspection_cExport-noconfig.cmake
[1.633s] -- Up-to-date: /workspace/s2_msgs_ws/install/s2_msgs/share/s2_msgs/cmake/s2_msgs__rosidl_typesupport_cExport.cmake
[1.633s] -- Up-to-date: /workspace/s2_msgs_ws/install/s2_msgs/share/s2_msgs/cmake/s2_msgs__rosidl_typesupport_cExport-noconfig.cmake
[1.633s] -- Up-to-date: /workspace/s2_msgs_ws/install/s2_msgs/share/s2_msgs/cmake/export_s2_msgs__rosidl_generator_cppExport.cmake
[1.633s] -- Up-to-date: /workspace/s2_msgs_ws/install/s2_msgs/share/s2_msgs/cmake/export_s2_msgs__rosidl_typesupport_fastrtps_cppExport.cmake
[1.633s] -- Up-to-date: /workspace/s2_msgs_ws/install/s2_msgs/share/s2_msgs/cmake/export_s2_msgs__rosidl_typesupport_fastrtps_cppExport-noconfig.cmake
[1.633s] -- Up-to-date: /workspace/s2_msgs_ws/install/s2_msgs/share/s2_msgs/cmake/s2_msgs__rosidl_typesupport_introspection_cppExport.cmake
[1.633s] -- Up-to-date: /workspace/s2_msgs_ws/install/s2_msgs/share/s2_msgs/cmake/s2_msgs__rosidl_typesupport_introspection_cppExport-noconfig.cmake
[1.633s] -- Up-to-date: /workspace/s2_msgs_ws/install/s2_msgs/share/s2_msgs/cmake/s2_msgs__rosidl_typesupport_cppExport.cmake
[1.633s] -- Up-to-date: /workspace/s2_msgs_ws/install/s2_msgs/share/s2_msgs/cmake/s2_msgs__rosidl_typesupport_cppExport-noconfig.cmake
[1.634s] -- Up-to-date: /workspace/s2_msgs_ws/install/s2_msgs/share/s2_msgs/cmake/export_s2_msgs__rosidl_generator_pyExport.cmake
[1.634s] -- Up-to-date: /workspace/s2_msgs_ws/install/s2_msgs/share/s2_msgs/cmake/export_s2_msgs__rosidl_generator_pyExport-noconfig.cmake
[1.634s] Invoked command in '/workspace/s2_msgs_ws/build/s2_msgs' returned '0': CMAKE_PREFIX_PATH=${CMAKE_PREFIX_PATH}:/opt/ros/jazzy /usr/bin/cmake --install /workspace/s2_msgs_ws/build/s2_msgs
