[0.000000] (-) TimerEvent: {}
[0.000094] (s2_msgs) JobQueued: {'identifier': 's2_msgs', 'dependencies': OrderedDict()}
[0.000418] (s2_msgs) JobStarted: {'identifier': 's2_msgs'}
[0.007079] (s2_msgs) JobProgress: {'identifier': 's2_msgs', 'progress': 'cmake'}
[0.007716] (s2_msgs) JobProgress: {'identifier': 's2_msgs', 'progress': 'build'}
[0.008443] (s2_msgs) Command: {'cmd': ['/usr/bin/cmake', '--build', '/workspace/s2_msgs_ws/build/s2_msgs', '--', '-j12', '-l12'], 'cwd': '/workspace/s2_msgs_ws/build/s2_msgs', 'env': OrderedDict({'GZ_CONFIG_PATH': '/opt/ros/jazzy/opt/sdformat_vendor/share/gz', 'HOSTNAME': 'dmitriy-MS-7D82', 'SHLVL': '1', 'LD_LIBRARY_PATH': '/opt/ros/jazzy/opt/sdformat_vendor/lib:/opt/ros/jazzy/lib/x86_64-linux-gnu:/opt/ros/jazzy/opt/gz_math_vendor/lib:/opt/ros/jazzy/opt/gz_utils_vendor/lib:/opt/ros/jazzy/opt/gz_tools_vendor/lib:/opt/ros/jazzy/opt/gz_cmake_vendor/lib:/opt/ros/jazzy/lib', 'HOME': '/root', 'OLDPWD': '/workspace', 'ROS_PYTHON_VERSION': '3', 'LC_CTYPE': 'C.UTF-8', 'ROS_DISTRO': 'jazzy', '_': '/usr/bin/colcon', 'ROS_VERSION': '2', 'PATH': '/opt/ros/jazzy/opt/gz_tools_vendor/bin:/opt/ros/jazzy/bin:/usr/local/sbin:/usr/local/bin:/usr/sbin:/usr/bin:/sbin:/bin', 'FASTRTPS_DEFAULT_PROFILES_FILE': '/root/.ros/fastdds.xml', 'RMW_IMPLEMENTATION': 'rmw_fastrtps_cpp', 'AMENT_PREFIX_PATH': '/opt/ros/jazzy', 'DEBIAN_FRONTEND': 'noninteractive', 'ROS_AUTOMATIC_DISCOVERY_RANGE': 'SUBNET', 'PWD': '/workspace/s2_msgs_ws/build/s2_msgs', 'PYTHONPATH': '/opt/ros/jazzy/lib/python3.12/site-packages', 'COLCON': '1', 'CMAKE_PREFIX_PATH': '/opt/ros/jazzy/opt/sdformat_vendor:/opt/ros/jazzy/opt/gz_math_vendor:/opt/ros/jazzy/opt/gz_utils_vendor:/opt/ros/jazzy/opt/gz_tools_vendor:/opt/ros/jazzy/opt/gz_cmake_vendor:/opt/ros/jazzy'}), 'shell': False}
[0.032640] (s2_msgs) StdoutLine: {'line': b'-- Found ament_cmake: 2.5.5 (/opt/ros/jazzy/share/ament_cmake/cmake)\n'}
[0.052033] (s2_msgs) StdoutLine: {'line': b'-- Found Python3: /usr/bin/python3 (found version "3.12.3") found components: Interpreter \n'}
[0.099771] (-) TimerEvent: {}
[0.124274] (s2_msgs) StdoutLine: {'line': b'-- Override CMake install command with custom implementation using symlinks instead of copying resources\n'}
[0.131723] (s2_msgs) StdoutLine: {'line': b'-- Found rosidl_default_generators: 1.6.0 (/opt/ros/jazzy/share/rosidl_default_generators/cmake)\n'}
[0.133936] (s2_msgs) StdoutLine: {'line': b'-- Using all available rosidl_typesupport_c: rosidl_typesupport_fastrtps_c;rosidl_typesupport_introspection_c\n'}
[0.167660] (s2_msgs) StdoutLine: {'line': b'-- Using all available rosidl_typesupport_cpp: rosidl_typesupport_fastrtps_cpp;rosidl_typesupport_introspection_cpp\n'}
[0.196225] (s2_msgs) StdoutLine: {'line': b'-- Found rosidl_adapter: 4.6.7 (/opt/ros/jazzy/share/rosidl_adapter/cmake)\n'}
[0.199857] (-) TimerEvent: {}
[0.300000] (-) TimerEvent: {}
[0.400139] (-) TimerEvent: {}
[0.438798] (s2_msgs) StdoutLine: {'line': b'-- Found ament_cmake_ros: 0.12.0 (/opt/ros/jazzy/share/ament_cmake_ros/cmake)\n'}
[0.500242] (-) TimerEvent: {}
[0.516945] (s2_msgs) StdoutLine: {'line': b'-- Using all available rosidl_typesupport_c: rosidl_typesupport_fastrtps_c;rosidl_typesupport_introspection_c\n'}
[0.600328] (-) TimerEvent: {}
[0.625758] (s2_msgs) StdoutLine: {'line': b'-- Using all available rosidl_typesupport_cpp: rosidl_typesupport_fastrtps_cpp;rosidl_typesupport_introspection_cpp\n'}
[0.626798] (s2_msgs) StdoutLine: {'line': b'-- Found python_cmake_module: 0.11.1 (/opt/ros/jazzy/share/python_cmake_module/cmake)\n'}
[0.700413] (-) TimerEvent: {}
[0.800583] (-) TimerEvent: {}
[0.881714] (s2_msgs) StdoutLine: {'line': b'-- Found Python3: /usr/bin/python3 (found version "3.12.3") found components: Interpreter Development NumPy Development.Module Development.Embed \n'}
[0.900678] (-) TimerEvent: {}
[0.900903] (s2_msgs) StdoutLine: {'line': b'-- Configuring done (0.9s)\n'}
[0.933775] (s2_msgs) StdoutLine: {'line': b'-- Generating done (0.0s)\n'}
[0.945426] (s2_msgs) StdoutLine: {'line': b'-- Build files have been written to: /workspace/s2_msgs_ws/build/s2_msgs\n'}
[0.973508] (s2_msgs) StdoutLine: {'line': b'[  2%] Built target s2_msgs__rosidl_generator_type_description\n'}
[0.981090] (s2_msgs) StdoutLine: {'line': b'[  2%] Built target ament_cmake_python_symlink_s2_msgs\n'}
[0.989214] (s2_msgs) StdoutLine: {'line': b'[  5%] Built target s2_msgs__cpp\n'}
[0.991410] (s2_msgs) StdoutLine: {'line': b'[ 20%] Built target s2_msgs__rosidl_generator_c\n'}
[1.000775] (-) TimerEvent: {}
[1.015563] (s2_msgs) StdoutLine: {'line': b'[ 29%] Built target s2_msgs__rosidl_typesupport_fastrtps_c\n'}
[1.015881] (s2_msgs) StdoutLine: {'line': b'[ 55%] Built target s2_msgs__rosidl_typesupport_introspection_c\n'}
[1.015996] (s2_msgs) StdoutLine: {'line': b'[ 58%] Built target s2_msgs__rosidl_typesupport_introspection_cpp\n'}
[1.016064] (s2_msgs) StdoutLine: {'line': b'[ 58%] Built target s2_msgs__rosidl_typesupport_cpp\n'}
[1.016126] (s2_msgs) StdoutLine: {'line': b'[ 64%] Built target s2_msgs__rosidl_typesupport_c\n'}
[1.018047] (s2_msgs) StdoutLine: {'line': b'[ 73%] Built target s2_msgs__rosidl_typesupport_fastrtps_cpp\n'}
[1.035573] (s2_msgs) StdoutLine: {'line': b'[ 73%] Built target s2_msgs\n'}
[1.053727] (s2_msgs) StdoutLine: {'line': b'[ 76%] Built target s2_msgs__py\n'}
[1.073231] (s2_msgs) StdoutLine: {'line': b'[ 82%] Built target s2_msgs__rosidl_generator_py\n'}
[1.093573] (s2_msgs) StdoutLine: {'line': b'[ 88%] Built target s2_msgs_s__rosidl_typesupport_introspection_c\n'}
[1.096448] (s2_msgs) StdoutLine: {'line': b'[ 94%] Built target s2_msgs_s__rosidl_typesupport_c\n'}
[1.097103] (s2_msgs) StdoutLine: {'line': b'[100%] Built target s2_msgs_s__rosidl_typesupport_fastrtps_c\n'}
[1.100846] (-) TimerEvent: {}
[1.178249] (s2_msgs) StdoutLine: {'line': b'running egg_info\n'}
[1.194180] (s2_msgs) StdoutLine: {'line': b'writing s2_msgs.egg-info/PKG-INFO\n'}
[1.194377] (s2_msgs) StdoutLine: {'line': b'writing dependency_links to s2_msgs.egg-info/dependency_links.txt\n'}
[1.194509] (s2_msgs) StdoutLine: {'line': b'writing top-level names to s2_msgs.egg-info/top_level.txt\n'}
[1.200930] (-) TimerEvent: {}
[1.256599] (s2_msgs) StdoutLine: {'line': b"reading manifest file 's2_msgs.egg-info/SOURCES.txt'\n"}
[1.257871] (s2_msgs) StdoutLine: {'line': b"writing manifest file 's2_msgs.egg-info/SOURCES.txt'\n"}
[1.288409] (s2_msgs) StdoutLine: {'line': b'[100%] Built target ament_cmake_python_build_s2_msgs_egg\n'}
[1.297510] (s2_msgs) CommandEnded: {'returncode': 0}
[1.298197] (s2_msgs) JobProgress: {'identifier': 's2_msgs', 'progress': 'install'}
[1.301008] (-) TimerEvent: {}
[1.305428] (s2_msgs) Command: {'cmd': ['/usr/bin/cmake', '--install', '/workspace/s2_msgs_ws/build/s2_msgs'], 'cwd': '/workspace/s2_msgs_ws/build/s2_msgs', 'env': OrderedDict({'GZ_CONFIG_PATH': '/opt/ros/jazzy/opt/sdformat_vendor/share/gz', 'HOSTNAME': 'dmitriy-MS-7D82', 'SHLVL': '1', 'LD_LIBRARY_PATH': '/opt/ros/jazzy/opt/sdformat_vendor/lib:/opt/ros/jazzy/lib/x86_64-linux-gnu:/opt/ros/jazzy/opt/gz_math_vendor/lib:/opt/ros/jazzy/opt/gz_utils_vendor/lib:/opt/ros/jazzy/opt/gz_tools_vendor/lib:/opt/ros/jazzy/opt/gz_cmake_vendor/lib:/opt/ros/jazzy/lib', 'HOME': '/root', 'OLDPWD': '/workspace', 'ROS_PYTHON_VERSION': '3', 'LC_CTYPE': 'C.UTF-8', 'ROS_DISTRO': 'jazzy', '_': '/usr/bin/colcon', 'ROS_VERSION': '2', 'PATH': '/opt/ros/jazzy/opt/gz_tools_vendor/bin:/opt/ros/jazzy/bin:/usr/local/sbin:/usr/local/bin:/usr/sbin:/usr/bin:/sbin:/bin', 'FASTRTPS_DEFAULT_PROFILES_FILE': '/root/.ros/fastdds.xml', 'RMW_IMPLEMENTATION': 'rmw_fastrtps_cpp', 'AMENT_PREFIX_PATH': '/opt/ros/jazzy', 'DEBIAN_FRONTEND': 'noninteractive', 'ROS_AUTOMATIC_DISCOVERY_RANGE': 'SUBNET', 'PWD': '/workspace/s2_msgs_ws/build/s2_msgs', 'PYTHONPATH': '/opt/ros/jazzy/lib/python3.12/site-packages', 'COLCON': '1', 'CMAKE_PREFIX_PATH': '/opt/ros/jazzy/opt/sdformat_vendor:/opt/ros/jazzy/opt/gz_math_vendor:/opt/ros/jazzy/opt/gz_utils_vendor:/opt/ros/jazzy/opt/gz_tools_vendor:/opt/ros/jazzy/opt/gz_cmake_vendor:/opt/ros/jazzy'}), 'shell': False}
[1.312286] (s2_msgs) StdoutLine: {'line': b'-- Install configuration: ""\n'}
[1.312850] (s2_msgs) StdoutLine: {'line': b'-- Execute custom install script\n'}
[1.313073] (s2_msgs) StdoutLine: {'line': b'-- Up-to-date symlink: /workspace/s2_msgs_ws/install/s2_msgs/share/ament_index/resource_index/rosidl_interfaces/s2_msgs\n'}
[1.313321] (s2_msgs) StdoutLine: {'line': b'-- Up-to-date symlink: /workspace/s2_msgs_ws/install/s2_msgs/share/s2_msgs/srv/PluginCall.json\n'}
[1.313733] (s2_msgs) StdoutLine: {'line': b'-- Up-to-date symlink: /workspace/s2_msgs_ws/install/s2_msgs/include/s2_msgs/s2_msgs/msg/rosidl_generator_c__visibility_control.h\n'}
[1.313858] (s2_msgs) StdoutLine: {'line': b'-- Up-to-date symlink: /workspace/s2_msgs_ws/install/s2_msgs/include/s2_msgs/s2_msgs/srv/detail/plugin_call__functions.h\n'}
[1.313958] (s2_msgs) StdoutLine: {'line': b'-- Up-to-date symlink: /workspace/s2_msgs_ws/install/s2_msgs/include/s2_msgs/s2_msgs/srv/detail/plugin_call__struct.h\n'}
[1.314057] (s2_msgs) StdoutLine: {'line': b'-- Up-to-date symlink: /workspace/s2_msgs_ws/install/s2_msgs/include/s2_msgs/s2_msgs/srv/detail/plugin_call__type_support.h\n'}
[1.314152] (s2_msgs) StdoutLine: {'line': b'-- Up-to-date symlink: /workspace/s2_msgs_ws/install/s2_msgs/include/s2_msgs/s2_msgs/srv/plugin_call.h\n'}
[1.314260] (s2_msgs) StdoutLine: {'line': b'-- Up-to-date symlink: /workspace/s2_msgs_ws/install/s2_msgs/share/s2_msgs/environment/library_path.sh\n'}
[1.314402] (s2_msgs) StdoutLine: {'line': b'-- Up-to-date symlink: /workspace/s2_msgs_ws/install/s2_msgs/share/s2_msgs/environment/library_path.dsv\n'}
[1.315029] (s2_msgs) StdoutLine: {'line': b'-- Up-to-date symlink: /workspace/s2_msgs_ws/install/s2_msgs/include/s2_msgs/s2_msgs/msg/rosidl_typesupport_fastrtps_c__visibility_control.h\n'}
[1.315197] (s2_msgs) StdoutLine: {'line': b'-- Up-to-date symlink: /workspace/s2_msgs_ws/install/s2_msgs/include/s2_msgs/s2_msgs/srv/detail/plugin_call__rosidl_typesupport_fastrtps_c.h\n'}
[1.315474] (s2_msgs) StdoutLine: {'line': b'-- Up-to-date symlink: /workspace/s2_msgs_ws/install/s2_msgs/include/s2_msgs/s2_msgs/msg/rosidl_typesupport_introspection_c__visibility_control.h\n'}
[1.315643] (s2_msgs) StdoutLine: {'line': b'-- Up-to-date symlink: /workspace/s2_msgs_ws/install/s2_msgs/include/s2_msgs/s2_msgs/srv/detail/plugin_call__rosidl_typesupport_introspection_c.h\n'}
[1.316125] (s2_msgs) StdoutLine: {'line': b'-- Up-to-date symlink: /workspace/s2_msgs_ws/install/s2_msgs/include/s2_msgs/s2_msgs/msg/rosidl_generator_cpp__visibility_control.hpp\n'}
[1.316287] (s2_msgs) StdoutLine: {'line': b'-- Up-to-date symlink: /workspace/s2_msgs_ws/install/s2_msgs/include/s2_msgs/s2_msgs/srv/detail/plugin_call__builder.hpp\n'}
[1.316438] (s2_msgs) StdoutLine: {'line': b'-- Up-to-date symlink: /workspace/s2_msgs_ws/install/s2_msgs/include/s2_msgs/s2_msgs/srv/detail/plugin_call__struct.hpp\n'}
[1.316586] (s2_msgs) StdoutLine: {'line': b'-- Up-to-date symlink: /workspace/s2_msgs_ws/install/s2_msgs/include/s2_msgs/s2_msgs/srv/detail/plugin_call__traits.hpp\n'}
[1.316730] (s2_msgs) StdoutLine: {'line': b'-- Up-to-date symlink: /workspace/s2_msgs_ws/install/s2_msgs/include/s2_msgs/s2_msgs/srv/detail/plugin_call__type_support.hpp\n'}
[1.316890] (s2_msgs) StdoutLine: {'line': b'-- Up-to-date symlink: /workspace/s2_msgs_ws/install/s2_msgs/include/s2_msgs/s2_msgs/srv/plugin_call.hpp\n'}
[1.317467] (s2_msgs) StdoutLine: {'line': b'-- Up-to-date symlink: /workspace/s2_msgs_ws/install/s2_msgs/include/s2_msgs/s2_msgs/msg/rosidl_typesupport_fastrtps_cpp__visibility_control.h\n'}
[1.317563] (s2_msgs) StdoutLine: {'line': b'-- Up-to-date symlink: /workspace/s2_msgs_ws/install/s2_msgs/include/s2_msgs/s2_msgs/srv/detail/plugin_call__rosidl_typesupport_fastrtps_cpp.hpp\n'}
[1.317852] (s2_msgs) StdoutLine: {'line': b'-- Up-to-date symlink: /workspace/s2_msgs_ws/install/s2_msgs/include/s2_msgs/s2_msgs/srv/detail/plugin_call__rosidl_typesupport_introspection_cpp.hpp\n'}
[1.317996] (s2_msgs) StdoutLine: {'line': b'-- Up-to-date symlink: /workspace/s2_msgs_ws/install/s2_msgs/share/s2_msgs/environment/pythonpath.sh\n'}
[1.318124] (s2_msgs) StdoutLine: {'line': b'-- Up-to-date symlink: /workspace/s2_msgs_ws/install/s2_msgs/share/s2_msgs/environment/pythonpath.dsv\n'}
[1.318392] (s2_msgs) StdoutLine: {'line': b'-- Up-to-date symlink: /workspace/s2_msgs_ws/install/s2_msgs/lib/python3.12/site-packages/s2_msgs-0.1.0-py3.12.egg-info/PKG-INFO\n'}
[1.318484] (s2_msgs) StdoutLine: {'line': b'-- Up-to-date symlink: /workspace/s2_msgs_ws/install/s2_msgs/lib/python3.12/site-packages/s2_msgs-0.1.0-py3.12.egg-info/SOURCES.txt\n'}
[1.318575] (s2_msgs) StdoutLine: {'line': b'-- Up-to-date symlink: /workspace/s2_msgs_ws/install/s2_msgs/lib/python3.12/site-packages/s2_msgs-0.1.0-py3.12.egg-info/dependency_links.txt\n'}
[1.318664] (s2_msgs) StdoutLine: {'line': b'-- Up-to-date symlink: /workspace/s2_msgs_ws/install/s2_msgs/lib/python3.12/site-packages/s2_msgs-0.1.0-py3.12.egg-info/top_level.txt\n'}
[1.319160] (s2_msgs) StdoutLine: {'line': b'-- Up-to-date symlink: /workspace/s2_msgs_ws/install/s2_msgs/lib/python3.12/site-packages/s2_msgs/__init__.py\n'}
[1.319258] (s2_msgs) StdoutLine: {'line': b'-- Up-to-date symlink: /workspace/s2_msgs_ws/install/s2_msgs/lib/python3.12/site-packages/s2_msgs/_s2_msgs_s.ep.rosidl_typesupport_c.c\n'}
[1.319347] (s2_msgs) StdoutLine: {'line': b'-- Up-to-date symlink: /workspace/s2_msgs_ws/install/s2_msgs/lib/python3.12/site-packages/s2_msgs/_s2_msgs_s.ep.rosidl_typesupport_fastrtps_c.c\n'}
[1.319437] (s2_msgs) StdoutLine: {'line': b'-- Up-to-date symlink: /workspace/s2_msgs_ws/install/s2_msgs/lib/python3.12/site-packages/s2_msgs/_s2_msgs_s.ep.rosidl_typesupport_introspection_c.c\n'}
[1.319523] (s2_msgs) StdoutLine: {'line': b'-- Up-to-date symlink: /workspace/s2_msgs_ws/install/s2_msgs/lib/python3.12/site-packages/s2_msgs/s2_msgs_s__rosidl_typesupport_c.so\n'}
[1.319615] (s2_msgs) StdoutLine: {'line': b'-- Up-to-date symlink: /workspace/s2_msgs_ws/install/s2_msgs/lib/python3.12/site-packages/s2_msgs/s2_msgs_s__rosidl_typesupport_fastrtps_c.so\n'}
[1.319704] (s2_msgs) StdoutLine: {'line': b'-- Up-to-date symlink: /workspace/s2_msgs_ws/install/s2_msgs/lib/python3.12/site-packages/s2_msgs/s2_msgs_s__rosidl_typesupport_introspection_c.so\n'}
[1.319815] (s2_msgs) StdoutLine: {'line': b'-- Up-to-date symlink: /workspace/s2_msgs_ws/install/s2_msgs/lib/python3.12/site-packages/s2_msgs/srv/__init__.py\n'}
[1.319909] (s2_msgs) StdoutLine: {'line': b'-- Up-to-date symlink: /workspace/s2_msgs_ws/install/s2_msgs/lib/python3.12/site-packages/s2_msgs/srv/_plugin_call.py\n'}
[1.319998] (s2_msgs) StdoutLine: {'line': b'-- Up-to-date symlink: /workspace/s2_msgs_ws/install/s2_msgs/lib/python3.12/site-packages/s2_msgs/srv/_plugin_call_s.c\n'}
[1.320209] (s2_msgs) StdoutLine: {'line': b'-- Up-to-date symlink: /workspace/s2_msgs_ws/install/s2_msgs/lib/python3.12/site-packages/s2_msgs/s2_msgs_s__rosidl_typesupport_fastrtps_c.so\n'}
[1.320425] (s2_msgs) StdoutLine: {'line': b'-- Up-to-date symlink: /workspace/s2_msgs_ws/install/s2_msgs/lib/python3.12/site-packages/s2_msgs/s2_msgs_s__rosidl_typesupport_introspection_c.so\n'}
[1.320628] (s2_msgs) StdoutLine: {'line': b'-- Up-to-date symlink: /workspace/s2_msgs_ws/install/s2_msgs/lib/python3.12/site-packages/s2_msgs/s2_msgs_s__rosidl_typesupport_c.so\n'}
[1.320783] (s2_msgs) StdoutLine: {'line': b'-- Up-to-date symlink: /workspace/s2_msgs_ws/install/s2_msgs/share/s2_msgs/srv/PluginCall.idl\n'}
[1.320918] (s2_msgs) StdoutLine: {'line': b'-- Up-to-date symlink: /workspace/s2_msgs_ws/install/s2_msgs/share/s2_msgs/srv/PluginCall.srv\n'}
[1.321061] (s2_msgs) StdoutLine: {'line': b'-- Up-to-date symlink: /workspace/s2_msgs_ws/install/s2_msgs/share/ament_index/resource_index/package_run_dependencies/s2_msgs\n'}
[1.321195] (s2_msgs) StdoutLine: {'line': b'-- Up-to-date symlink: /workspace/s2_msgs_ws/install/s2_msgs/share/ament_index/resource_index/parent_prefix_path/s2_msgs\n'}
[1.321340] (s2_msgs) StdoutLine: {'line': b'-- Up-to-date symlink: /workspace/s2_msgs_ws/install/s2_msgs/share/s2_msgs/environment/ament_prefix_path.sh\n'}
[1.321470] (s2_msgs) StdoutLine: {'line': b'-- Up-to-date symlink: /workspace/s2_msgs_ws/install/s2_msgs/share/s2_msgs/environment/ament_prefix_path.dsv\n'}
[1.321605] (s2_msgs) StdoutLine: {'line': b'-- Up-to-date symlink: /workspace/s2_msgs_ws/install/s2_msgs/share/s2_msgs/environment/path.sh\n'}
[1.321732] (s2_msgs) StdoutLine: {'line': b'-- Up-to-date symlink: /workspace/s2_msgs_ws/install/s2_msgs/share/s2_msgs/environment/path.dsv\n'}
[1.321870] (s2_msgs) StdoutLine: {'line': b'-- Up-to-date symlink: /workspace/s2_msgs_ws/install/s2_msgs/share/s2_msgs/local_setup.bash\n'}
[1.321992] (s2_msgs) StdoutLine: {'line': b'-- Up-to-date symlink: /workspace/s2_msgs_ws/install/s2_msgs/share/s2_msgs/local_setup.sh\n'}
[1.322114] (s2_msgs) StdoutLine: {'line': b'-- Up-to-date symlink: /workspace/s2_msgs_ws/install/s2_msgs/share/s2_msgs/local_setup.zsh\n'}
[1.322236] (s2_msgs) StdoutLine: {'line': b'-- Up-to-date symlink: /workspace/s2_msgs_ws/install/s2_msgs/share/s2_msgs/local_setup.dsv\n'}
[1.322333] (s2_msgs) StdoutLine: {'line': b'-- Symlinking: /workspace/s2_msgs_ws/install/s2_msgs/share/s2_msgs/package.dsv\n'}
[1.330218] (s2_msgs) StdoutLine: {'line': b'-- Up-to-date symlink: /workspace/s2_msgs_ws/install/s2_msgs/share/ament_index/resource_index/packages/s2_msgs\n'}
[1.330454] (s2_msgs) StdoutLine: {'line': b'-- Up-to-date symlink: /workspace/s2_msgs_ws/install/s2_msgs/share/s2_msgs/cmake/rosidl_cmake-extras.cmake\n'}
[1.330541] (s2_msgs) StdoutLine: {'line': b'-- Up-to-date symlink: /workspace/s2_msgs_ws/install/s2_msgs/share/s2_msgs/cmake/ament_cmake_export_dependencies-extras.cmake\n'}
[1.330680] (s2_msgs) StdoutLine: {'line': b'-- Up-to-date symlink: /workspace/s2_msgs_ws/install/s2_msgs/share/s2_msgs/cmake/ament_cmake_export_include_directories-extras.cmake\n'}
[1.330767] (s2_msgs) StdoutLine: {'line': b'-- Up-to-date symlink: /workspace/s2_msgs_ws/install/s2_msgs/share/s2_msgs/cmake/ament_cmake_export_libraries-extras.cmake\n'}
[1.330896] (s2_msgs) StdoutLine: {'line': b'-- Up-to-date symlink: /workspace/s2_msgs_ws/install/s2_msgs/share/s2_msgs/cmake/ament_cmake_export_targets-extras.cmake\n'}
[1.331037] (s2_msgs) StdoutLine: {'line': b'-- Up-to-date symlink: /workspace/s2_msgs_ws/install/s2_msgs/share/s2_msgs/cmake/rosidl_cmake_export_typesupport_targets-extras.cmake\n'}
[1.331248] (s2_msgs) StdoutLine: {'line': b'-- Up-to-date symlink: /workspace/s2_msgs_ws/install/s2_msgs/share/s2_msgs/cmake/rosidl_cmake_export_typesupport_libraries-extras.cmake\n'}
[1.331350] (s2_msgs) StdoutLine: {'line': b'-- Up-to-date symlink: /workspace/s2_msgs_ws/install/s2_msgs/share/s2_msgs/cmake/s2_msgsConfig.cmake\n'}
[1.331411] (s2_msgs) StdoutLine: {'line': b'-- Up-to-date symlink: /workspace/s2_msgs_ws/install/s2_msgs/share/s2_msgs/cmake/s2_msgsConfig-version.cmake\n'}
[1.331561] (s2_msgs) StdoutLine: {'line': b'-- Up-to-date symlink: /workspace/s2_msgs_ws/install/s2_msgs/share/s2_msgs/package.xml\n'}
[1.331728] (s2_msgs) StdoutLine: {'line': b'-- Up-to-date: /workspace/s2_msgs_ws/install/s2_msgs/lib/libs2_msgs__rosidl_generator_c.so\n'}
[1.332183] (s2_msgs) StdoutLine: {'line': b'-- Up-to-date: /workspace/s2_msgs_ws/install/s2_msgs/lib/libs2_msgs__rosidl_typesupport_fastrtps_c.so\n'}
[1.332495] (s2_msgs) StdoutLine: {'line': b'-- Up-to-date: /workspace/s2_msgs_ws/install/s2_msgs/lib/libs2_msgs__rosidl_typesupport_introspection_c.so\n'}
[1.332902] (s2_msgs) StdoutLine: {'line': b'-- Up-to-date: /workspace/s2_msgs_ws/install/s2_msgs/lib/libs2_msgs__rosidl_typesupport_c.so\n'}
[1.333105] (s2_msgs) StdoutLine: {'line': b'-- Up-to-date: /workspace/s2_msgs_ws/install/s2_msgs/lib/libs2_msgs__rosidl_typesupport_fastrtps_cpp.so\n'}
[1.333388] (s2_msgs) StdoutLine: {'line': b'-- Up-to-date: /workspace/s2_msgs_ws/install/s2_msgs/lib/libs2_msgs__rosidl_typesupport_introspection_cpp.so\n'}
[1.333660] (s2_msgs) StdoutLine: {'line': b'-- Up-to-date: /workspace/s2_msgs_ws/install/s2_msgs/lib/libs2_msgs__rosidl_typesupport_cpp.so\n'}
[1.366545] (s2_msgs) StdoutLine: {'line': b"Listing '/workspace/s2_msgs_ws/install/s2_msgs/lib/python3.12/site-packages/s2_msgs'...\n"}
[1.366684] (s2_msgs) StdoutLine: {'line': b"Compiling '/workspace/s2_msgs_ws/install/s2_msgs/lib/python3.12/site-packages/s2_msgs/__init__.py'...\n"}
[1.366761] (s2_msgs) StdoutLine: {'line': b"Listing '/workspace/s2_msgs_ws/install/s2_msgs/lib/python3.12/site-packages/s2_msgs/srv'...\n"}
[1.372084] (s2_msgs) StdoutLine: {'line': b'-- Up-to-date: /workspace/s2_msgs_ws/install/s2_msgs/lib/libs2_msgs__rosidl_generator_py.so\n'}
[1.372305] (s2_msgs) StdoutLine: {'line': b'-- Up-to-date: /workspace/s2_msgs_ws/install/s2_msgs/share/s2_msgs/cmake/export_s2_msgs__rosidl_generator_cExport.cmake\n'}
[1.372580] (s2_msgs) StdoutLine: {'line': b'-- Up-to-date: /workspace/s2_msgs_ws/install/s2_msgs/share/s2_msgs/cmake/export_s2_msgs__rosidl_generator_cExport-noconfig.cmake\n'}
[1.372844] (s2_msgs) StdoutLine: {'line': b'-- Up-to-date: /workspace/s2_msgs_ws/install/s2_msgs/share/s2_msgs/cmake/export_s2_msgs__rosidl_typesupport_fastrtps_cExport.cmake\n'}
[1.373133] (s2_msgs) StdoutLine: {'line': b'-- Up-to-date: /workspace/s2_msgs_ws/install/s2_msgs/share/s2_msgs/cmake/export_s2_msgs__rosidl_typesupport_fastrtps_cExport-noconfig.cmake\n'}
[1.373307] (s2_msgs) StdoutLine: {'line': b'-- Up-to-date: /workspace/s2_msgs_ws/install/s2_msgs/share/s2_msgs/cmake/s2_msgs__rosidl_typesupport_introspection_cExport.cmake\n'}
[1.373378] (s2_msgs) StdoutLine: {'line': b'-- Up-to-date: /workspace/s2_msgs_ws/install/s2_msgs/share/s2_msgs/cmake/s2_msgs__rosidl_typesupport_introspection_cExport-noconfig.cmake\n'}
[1.373442] (s2_msgs) StdoutLine: {'line': b'-- Up-to-date: /workspace/s2_msgs_ws/install/s2_msgs/share/s2_msgs/cmake/s2_msgs__rosidl_typesupport_cExport.cmake\n'}
[1.373582] (s2_msgs) StdoutLine: {'line': b'-- Up-to-date: /workspace/s2_msgs_ws/install/s2_msgs/share/s2_msgs/cmake/s2_msgs__rosidl_typesupport_cExport-noconfig.cmake\n'}
[1.373657] (s2_msgs) StdoutLine: {'line': b'-- Up-to-date: /workspace/s2_msgs_ws/install/s2_msgs/share/s2_msgs/cmake/export_s2_msgs__rosidl_generator_cppExport.cmake\n'}
[1.373716] (s2_msgs) StdoutLine: {'line': b'-- Up-to-date: /workspace/s2_msgs_ws/install/s2_msgs/share/s2_msgs/cmake/export_s2_msgs__rosidl_typesupport_fastrtps_cppExport.cmake\n'}
[1.373792] (s2_msgs) StdoutLine: {'line': b'-- Up-to-date: /workspace/s2_msgs_ws/install/s2_msgs/share/s2_msgs/cmake/export_s2_msgs__rosidl_typesupport_fastrtps_cppExport-noconfig.cmake\n'}
[1.373852] (s2_msgs) StdoutLine: {'line': b'-- Up-to-date: /workspace/s2_msgs_ws/install/s2_msgs/share/s2_msgs/cmake/s2_msgs__rosidl_typesupport_introspection_cppExport.cmake\n'}
[1.373915] (s2_msgs) StdoutLine: {'line': b'-- Up-to-date: /workspace/s2_msgs_ws/install/s2_msgs/share/s2_msgs/cmake/s2_msgs__rosidl_typesupport_introspection_cppExport-noconfig.cmake\n'}
[1.373975] (s2_msgs) StdoutLine: {'line': b'-- Up-to-date: /workspace/s2_msgs_ws/install/s2_msgs/share/s2_msgs/cmake/s2_msgs__rosidl_typesupport_cppExport.cmake\n'}
[1.374032] (s2_msgs) StdoutLine: {'line': b'-- Up-to-date: /workspace/s2_msgs_ws/install/s2_msgs/share/s2_msgs/cmake/s2_msgs__rosidl_typesupport_cppExport-noconfig.cmake\n'}
[1.374089] (s2_msgs) StdoutLine: {'line': b'-- Up-to-date: /workspace/s2_msgs_ws/install/s2_msgs/share/s2_msgs/cmake/export_s2_msgs__rosidl_generator_pyExport.cmake\n'}
[1.374146] (s2_msgs) StdoutLine: {'line': b'-- Up-to-date: /workspace/s2_msgs_ws/install/s2_msgs/share/s2_msgs/cmake/export_s2_msgs__rosidl_generator_pyExport-noconfig.cmake\n'}
[1.374941] (s2_msgs) CommandEnded: {'returncode': 0}
[1.401586] (-) TimerEvent: {}
[1.404537] (s2_msgs) JobEnded: {'identifier': 's2_msgs', 'rc': 0}
[1.405138] (-) EventReactorShutdown: {}
