[0.000000] (-) TimerEvent: {}
[0.000059] (s2_msgs) JobQueued: {'identifier': 's2_msgs', 'dependencies': OrderedDict()}
[0.000382] (s2_msgs) JobStarted: {'identifier': 's2_msgs'}
[0.007765] (s2_msgs) JobProgress: {'identifier': 's2_msgs', 'progress': 'cmake'}
[0.008469] (s2_msgs) JobProgress: {'identifier': 's2_msgs', 'progress': 'build'}
[0.009283] (s2_msgs) Command: {'cmd': ['/usr/bin/cmake', '--build', '/workspace/s2_msgs_ws/build/s2_msgs', '--', '-j12', '-l12'], 'cwd': '/workspace/s2_msgs_ws/build/s2_msgs', 'env': OrderedDict({'GZ_CONFIG_PATH': '/opt/ros/jazzy/opt/sdformat_vendor/share/gz', 'HOSTNAME': 'c6b13e43e26d', 'SHLVL': '1', 'LD_LIBRARY_PATH': '/opt/ros/jazzy/opt/sdformat_vendor/lib:/opt/ros/jazzy/lib/x86_64-linux-gnu:/opt/ros/jazzy/opt/gz_math_vendor/lib:/opt/ros/jazzy/opt/gz_utils_vendor/lib:/opt/ros/jazzy/opt/gz_tools_vendor/lib:/opt/ros/jazzy/opt/gz_cmake_vendor/lib:/opt/ros/jazzy/lib', 'HOME': '/root', 'OLDPWD': '/workspace', 'ROS_PYTHON_VERSION': '3', 'LC_CTYPE': 'C.UTF-8', 'ROS_DISTRO': 'jazzy', '_': '/usr/bin/colcon', 'ROS_VERSION': '2', 'PATH': '/opt/ros/jazzy/opt/gz_tools_vendor/bin:/opt/ros/jazzy/bin:/usr/local/sbin:/usr/local/bin:/usr/sbin:/usr/bin:/sbin:/bin', 'RMW_IMPLEMENTATION': 'rmw_fastrtps_cpp', 'AMENT_PREFIX_PATH': '/opt/ros/jazzy', 'DEBIAN_FRONTEND': 'noninteractive', 'ROS_AUTOMATIC_DISCOVERY_RANGE': 'SUBNET', 'PWD': '/workspace/s2_msgs_ws/build/s2_msgs', 'PYTHONPATH': '/opt/ros/jazzy/lib/python3.12/site-packages', 'COLCON': '1', 'CMAKE_PREFIX_PATH': '/opt/ros/jazzy/opt/sdformat_vendor:/opt/ros/jazzy/opt/gz_math_vendor:/opt/ros/jazzy/opt/gz_utils_vendor:/opt/ros/jazzy/opt/gz_tools_vendor:/opt/ros/jazzy/opt/gz_cmake_vendor:/opt/ros/jazzy'}), 'shell': False}
[0.040761] (s2_msgs) StdoutLine: {'line': b'-- Found ament_cmake: 2.5.5 (/opt/ros/jazzy/share/ament_cmake/cmake)\n'}
[0.063127] (s2_msgs) StdoutLine: {'line': b'-- Found Python3: /usr/bin/python3 (found version "3.12.3") found components: Interpreter \n'}
[0.099815] (-) TimerEvent: {}
[0.148998] (s2_msgs) StdoutLine: {'line': b'-- Override CMake install command with custom implementation using symlinks instead of copying resources\n'}
[0.160244] (s2_msgs) StdoutLine: {'line': b'-- Found rosidl_default_generators: 1.6.0 (/opt/ros/jazzy/share/rosidl_default_generators/cmake)\n'}
[0.162870] (s2_msgs) StdoutLine: {'line': b'-- Using all available rosidl_typesupport_c: rosidl_typesupport_fastrtps_c;rosidl_typesupport_introspection_c\n'}
[0.198535] (s2_msgs) StdoutLine: {'line': b'-- Using all available rosidl_typesupport_cpp: rosidl_typesupport_fastrtps_cpp;rosidl_typesupport_introspection_cpp\n'}
[0.199887] (-) TimerEvent: {}
[0.232510] (s2_msgs) StdoutLine: {'line': b'-- Found rosidl_adapter: 4.6.7 (/opt/ros/jazzy/share/rosidl_adapter/cmake)\n'}
[0.299986] (-) TimerEvent: {}
[0.400155] (-) TimerEvent: {}
[0.500317] (-) TimerEvent: {}
[0.505458] (s2_msgs) StdoutLine: {'line': b'-- Found ament_cmake_ros: 0.12.0 (/opt/ros/jazzy/share/ament_cmake_ros/cmake)\n'}
[0.585383] (s2_msgs) StdoutLine: {'line': b'-- Using all available rosidl_typesupport_c: rosidl_typesupport_fastrtps_c;rosidl_typesupport_introspection_c\n'}
[0.600412] (-) TimerEvent: {}
[0.689560] (s2_msgs) StdoutLine: {'line': b'-- Using all available rosidl_typesupport_cpp: rosidl_typesupport_fastrtps_cpp;rosidl_typesupport_introspection_cpp\n'}
[0.690667] (s2_msgs) StdoutLine: {'line': b'-- Found python_cmake_module: 0.11.1 (/opt/ros/jazzy/share/python_cmake_module/cmake)\n'}
[0.700497] (-) TimerEvent: {}
[0.800648] (-) TimerEvent: {}
[0.900804] (-) TimerEvent: {}
[0.975329] (s2_msgs) StdoutLine: {'line': b'-- Found Python3: /usr/bin/python3 (found version "3.12.3") found components: Interpreter Development NumPy Development.Module Development.Embed \n'}
[0.996437] (s2_msgs) StdoutLine: {'line': b'-- Configuring done (1.0s)\n'}
[1.000900] (-) TimerEvent: {}
[1.034733] (s2_msgs) StdoutLine: {'line': b'-- Generating done (0.0s)\n'}
[1.048081] (s2_msgs) StdoutLine: {'line': b'-- Build files have been written to: /workspace/s2_msgs_ws/build/s2_msgs\n'}
[1.081266] (s2_msgs) StdoutLine: {'line': b'[  2%] Built target s2_msgs__rosidl_generator_type_description\n'}
[1.089855] (s2_msgs) StdoutLine: {'line': b'[  2%] Built target ament_cmake_python_symlink_s2_msgs\n'}
[1.100993] (-) TimerEvent: {}
[1.102373] (s2_msgs) StdoutLine: {'line': b'[  5%] Built target s2_msgs__cpp\n'}
[1.105844] (s2_msgs) StdoutLine: {'line': b'[ 20%] Built target s2_msgs__rosidl_generator_c\n'}
[1.136987] (s2_msgs) StdoutLine: {'line': b'[ 29%] Built target s2_msgs__rosidl_typesupport_c\n'}
[1.138555] (s2_msgs) StdoutLine: {'line': b'[ 47%] Built target s2_msgs__rosidl_typesupport_introspection_c\n'}
[1.138776] (s2_msgs) StdoutLine: {'line': b'[ 38%] Built target s2_msgs__rosidl_typesupport_introspection_cpp\n'}
[1.141758] (s2_msgs) StdoutLine: {'line': b'[ 55%] Built target s2_msgs__rosidl_typesupport_cpp\n'}
[1.149526] (s2_msgs) StdoutLine: {'line': b'[ 64%] Built target s2_msgs__rosidl_typesupport_fastrtps_cpp\n'}
[1.151818] (s2_msgs) StdoutLine: {'line': b'[ 73%] Built target s2_msgs__rosidl_typesupport_fastrtps_c\n'}
[1.172730] (s2_msgs) StdoutLine: {'line': b'[ 73%] Built target s2_msgs\n'}
[1.196110] (s2_msgs) StdoutLine: {'line': b'[ 76%] Built target s2_msgs__py\n'}
[1.201079] (-) TimerEvent: {}
[1.222087] (s2_msgs) StdoutLine: {'line': b'[ 82%] Built target s2_msgs__rosidl_generator_py\n'}
[1.253567] (s2_msgs) StdoutLine: {'line': b'[ 88%] Built target s2_msgs_s__rosidl_typesupport_introspection_c\n'}
[1.265805] (s2_msgs) StdoutLine: {'line': b'[ 94%] Built target s2_msgs_s__rosidl_typesupport_fastrtps_c\n'}
[1.266783] (s2_msgs) StdoutLine: {'line': b'[100%] Built target s2_msgs_s__rosidl_typesupport_c\n'}
[1.301171] (-) TimerEvent: {}
[1.346110] (s2_msgs) StdoutLine: {'line': b'running egg_info\n'}
[1.365022] (s2_msgs) StdoutLine: {'line': b'writing s2_msgs.egg-info/PKG-INFO\n'}
[1.365237] (s2_msgs) StdoutLine: {'line': b'writing dependency_links to s2_msgs.egg-info/dependency_links.txt\n'}
[1.365358] (s2_msgs) StdoutLine: {'line': b'writing top-level names to s2_msgs.egg-info/top_level.txt\n'}
[1.401250] (-) TimerEvent: {}
[1.416303] (s2_msgs) StdoutLine: {'line': b"reading manifest file 's2_msgs.egg-info/SOURCES.txt'\n"}
[1.416982] (s2_msgs) StdoutLine: {'line': b"writing manifest file 's2_msgs.egg-info/SOURCES.txt'\n"}
[1.449604] (s2_msgs) StdoutLine: {'line': b'[100%] Built target ament_cmake_python_build_s2_msgs_egg\n'}
[1.462326] (s2_msgs) CommandEnded: {'returncode': 0}
[1.462906] (s2_msgs) JobProgress: {'identifier': 's2_msgs', 'progress': 'install'}
[1.471800] (s2_msgs) Command: {'cmd': ['/usr/bin/cmake', '--install', '/workspace/s2_msgs_ws/build/s2_msgs'], 'cwd': '/workspace/s2_msgs_ws/build/s2_msgs', 'env': OrderedDict({'GZ_CONFIG_PATH': '/opt/ros/jazzy/opt/sdformat_vendor/share/gz', 'HOSTNAME': 'c6b13e43e26d', 'SHLVL': '1', 'LD_LIBRARY_PATH': '/opt/ros/jazzy/opt/sdformat_vendor/lib:/opt/ros/jazzy/lib/x86_64-linux-gnu:/opt/ros/jazzy/opt/gz_math_vendor/lib:/opt/ros/jazzy/opt/gz_utils_vendor/lib:/opt/ros/jazzy/opt/gz_tools_vendor/lib:/opt/ros/jazzy/opt/gz_cmake_vendor/lib:/opt/ros/jazzy/lib', 'HOME': '/root', 'OLDPWD': '/workspace', 'ROS_PYTHON_VERSION': '3', 'LC_CTYPE': 'C.UTF-8', 'ROS_DISTRO': 'jazzy', '_': '/usr/bin/colcon', 'ROS_VERSION': '2', 'PATH': '/opt/ros/jazzy/opt/gz_tools_vendor/bin:/opt/ros/jazzy/bin:/usr/local/sbin:/usr/local/bin:/usr/sbin:/usr/bin:/sbin:/bin', 'RMW_IMPLEMENTATION': 'rmw_fastrtps_cpp', 'AMENT_PREFIX_PATH': '/opt/ros/jazzy', 'DEBIAN_FRONTEND': 'noninteractive', 'ROS_AUTOMATIC_DISCOVERY_RANGE': 'SUBNET', 'PWD': '/workspace/s2_msgs_ws/build/s2_msgs', 'PYTHONPATH': '/opt/ros/jazzy/lib/python3.12/site-packages', 'COLCON': '1', 'CMAKE_PREFIX_PATH': '/opt/ros/jazzy/opt/sdformat_vendor:/opt/ros/jazzy/opt/gz_math_vendor:/opt/ros/jazzy/opt/gz_utils_vendor:/opt/ros/jazzy/opt/gz_tools_vendor:/opt/ros/jazzy/opt/gz_cmake_vendor:/opt/ros/jazzy'}), 'shell': False}
[1.482093] (s2_msgs) StdoutLine: {'line': b'-- Install configuration: ""\n'}
[1.482340] (s2_msgs) StdoutLine: {'line': b'-- Execute custom install script\n'}
[1.482452] (s2_msgs) StdoutLine: {'line': b'-- Up-to-date symlink: /workspace/s2_msgs_ws/install/s2_msgs/share/ament_index/resource_index/rosidl_interfaces/s2_msgs\n'}
[1.482642] (s2_msgs) StdoutLine: {'line': b'-- Up-to-date symlink: /workspace/s2_msgs_ws/install/s2_msgs/share/s2_msgs/srv/PluginCall.json\n'}
[1.482750] (s2_msgs) StdoutLine: {'line': b'-- Up-to-date symlink: /workspace/s2_msgs_ws/install/s2_msgs/include/s2_msgs/s2_msgs/msg/rosidl_generator_c__visibility_control.h\n'}
[1.482854] (s2_msgs) StdoutLine: {'line': b'-- Up-to-date symlink: /workspace/s2_msgs_ws/install/s2_msgs/include/s2_msgs/s2_msgs/srv/detail/plugin_call__functions.h\n'}
[1.483007] (s2_msgs) StdoutLine: {'line': b'-- Up-to-date symlink: /workspace/s2_msgs_ws/install/s2_msgs/include/s2_msgs/s2_msgs/srv/detail/plugin_call__struct.h\n'}
[1.483177] (s2_msgs) StdoutLine: {'line': b'-- Up-to-date symlink: /workspace/s2_msgs_ws/install/s2_msgs/include/s2_msgs/s2_msgs/srv/detail/plugin_call__type_support.h\n'}
[1.483351] (s2_msgs) StdoutLine: {'line': b'-- Up-to-date symlink: /workspace/s2_msgs_ws/install/s2_msgs/include/s2_msgs/s2_msgs/srv/plugin_call.h\n'}
[1.483489] (s2_msgs) StdoutLine: {'line': b'-- Up-to-date symlink: /workspace/s2_msgs_ws/install/s2_msgs/share/s2_msgs/environment/library_path.sh\n'}
[1.483591] (s2_msgs) StdoutLine: {'line': b'-- Up-to-date symlink: /workspace/s2_msgs_ws/install/s2_msgs/share/s2_msgs/environment/library_path.dsv\n'}
[1.483694] (s2_msgs) StdoutLine: {'line': b'-- Up-to-date symlink: /workspace/s2_msgs_ws/install/s2_msgs/include/s2_msgs/s2_msgs/msg/rosidl_typesupport_fastrtps_c__visibility_control.h\n'}
[1.483798] (s2_msgs) StdoutLine: {'line': b'-- Up-to-date symlink: /workspace/s2_msgs_ws/install/s2_msgs/include/s2_msgs/s2_msgs/srv/detail/plugin_call__rosidl_typesupport_fastrtps_c.h\n'}
[1.484005] (s2_msgs) StdoutLine: {'line': b'-- Up-to-date symlink: /workspace/s2_msgs_ws/install/s2_msgs/include/s2_msgs/s2_msgs/msg/rosidl_typesupport_introspection_c__visibility_control.h\n'}
[1.484117] (s2_msgs) StdoutLine: {'line': b'-- Up-to-date symlink: /workspace/s2_msgs_ws/install/s2_msgs/include/s2_msgs/s2_msgs/srv/detail/plugin_call__rosidl_typesupport_introspection_c.h\n'}
[1.484265] (s2_msgs) StdoutLine: {'line': b'-- Up-to-date symlink: /workspace/s2_msgs_ws/install/s2_msgs/include/s2_msgs/s2_msgs/msg/rosidl_generator_cpp__visibility_control.hpp\n'}
[1.484379] (s2_msgs) StdoutLine: {'line': b'-- Up-to-date symlink: /workspace/s2_msgs_ws/install/s2_msgs/include/s2_msgs/s2_msgs/srv/detail/plugin_call__builder.hpp\n'}
[1.484534] (s2_msgs) StdoutLine: {'line': b'-- Up-to-date symlink: /workspace/s2_msgs_ws/install/s2_msgs/include/s2_msgs/s2_msgs/srv/detail/plugin_call__struct.hpp\n'}
[1.484636] (s2_msgs) StdoutLine: {'line': b'-- Up-to-date symlink: /workspace/s2_msgs_ws/install/s2_msgs/include/s2_msgs/s2_msgs/srv/detail/plugin_call__traits.hpp\n'}
[1.484735] (s2_msgs) StdoutLine: {'line': b'-- Up-to-date symlink: /workspace/s2_msgs_ws/install/s2_msgs/include/s2_msgs/s2_msgs/srv/detail/plugin_call__type_support.hpp\n'}
[1.484892] (s2_msgs) StdoutLine: {'line': b'-- Up-to-date symlink: /workspace/s2_msgs_ws/install/s2_msgs/include/s2_msgs/s2_msgs/srv/plugin_call.hpp\n'}
[1.485037] (s2_msgs) StdoutLine: {'line': b'-- Up-to-date symlink: /workspace/s2_msgs_ws/install/s2_msgs/include/s2_msgs/s2_msgs/msg/rosidl_typesupport_fastrtps_cpp__visibility_control.h\n'}
[1.485171] (s2_msgs) StdoutLine: {'line': b'-- Up-to-date symlink: /workspace/s2_msgs_ws/install/s2_msgs/include/s2_msgs/s2_msgs/srv/detail/plugin_call__rosidl_typesupport_fastrtps_cpp.hpp\n'}
[1.485271] (s2_msgs) StdoutLine: {'line': b'-- Up-to-date symlink: /workspace/s2_msgs_ws/install/s2_msgs/include/s2_msgs/s2_msgs/srv/detail/plugin_call__rosidl_typesupport_introspection_cpp.hpp\n'}
[1.485367] (s2_msgs) StdoutLine: {'line': b'-- Up-to-date symlink: /workspace/s2_msgs_ws/install/s2_msgs/share/s2_msgs/environment/pythonpath.sh\n'}
[1.485464] (s2_msgs) StdoutLine: {'line': b'-- Up-to-date symlink: /workspace/s2_msgs_ws/install/s2_msgs/share/s2_msgs/environment/pythonpath.dsv\n'}
[1.485562] (s2_msgs) StdoutLine: {'line': b'-- Up-to-date symlink: /workspace/s2_msgs_ws/install/s2_msgs/lib/python3.12/site-packages/s2_msgs-0.1.0-py3.12.egg-info/PKG-INFO\n'}
[1.485674] (s2_msgs) StdoutLine: {'line': b'-- Up-to-date symlink: /workspace/s2_msgs_ws/install/s2_msgs/lib/python3.12/site-packages/s2_msgs-0.1.0-py3.12.egg-info/SOURCES.txt\n'}
[1.485911] (s2_msgs) StdoutLine: {'line': b'-- Up-to-date symlink: /workspace/s2_msgs_ws/install/s2_msgs/lib/python3.12/site-packages/s2_msgs-0.1.0-py3.12.egg-info/dependency_links.txt\n'}
[1.486076] (s2_msgs) StdoutLine: {'line': b'-- Up-to-date symlink: /workspace/s2_msgs_ws/install/s2_msgs/lib/python3.12/site-packages/s2_msgs-0.1.0-py3.12.egg-info/top_level.txt\n'}
[1.486190] (s2_msgs) StdoutLine: {'line': b'-- Up-to-date symlink: /workspace/s2_msgs_ws/install/s2_msgs/lib/python3.12/site-packages/s2_msgs/__init__.py\n'}
[1.486291] (s2_msgs) StdoutLine: {'line': b'-- Up-to-date symlink: /workspace/s2_msgs_ws/install/s2_msgs/lib/python3.12/site-packages/s2_msgs/_s2_msgs_s.ep.rosidl_typesupport_c.c\n'}
[1.486390] (s2_msgs) StdoutLine: {'line': b'-- Up-to-date symlink: /workspace/s2_msgs_ws/install/s2_msgs/lib/python3.12/site-packages/s2_msgs/_s2_msgs_s.ep.rosidl_typesupport_fastrtps_c.c\n'}
[1.486489] (s2_msgs) StdoutLine: {'line': b'-- Up-to-date symlink: /workspace/s2_msgs_ws/install/s2_msgs/lib/python3.12/site-packages/s2_msgs/_s2_msgs_s.ep.rosidl_typesupport_introspection_c.c\n'}
[1.486682] (s2_msgs) StdoutLine: {'line': b'-- Up-to-date symlink: /workspace/s2_msgs_ws/install/s2_msgs/lib/python3.12/site-packages/s2_msgs/s2_msgs_s__rosidl_typesupport_c.so\n'}
[1.486795] (s2_msgs) StdoutLine: {'line': b'-- Up-to-date symlink: /workspace/s2_msgs_ws/install/s2_msgs/lib/python3.12/site-packages/s2_msgs/s2_msgs_s__rosidl_typesupport_fastrtps_c.so\n'}
[1.486865] (s2_msgs) StdoutLine: {'line': b'-- Up-to-date symlink: /workspace/s2_msgs_ws/install/s2_msgs/lib/python3.12/site-packages/s2_msgs/s2_msgs_s__rosidl_typesupport_introspection_c.so\n'}
[1.486985] (s2_msgs) StdoutLine: {'line': b'-- Up-to-date symlink: /workspace/s2_msgs_ws/install/s2_msgs/lib/python3.12/site-packages/s2_msgs/srv/__init__.py\n'}
[1.487073] (s2_msgs) StdoutLine: {'line': b'-- Up-to-date symlink: /workspace/s2_msgs_ws/install/s2_msgs/lib/python3.12/site-packages/s2_msgs/srv/_plugin_call.py\n'}
[1.487138] (s2_msgs) StdoutLine: {'line': b'-- Up-to-date symlink: /workspace/s2_msgs_ws/install/s2_msgs/lib/python3.12/site-packages/s2_msgs/srv/_plugin_call_s.c\n'}
[1.487713] (s2_msgs) StdoutLine: {'line': b'-- Up-to-date symlink: /workspace/s2_msgs_ws/install/s2_msgs/lib/python3.12/site-packages/s2_msgs/s2_msgs_s__rosidl_typesupport_fastrtps_c.so\n'}
[1.487841] (s2_msgs) StdoutLine: {'line': b'-- Up-to-date symlink: /workspace/s2_msgs_ws/install/s2_msgs/lib/python3.12/site-packages/s2_msgs/s2_msgs_s__rosidl_typesupport_introspection_c.so\n'}
[1.487915] (s2_msgs) StdoutLine: {'line': b'-- Up-to-date symlink: /workspace/s2_msgs_ws/install/s2_msgs/lib/python3.12/site-packages/s2_msgs/s2_msgs_s__rosidl_typesupport_c.so\n'}
[1.487994] (s2_msgs) StdoutLine: {'line': b'-- Up-to-date symlink: /workspace/s2_msgs_ws/install/s2_msgs/share/s2_msgs/srv/PluginCall.idl\n'}
[1.488199] (s2_msgs) StdoutLine: {'line': b'-- Up-to-date symlink: /workspace/s2_msgs_ws/install/s2_msgs/share/s2_msgs/srv/PluginCall.srv\n'}
[1.488260] (s2_msgs) StdoutLine: {'line': b'-- Up-to-date symlink: /workspace/s2_msgs_ws/install/s2_msgs/share/ament_index/resource_index/package_run_dependencies/s2_msgs\n'}
[1.488369] (s2_msgs) StdoutLine: {'line': b'-- Up-to-date symlink: /workspace/s2_msgs_ws/install/s2_msgs/share/ament_index/resource_index/parent_prefix_path/s2_msgs\n'}
[1.488502] (s2_msgs) StdoutLine: {'line': b'-- Up-to-date symlink: /workspace/s2_msgs_ws/install/s2_msgs/share/s2_msgs/environment/ament_prefix_path.sh\n'}
[1.488656] (s2_msgs) StdoutLine: {'line': b'-- Up-to-date symlink: /workspace/s2_msgs_ws/install/s2_msgs/share/s2_msgs/environment/ament_prefix_path.dsv\n'}
[1.488875] (s2_msgs) StdoutLine: {'line': b'-- Up-to-date symlink: /workspace/s2_msgs_ws/install/s2_msgs/share/s2_msgs/environment/path.sh\n'}
[1.489121] (s2_msgs) StdoutLine: {'line': b'-- Up-to-date symlink: /workspace/s2_msgs_ws/install/s2_msgs/share/s2_msgs/environment/path.dsv\n'}
[1.489315] (s2_msgs) StdoutLine: {'line': b'-- Up-to-date symlink: /workspace/s2_msgs_ws/install/s2_msgs/share/s2_msgs/local_setup.bash\n'}
[1.489499] (s2_msgs) StdoutLine: {'line': b'-- Up-to-date symlink: /workspace/s2_msgs_ws/install/s2_msgs/share/s2_msgs/local_setup.sh\n'}
[1.489696] (s2_msgs) StdoutLine: {'line': b'-- Up-to-date symlink: /workspace/s2_msgs_ws/install/s2_msgs/share/s2_msgs/local_setup.zsh\n'}
[1.489883] (s2_msgs) StdoutLine: {'line': b'-- Up-to-date symlink: /workspace/s2_msgs_ws/install/s2_msgs/share/s2_msgs/local_setup.dsv\n'}
[1.490061] (s2_msgs) StdoutLine: {'line': b'-- Symlinking: /workspace/s2_msgs_ws/install/s2_msgs/share/s2_msgs/package.dsv\n'}
[1.499125] (s2_msgs) StdoutLine: {'line': b'-- Up-to-date symlink: /workspace/s2_msgs_ws/install/s2_msgs/share/ament_index/resource_index/packages/s2_msgs\n'}
[1.499932] (s2_msgs) StdoutLine: {'line': b'-- Up-to-date symlink: /workspace/s2_msgs_ws/install/s2_msgs/share/s2_msgs/cmake/rosidl_cmake-extras.cmake\n'}
[1.500748] (s2_msgs) StdoutLine: {'line': b'-- Up-to-date symlink: /workspace/s2_msgs_ws/install/s2_msgs/share/s2_msgs/cmake/ament_cmake_export_dependencies-extras.cmake\n'}
[1.500890] (s2_msgs) StdoutLine: {'line': b'-- Up-to-date symlink: /workspace/s2_msgs_ws/install/s2_msgs/share/s2_msgs/cmake/ament_cmake_export_include_directories-extras.cmake\n'}
[1.501008] (s2_msgs) StdoutLine: {'line': b'-- Up-to-date symlink: /workspace/s2_msgs_ws/install/s2_msgs/share/s2_msgs/cmake/ament_cmake_export_libraries-extras.cmake\n'}
[1.501103] (s2_msgs) StdoutLine: {'line': b'-- Up-to-date symlink: /workspace/s2_msgs_ws/install/s2_msgs/share/s2_msgs/cmake/ament_cmake_export_targets-extras.cmake\n'}
[1.501935] (-) TimerEvent: {}
[1.502123] (s2_msgs) StdoutLine: {'line': b'-- Up-to-date symlink: /workspace/s2_msgs_ws/install/s2_msgs/share/s2_msgs/cmake/rosidl_cmake_export_typesupport_targets-extras.cmake\n'}
[1.502292] (s2_msgs) StdoutLine: {'line': b'-- Up-to-date symlink: /workspace/s2_msgs_ws/install/s2_msgs/share/s2_msgs/cmake/rosidl_cmake_export_typesupport_libraries-extras.cmake\n'}
[1.502404] (s2_msgs) StdoutLine: {'line': b'-- Up-to-date symlink: /workspace/s2_msgs_ws/install/s2_msgs/share/s2_msgs/cmake/s2_msgsConfig.cmake\n'}
[1.502474] (s2_msgs) StdoutLine: {'line': b'-- Up-to-date symlink: /workspace/s2_msgs_ws/install/s2_msgs/share/s2_msgs/cmake/s2_msgsConfig-version.cmake\n'}
[1.503030] (s2_msgs) StdoutLine: {'line': b'-- Up-to-date symlink: /workspace/s2_msgs_ws/install/s2_msgs/share/s2_msgs/package.xml\n'}
[1.503128] (s2_msgs) StdoutLine: {'line': b'-- Up-to-date: /workspace/s2_msgs_ws/install/s2_msgs/lib/libs2_msgs__rosidl_generator_c.so\n'}
[1.503216] (s2_msgs) StdoutLine: {'line': b'-- Up-to-date: /workspace/s2_msgs_ws/install/s2_msgs/lib/libs2_msgs__rosidl_typesupport_fastrtps_c.so\n'}
[1.503366] (s2_msgs) StdoutLine: {'line': b'-- Up-to-date: /workspace/s2_msgs_ws/install/s2_msgs/lib/libs2_msgs__rosidl_typesupport_introspection_c.so\n'}
[1.503509] (s2_msgs) StdoutLine: {'line': b'-- Up-to-date: /workspace/s2_msgs_ws/install/s2_msgs/lib/libs2_msgs__rosidl_typesupport_c.so\n'}
[1.503660] (s2_msgs) StdoutLine: {'line': b'-- Up-to-date: /workspace/s2_msgs_ws/install/s2_msgs/lib/libs2_msgs__rosidl_typesupport_fastrtps_cpp.so\n'}
[1.503795] (s2_msgs) StdoutLine: {'line': b'-- Up-to-date: /workspace/s2_msgs_ws/install/s2_msgs/lib/libs2_msgs__rosidl_typesupport_introspection_cpp.so\n'}
[1.503994] (s2_msgs) StdoutLine: {'line': b'-- Up-to-date: /workspace/s2_msgs_ws/install/s2_msgs/lib/libs2_msgs__rosidl_typesupport_cpp.so\n'}
[1.544017] (s2_msgs) StdoutLine: {'line': b"Listing '/workspace/s2_msgs_ws/install/s2_msgs/lib/python3.12/site-packages/s2_msgs'...\n"}
[1.544219] (s2_msgs) StdoutLine: {'line': b"Compiling '/workspace/s2_msgs_ws/install/s2_msgs/lib/python3.12/site-packages/s2_msgs/__init__.py'...\n"}
[1.544336] (s2_msgs) StdoutLine: {'line': b"Listing '/workspace/s2_msgs_ws/install/s2_msgs/lib/python3.12/site-packages/s2_msgs/srv'...\n"}
[1.551273] (s2_msgs) StdoutLine: {'line': b'-- Up-to-date: /workspace/s2_msgs_ws/install/s2_msgs/lib/libs2_msgs__rosidl_generator_py.so\n'}
[1.551489] (s2_msgs) StdoutLine: {'line': b'-- Up-to-date: /workspace/s2_msgs_ws/install/s2_msgs/share/s2_msgs/cmake/export_s2_msgs__rosidl_generator_cExport.cmake\n'}
[1.551667] (s2_msgs) StdoutLine: {'line': b'-- Up-to-date: /workspace/s2_msgs_ws/install/s2_msgs/share/s2_msgs/cmake/export_s2_msgs__rosidl_generator_cExport-noconfig.cmake\n'}
[1.551750] (s2_msgs) StdoutLine: {'line': b'-- Up-to-date: /workspace/s2_msgs_ws/install/s2_msgs/share/s2_msgs/cmake/export_s2_msgs__rosidl_typesupport_fastrtps_cExport.cmake\n'}
[1.551867] (s2_msgs) StdoutLine: {'line': b'-- Up-to-date: /workspace/s2_msgs_ws/install/s2_msgs/share/s2_msgs/cmake/export_s2_msgs__rosidl_typesupport_fastrtps_cExport-noconfig.cmake\n'}
[1.552043] (s2_msgs) StdoutLine: {'line': b'-- Up-to-date: /workspace/s2_msgs_ws/install/s2_msgs/share/s2_msgs/cmake/s2_msgs__rosidl_typesupport_introspection_cExport.cmake\n'}
[1.552114] (s2_msgs) StdoutLine: {'line': b'-- Up-to-date: /workspace/s2_msgs_ws/install/s2_msgs/share/s2_msgs/cmake/s2_msgs__rosidl_typesupport_introspection_cExport-noconfig.cmake\n'}
[1.552177] (s2_msgs) StdoutLine: {'line': b'-- Up-to-date: /workspace/s2_msgs_ws/install/s2_msgs/share/s2_msgs/cmake/s2_msgs__rosidl_typesupport_cExport.cmake\n'}
[1.552365] (s2_msgs) StdoutLine: {'line': b'-- Up-to-date: /workspace/s2_msgs_ws/install/s2_msgs/share/s2_msgs/cmake/s2_msgs__rosidl_typesupport_cExport-noconfig.cmake\n'}
[1.552429] (s2_msgs) StdoutLine: {'line': b'-- Up-to-date: /workspace/s2_msgs_ws/install/s2_msgs/share/s2_msgs/cmake/export_s2_msgs__rosidl_generator_cppExport.cmake\n'}
[1.552492] (s2_msgs) StdoutLine: {'line': b'-- Up-to-date: /workspace/s2_msgs_ws/install/s2_msgs/share/s2_msgs/cmake/export_s2_msgs__rosidl_typesupport_fastrtps_cppExport.cmake\n'}
[1.552554] (s2_msgs) StdoutLine: {'line': b'-- Up-to-date: /workspace/s2_msgs_ws/install/s2_msgs/share/s2_msgs/cmake/export_s2_msgs__rosidl_typesupport_fastrtps_cppExport-noconfig.cmake\n'}
[1.552617] (s2_msgs) StdoutLine: {'line': b'-- Up-to-date: /workspace/s2_msgs_ws/install/s2_msgs/share/s2_msgs/cmake/s2_msgs__rosidl_typesupport_introspection_cppExport.cmake\n'}
[1.552679] (s2_msgs) StdoutLine: {'line': b'-- Up-to-date: /workspace/s2_msgs_ws/install/s2_msgs/share/s2_msgs/cmake/s2_msgs__rosidl_typesupport_introspection_cppExport-noconfig.cmake\n'}
[1.552806] (s2_msgs) StdoutLine: {'line': b'-- Up-to-date: /workspace/s2_msgs_ws/install/s2_msgs/share/s2_msgs/cmake/s2_msgs__rosidl_typesupport_cppExport.cmake\n'}
[1.552870] (s2_msgs) StdoutLine: {'line': b'-- Up-to-date: /workspace/s2_msgs_ws/install/s2_msgs/share/s2_msgs/cmake/s2_msgs__rosidl_typesupport_cppExport-noconfig.cmake\n'}
[1.552929] (s2_msgs) StdoutLine: {'line': b'-- Up-to-date: /workspace/s2_msgs_ws/install/s2_msgs/share/s2_msgs/cmake/export_s2_msgs__rosidl_generator_pyExport.cmake\n'}
[1.553010] (s2_msgs) StdoutLine: {'line': b'-- Up-to-date: /workspace/s2_msgs_ws/install/s2_msgs/share/s2_msgs/cmake/export_s2_msgs__rosidl_generator_pyExport-noconfig.cmake\n'}
[1.553929] (s2_msgs) CommandEnded: {'returncode': 0}
[1.583337] (s2_msgs) JobEnded: {'identifier': 's2_msgs', 'rc': 0}
[1.583916] (-) EventReactorShutdown: {}
