[0.007s] Invoking command in '/workspace/s2_msgs_ws/build/s2_msgs': CMAKE_PREFIX_PATH=${CMAKE_PREFIX_PATH}:/opt/ros/jazzy /usr/bin/cmake --build /workspace/s2_msgs_ws/build/s2_msgs -- -j12 -l12
[0.030s] -- Found ament_cmake: 2.5.5 (/opt/ros/jazzy/share/ament_cmake/cmake)
[0.048s] -- Found Python3: /usr/bin/python3 (found version "3.12.3") found components: Interpreter 
[0.124s] -- Override CMake install command with custom implementation using symlinks instead of copying resources
[0.132s] -- Found rosidl_default_generators: 1.6.0 (/opt/ros/jazzy/share/rosidl_default_generators/cmake)
[0.134s] -- Using all available rosidl_typesupport_c: rosidl_typesupport_fastrtps_c;rosidl_typesupport_introspection_c
[0.165s] -- Using all available rosidl_typesupport_cpp: rosidl_typesupport_fastrtps_cpp;rosidl_typesupport_introspection_cpp
[0.194s] -- Found rosidl_adapter: 4.6.7 (/opt/ros/jazzy/share/rosidl_adapter/cmake)
[0.415s] -- Found ament_cmake_ros: 0.12.0 (/opt/ros/jazzy/share/ament_cmake_ros/cmake)
[0.485s] -- Using all available rosidl_typesupport_c: rosidl_typesupport_fastrtps_c;rosidl_typesupport_introspection_c
[0.573s] -- Using all available rosidl_typesupport_cpp: rosidl_typesupport_fastrtps_cpp;rosidl_typesupport_introspection_cpp
[0.574s] -- Found python_cmake_module: 0.11.1 (/opt/ros/jazzy/share/python_cmake_module/cmake)
[0.810s] -- Found Python3: /usr/bin/python3 (found version "3.12.3") found components: Interpreter Development NumPy Development.Module Development.Embed 
[0.827s] -- Configuring done (0.8s)
[0.857s] -- Generating done (0.0s)
[0.869s] -- Build files have been written to: /workspace/s2_msgs_ws/build/s2_msgs
[0.895s] [  2%] Built target s2_msgs__rosidl_generator_type_description
[0.902s] [  2%] Built target ament_cmake_python_symlink_s2_msgs
[0.910s] [  5%] Built target s2_msgs__cpp
[0.914s] [ 20%] Built target s2_msgs__rosidl_generator_c
[0.935s] [ 29%] Built target s2_msgs__rosidl_typesupport_introspection_c
[0.935s] [ 44%] Built target s2_msgs__rosidl_typesupport_introspection_cpp
[0.935s] [ 47%] Built target s2_msgs__rosidl_typesupport_fastrtps_cpp
[0.936s] [ 55%] Built target s2_msgs__rosidl_typesupport_c
[0.936s] [ 64%] Built target s2_msgs__rosidl_typesupport_fastrtps_c
[0.936s] [ 73%] Built target s2_msgs__rosidl_typesupport_cpp
[0.952s] [ 73%] Built target s2_msgs
[0.971s] [ 76%] Built target s2_msgs__py
[0.990s] [ 82%] Built target s2_msgs__rosidl_generator_py
[1.010s] [100%] Built target s2_msgs_s__rosidl_typesupport_c
[1.010s] [100%] Built target s2_msgs_s__rosidl_typesupport_fastrtps_c
[1.010s] [100%] Built target s2_msgs_s__rosidl_typesupport_introspection_c
[1.094s] running egg_info
[1.109s] writing s2_msgs.egg-info/PKG-INFO
[1.109s] writing dependency_links to s2_msgs.egg-info/dependency_links.txt
[1.109s] writing top-level names to s2_msgs.egg-info/top_level.txt
[1.154s] reading manifest file 's2_msgs.egg-info/SOURCES.txt'
[1.155s] writing manifest file 's2_msgs.egg-info/SOURCES.txt'
[1.178s] [100%] Built target ament_cmake_python_build_s2_msgs_egg
[1.187s] Invoked command in '/workspace/s2_msgs_ws/build/s2_msgs' returned '0': CMAKE_PREFIX_PATH=${CMAKE_PREFIX_PATH}:/opt/ros/jazzy /usr/bin/cmake --build /workspace/s2_msgs_ws/build/s2_msgs -- -j12 -l12
[1.195s] Invoking command in '/workspace/s2_msgs_ws/build/s2_msgs': CMAKE_PREFIX_PATH=${CMAKE_PREFIX_PATH}:/opt/ros/jazzy /usr/bin/cmake --install /workspace/s2_msgs_ws/build/s2_msgs
[1.202s] -- Install configuration: ""
[1.203s] -- Execute custom install script
[1.203s] -- Up-to-date symlink: /workspace/s2_msgs_ws/install/s2_msgs/share/ament_index/resource_index/rosidl_interfaces/s2_msgs
[1.203s] -- Up-to-date symlink: /workspace/s2_msgs_ws/install/s2_msgs/share/s2_msgs/srv/PluginCall.json
[1.203s] -- Up-to-date symlink: /workspace/s2_msgs_ws/install/s2_msgs/include/s2_msgs/s2_msgs/msg/rosidl_generator_c__visibility_control.h
[1.203s] -- Up-to-date symlink: /workspace/s2_msgs_ws/install/s2_msgs/include/s2_msgs/s2_msgs/srv/detail/plugin_call__functions.h
[1.204s] -- Up-to-date symlink: /workspace/s2_msgs_ws/install/s2_msgs/include/s2_msgs/s2_msgs/srv/detail/plugin_call__struct.h
[1.204s] -- Up-to-date symlink: /workspace/s2_msgs_ws/install/s2_msgs/include/s2_msgs/s2_msgs/srv/detail/plugin_call__type_support.h
[1.204s] -- Up-to-date symlink: /workspace/s2_msgs_ws/install/s2_msgs/include/s2_msgs/s2_msgs/srv/plugin_call.h
[1.204s] -- Up-to-date symlink: /workspace/s2_msgs_ws/install/s2_msgs/share/s2_msgs/environment/library_path.sh
[1.204s] -- Up-to-date symlink: /workspace/s2_msgs_ws/install/s2_msgs/share/s2_msgs/environment/library_path.dsv
[1.204s] -- Up-to-date symlink: /workspace/s2_msgs_ws/install/s2_msgs/include/s2_msgs/s2_msgs/msg/rosidl_typesupport_fastrtps_c__visibility_control.h
[1.204s] -- Up-to-date symlink: /workspace/s2_msgs_ws/install/s2_msgs/include/s2_msgs/s2_msgs/srv/detail/plugin_call__rosidl_typesupport_fastrtps_c.h
[1.205s] -- Up-to-date symlink: /workspace/s2_msgs_ws/install/s2_msgs/include/s2_msgs/s2_msgs/msg/rosidl_typesupport_introspection_c__visibility_control.h
[1.205s] -- Up-to-date symlink: /workspace/s2_msgs_ws/install/s2_msgs/include/s2_msgs/s2_msgs/srv/detail/plugin_call__rosidl_typesupport_introspection_c.h
[1.205s] -- Up-to-date symlink: /workspace/s2_msgs_ws/install/s2_msgs/include/s2_msgs/s2_msgs/msg/rosidl_generator_cpp__visibility_control.hpp
[1.205s] -- Up-to-date symlink: /workspace/s2_msgs_ws/install/s2_msgs/include/s2_msgs/s2_msgs/srv/detail/plugin_call__builder.hpp
[1.205s] -- Up-to-date symlink: /workspace/s2_msgs_ws/install/s2_msgs/include/s2_msgs/s2_msgs/srv/detail/plugin_call__struct.hpp
[1.205s] -- Up-to-date symlink: /workspace/s2_msgs_ws/install/s2_msgs/include/s2_msgs/s2_msgs/srv/detail/plugin_call__traits.hpp
[1.206s] -- Up-to-date symlink: /workspace/s2_msgs_ws/install/s2_msgs/include/s2_msgs/s2_msgs/srv/detail/plugin_call__type_support.hpp
[1.206s] -- Up-to-date symlink: /workspace/s2_msgs_ws/install/s2_msgs/include/s2_msgs/s2_msgs/srv/plugin_call.hpp
[1.206s] -- Up-to-date symlink: /workspace/s2_msgs_ws/install/s2_msgs/include/s2_msgs/s2_msgs/msg/rosidl_typesupport_fastrtps_cpp__visibility_control.h
[1.206s] -- Up-to-date symlink: /workspace/s2_msgs_ws/install/s2_msgs/include/s2_msgs/s2_msgs/srv/detail/plugin_call__rosidl_typesupport_fastrtps_cpp.hpp
[1.206s] -- Up-to-date symlink: /workspace/s2_msgs_ws/install/s2_msgs/include/s2_msgs/s2_msgs/srv/detail/plugin_call__rosidl_typesupport_introspection_cpp.hpp
[1.207s] -- Up-to-date symlink: /workspace/s2_msgs_ws/install/s2_msgs/share/s2_msgs/environment/pythonpath.sh
[1.207s] -- Up-to-date symlink: /workspace/s2_msgs_ws/install/s2_msgs/share/s2_msgs/environment/pythonpath.dsv
[1.207s] -- Up-to-date symlink: /workspace/s2_msgs_ws/install/s2_msgs/lib/python3.12/site-packages/s2_msgs-0.1.0-py3.12.egg-info/PKG-INFO
[1.207s] -- Up-to-date symlink: /workspace/s2_msgs_ws/install/s2_msgs/lib/python3.12/site-packages/s2_msgs-0.1.0-py3.12.egg-info/SOURCES.txt
[1.207s] -- Up-to-date symlink: /workspace/s2_msgs_ws/install/s2_msgs/lib/python3.12/site-packages/s2_msgs-0.1.0-py3.12.egg-info/dependency_links.txt
[1.207s] -- Up-to-date symlink: /workspace/s2_msgs_ws/install/s2_msgs/lib/python3.12/site-packages/s2_msgs-0.1.0-py3.12.egg-info/top_level.txt
[1.208s] -- Up-to-date symlink: /workspace/s2_msgs_ws/install/s2_msgs/lib/python3.12/site-packages/s2_msgs/__init__.py
[1.208s] -- Up-to-date symlink: /workspace/s2_msgs_ws/install/s2_msgs/lib/python3.12/site-packages/s2_msgs/_s2_msgs_s.ep.rosidl_typesupport_c.c
[1.208s] -- Up-to-date symlink: /workspace/s2_msgs_ws/install/s2_msgs/lib/python3.12/site-packages/s2_msgs/_s2_msgs_s.ep.rosidl_typesupport_fastrtps_c.c
[1.208s] -- Up-to-date symlink: /workspace/s2_msgs_ws/install/s2_msgs/lib/python3.12/site-packages/s2_msgs/_s2_msgs_s.ep.rosidl_typesupport_introspection_c.c
[1.208s] -- Up-to-date symlink: /workspace/s2_msgs_ws/install/s2_msgs/lib/python3.12/site-packages/s2_msgs/s2_msgs_s__rosidl_typesupport_c.so
[1.208s] -- Up-to-date symlink: /workspace/s2_msgs_ws/install/s2_msgs/lib/python3.12/site-packages/s2_msgs/s2_msgs_s__rosidl_typesupport_fastrtps_c.so
[1.208s] -- Up-to-date symlink: /workspace/s2_msgs_ws/install/s2_msgs/lib/python3.12/site-packages/s2_msgs/s2_msgs_s__rosidl_typesupport_introspection_c.so
[1.208s] -- Up-to-date symlink: /workspace/s2_msgs_ws/install/s2_msgs/lib/python3.12/site-packages/s2_msgs/srv/__init__.py
[1.209s] -- Up-to-date symlink: /workspace/s2_msgs_ws/install/s2_msgs/lib/python3.12/site-packages/s2_msgs/srv/_plugin_call.py
[1.209s] -- Up-to-date symlink: /workspace/s2_msgs_ws/install/s2_msgs/lib/python3.12/site-packages/s2_msgs/srv/_plugin_call_s.c
[1.209s] -- Up-to-date symlink: /workspace/s2_msgs_ws/install/s2_msgs/lib/python3.12/site-packages/s2_msgs/s2_msgs_s__rosidl_typesupport_fastrtps_c.so
[1.209s] -- Up-to-date symlink: /workspace/s2_msgs_ws/install/s2_msgs/lib/python3.12/site-packages/s2_msgs/s2_msgs_s__rosidl_typesupport_introspection_c.so
[1.209s] -- Up-to-date symlink: /workspace/s2_msgs_ws/install/s2_msgs/lib/python3.12/site-packages/s2_msgs/s2_msgs_s__rosidl_typesupport_c.so
[1.210s] -- Up-to-date symlink: /workspace/s2_msgs_ws/install/s2_msgs/share/s2_msgs/srv/PluginCall.idl
[1.210s] -- Up-to-date symlink: /workspace/s2_msgs_ws/install/s2_msgs/share/s2_msgs/srv/PluginCall.srv
[1.210s] -- Up-to-date symlink: /workspace/s2_msgs_ws/install/s2_msgs/share/ament_index/resource_index/package_run_dependencies/s2_msgs
[1.210s] -- Up-to-date symlink: /workspace/s2_msgs_ws/install/s2_msgs/share/ament_index/resource_index/parent_prefix_path/s2_msgs
[1.210s] -- Up-to-date symlink: /workspace/s2_msgs_ws/install/s2_msgs/share/s2_msgs/environment/ament_prefix_path.sh
[1.210s] -- Up-to-date symlink: /workspace/s2_msgs_ws/install/s2_msgs/share/s2_msgs/environment/ament_prefix_path.dsv
[1.211s] -- Up-to-date symlink: /workspace/s2_msgs_ws/install/s2_msgs/share/s2_msgs/environment/path.sh
[1.211s] -- Up-to-date symlink: /workspace/s2_msgs_ws/install/s2_msgs/share/s2_msgs/environment/path.dsv
[1.211s] -- Up-to-date symlink: /workspace/s2_msgs_ws/install/s2_msgs/share/s2_msgs/local_setup.bash
[1.211s] -- Up-to-date symlink: /workspace/s2_msgs_ws/install/s2_msgs/share/s2_msgs/local_setup.sh
[1.211s] -- Up-to-date symlink: /workspace/s2_msgs_ws/install/s2_msgs/share/s2_msgs/local_setup.zsh
[1.211s] -- Up-to-date symlink: /workspace/s2_msgs_ws/install/s2_msgs/share/s2_msgs/local_setup.dsv
[1.211s] -- Symlinking: /workspace/s2_msgs_ws/install/s2_msgs/share/s2_msgs/package.dsv
[1.219s] -- Up-to-date symlink: /workspace/s2_msgs_ws/install/s2_msgs/share/ament_index/resource_index/packages/s2_msgs
[1.220s] -- Up-to-date symlink: /workspace/s2_msgs_ws/install/s2_msgs/share/s2_msgs/cmake/rosidl_cmake-extras.cmake
[1.220s] -- Up-to-date symlink: /workspace/s2_msgs_ws/install/s2_msgs/share/s2_msgs/cmake/ament_cmake_export_dependencies-extras.cmake
[1.220s] -- Up-to-date symlink: /workspace/s2_msgs_ws/install/s2_msgs/share/s2_msgs/cmake/ament_cmake_export_include_directories-extras.cmake
[1.220s] -- Up-to-date symlink: /workspace/s2_msgs_ws/install/s2_msgs/share/s2_msgs/cmake/ament_cmake_export_libraries-extras.cmake
[1.220s] -- Up-to-date symlink: /workspace/s2_msgs_ws/install/s2_msgs/share/s2_msgs/cmake/ament_cmake_export_targets-extras.cmake
[1.220s] -- Up-to-date symlink: /workspace/s2_msgs_ws/install/s2_msgs/share/s2_msgs/cmake/rosidl_cmake_export_typesupport_targets-extras.cmake
[1.220s] -- Up-to-date symlink: /workspace/s2_msgs_ws/install/s2_msgs/share/s2_msgs/cmake/rosidl_cmake_export_typesupport_libraries-extras.cmake
[1.220s] -- Up-to-date symlink: /workspace/s2_msgs_ws/install/s2_msgs/share/s2_msgs/cmake/s2_msgsConfig.cmake
[1.220s] -- Up-to-date symlink: /workspace/s2_msgs_ws/install/s2_msgs/share/s2_msgs/cmake/s2_msgsConfig-version.cmake
[1.221s] -- Up-to-date symlink: /workspace/s2_msgs_ws/install/s2_msgs/share/s2_msgs/package.xml
[1.221s] -- Up-to-date: /workspace/s2_msgs_ws/install/s2_msgs/lib/libs2_msgs__rosidl_generator_c.so
[1.221s] -- Up-to-date: /workspace/s2_msgs_ws/install/s2_msgs/lib/libs2_msgs__rosidl_typesupport_fastrtps_c.so
[1.221s] -- Up-to-date: /workspace/s2_msgs_ws/install/s2_msgs/lib/libs2_msgs__rosidl_typesupport_introspection_c.so
[1.221s] -- Up-to-date: /workspace/s2_msgs_ws/install/s2_msgs/lib/libs2_msgs__rosidl_typesupport_c.so
[1.222s] -- Up-to-date: /workspace/s2_msgs_ws/install/s2_msgs/lib/libs2_msgs__rosidl_typesupport_fastrtps_cpp.so
[1.222s] -- Up-to-date: /workspace/s2_msgs_ws/install/s2_msgs/lib/libs2_msgs__rosidl_typesupport_introspection_cpp.so
[1.222s] -- Up-to-date: /workspace/s2_msgs_ws/install/s2_msgs/lib/libs2_msgs__rosidl_typesupport_cpp.so
[1.255s] Listing '/workspace/s2_msgs_ws/install/s2_msgs/lib/python3.12/site-packages/s2_msgs'...
[1.255s] Compiling '/workspace/s2_msgs_ws/install/s2_msgs/lib/python3.12/site-packages/s2_msgs/__init__.py'...
[1.255s] Listing '/workspace/s2_msgs_ws/install/s2_msgs/lib/python3.12/site-packages/s2_msgs/srv'...
[1.260s] -- Up-to-date: /workspace/s2_msgs_ws/install/s2_msgs/lib/libs2_msgs__rosidl_generator_py.so
[1.260s] -- Up-to-date: /workspace/s2_msgs_ws/install/s2_msgs/share/s2_msgs/cmake/export_s2_msgs__rosidl_generator_cExport.cmake
[1.260s] -- Up-to-date: /workspace/s2_msgs_ws/install/s2_msgs/share/s2_msgs/cmake/export_s2_msgs__rosidl_generator_cExport-noconfig.cmake
[1.260s] -- Up-to-date: /workspace/s2_msgs_ws/install/s2_msgs/share/s2_msgs/cmake/export_s2_msgs__rosidl_typesupport_fastrtps_cExport.cmake
[1.261s] -- Up-to-date: /workspace/s2_msgs_ws/install/s2_msgs/share/s2_msgs/cmake/export_s2_msgs__rosidl_typesupport_fastrtps_cExport-noconfig.cmake
[1.261s] -- Up-to-date: /workspace/s2_msgs_ws/install/s2_msgs/share/s2_msgs/cmake/s2_msgs__rosidl_typesupport_introspection_cExport.cmake
[1.261s] -- Up-to-date: /workspace/s2_msgs_ws/install/s2_msgs/share/s2_msgs/cmake/s2_msgs__rosidl_typesupport_introspection_cExport-noconfig.cmake
[1.261s] -- Up-to-date: /workspace/s2_msgs_ws/install/s2_msgs/share/s2_msgs/cmake/s2_msgs__rosidl_typesupport_cExport.cmake
[1.261s] -- Up-to-date: /workspace/s2_msgs_ws/install/s2_msgs/share/s2_msgs/cmake/s2_msgs__rosidl_typesupport_cExport-noconfig.cmake
[1.261s] -- Up-to-date: /workspace/s2_msgs_ws/install/s2_msgs/share/s2_msgs/cmake/export_s2_msgs__rosidl_generator_cppExport.cmake
[1.261s] -- Up-to-date: /workspace/s2_msgs_ws/install/s2_msgs/share/s2_msgs/cmake/export_s2_msgs__rosidl_typesupport_fastrtps_cppExport.cmake
[1.261s] -- Up-to-date: /workspace/s2_msgs_ws/install/s2_msgs/share/s2_msgs/cmake/export_s2_msgs__rosidl_typesupport_fastrtps_cppExport-noconfig.cmake
[1.262s] -- Up-to-date: /workspace/s2_msgs_ws/install/s2_msgs/share/s2_msgs/cmake/s2_msgs__rosidl_typesupport_introspection_cppExport.cmake
[1.262s] -- Up-to-date: /workspace/s2_msgs_ws/install/s2_msgs/share/s2_msgs/cmake/s2_msgs__rosidl_typesupport_introspection_cppExport-noconfig.cmake
[1.262s] -- Up-to-date: /workspace/s2_msgs_ws/install/s2_msgs/share/s2_msgs/cmake/s2_msgs__rosidl_typesupport_cppExport.cmake
[1.262s] -- Up-to-date: /workspace/s2_msgs_ws/install/s2_msgs/share/s2_msgs/cmake/s2_msgs__rosidl_typesupport_cppExport-noconfig.cmake
[1.262s] -- Up-to-date: /workspace/s2_msgs_ws/install/s2_msgs/share/s2_msgs/cmake/export_s2_msgs__rosidl_generator_pyExport.cmake
[1.262s] -- Up-to-date: /workspace/s2_msgs_ws/install/s2_msgs/share/s2_msgs/cmake/export_s2_msgs__rosidl_generator_pyExport-noconfig.cmake
[1.263s] Invoked command in '/workspace/s2_msgs_ws/build/s2_msgs' returned '0': CMAKE_PREFIX_PATH=${CMAKE_PREFIX_PATH}:/opt/ros/jazzy /usr/bin/cmake --install /workspace/s2_msgs_ws/build/s2_msgs
