[0.000000] (-) TimerEvent: {}
[0.000064] (s2_msgs) JobQueued: {'identifier': 's2_msgs', 'dependencies': OrderedDict()}
[0.000361] (s2_msgs) JobStarted: {'identifier': 's2_msgs'}
[0.006008] (s2_msgs) JobProgress: {'identifier': 's2_msgs', 'progress': 'cmake'}
[0.006506] (s2_msgs) JobProgress: {'identifier': 's2_msgs', 'progress': 'build'}
[0.007144] (s2_msgs) Command: {'cmd': ['/usr/bin/cmake', '--build', '/workspace/s2_msgs_ws/build/s2_msgs', '--', '-j12', '-l12'], 'cwd': '/workspace/s2_msgs_ws/build/s2_msgs', 'env': OrderedDict({'GZ_CONFIG_PATH': '/opt/ros/jazzy/opt/sdformat_vendor/share/gz', 'HOSTNAME': '54f69aa75b81', 'SHLVL': '1', 'LD_LIBRARY_PATH': '/opt/ros/jazzy/opt/sdformat_vendor/lib:/opt/ros/jazzy/lib/x86_64-linux-gnu:/opt/ros/jazzy/opt/gz_math_vendor/lib:/opt/ros/jazzy/opt/gz_utils_vendor/lib:/opt/ros/jazzy/opt/gz_tools_vendor/lib:/opt/ros/jazzy/opt/gz_cmake_vendor/lib:/opt/ros/jazzy/lib', 'HOME': '/root', 'OLDPWD': '/workspace', 'ROS_PYTHON_VERSION': '3', 'LC_CTYPE': 'C.UTF-8', 'ROS_DISTRO': 'jazzy', '_': '/usr/bin/colcon', 'ROS_VERSION': '2', 'PATH': '/opt/ros/jazzy/opt/gz_tools_vendor/bin:/opt/ros/jazzy/bin:/usr/local/sbin:/usr/local/bin:/usr/sbin:/usr/bin:/sbin:/bin', 'RMW_IMPLEMENTATION': 'rmw_fastrtps_cpp', 'AMENT_PREFIX_PATH': '/opt/ros/jazzy', 'DEBIAN_FRONTEND': 'noninteractive', 'ROS_AUTOMATIC_DISCOVERY_RANGE': 'SUBNET', 'PWD': '/workspace/s2_msgs_ws/build/s2_msgs', 'PYTHONPATH': '/opt/ros/jazzy/lib/python3.12/site-packages', 'COLCON': '1', 'CMAKE_PREFIX_PATH': '/opt/ros/jazzy/opt/sdformat_vendor:/opt/ros/jazzy/opt/gz_math_vendor:/opt/ros/jazzy/opt/gz_utils_vendor:/opt/ros/jazzy/opt/gz_tools_vendor:/opt/ros/jazzy/opt/gz_cmake_vendor:/opt/ros/jazzy'}), 'shell': False}
[0.036892] (s2_msgs) StdoutLine: {'line': b'-- Found ament_cmake: 2.5.5 (/opt/ros/jazzy/share/ament_cmake/cmake)\n'}
[0.058331] (s2_msgs) StdoutLine: {'line': b'-- Found Python3: /usr/bin/python3 (found version "3.12.3") found components: Interpreter \n'}
[0.099873] (-) TimerEvent: {}
[0.149114] (s2_msgs) StdoutLine: {'line': b'-- Override CMake install command with custom implementation using symlinks instead of copying resources\n'}
[0.163825] (s2_msgs) StdoutLine: {'line': b'-- Found rosidl_default_generators: 1.6.0 (/opt/ros/jazzy/share/rosidl_default_generators/cmake)\n'}
[0.166447] (s2_msgs) StdoutLine: {'line': b'-- Using all available rosidl_typesupport_c: rosidl_typesupport_fastrtps_c;rosidl_typesupport_introspection_c\n'}
[0.199985] (-) TimerEvent: {}
[0.213989] (s2_msgs) StdoutLine: {'line': b'-- Using all available rosidl_typesupport_cpp: rosidl_typesupport_fastrtps_cpp;rosidl_typesupport_introspection_cpp\n'}
[0.260002] (s2_msgs) StdoutLine: {'line': b'-- Found rosidl_adapter: 4.6.7 (/opt/ros/jazzy/share/rosidl_adapter/cmake)\n'}
[0.300081] (-) TimerEvent: {}
[0.400256] (-) TimerEvent: {}
[0.500419] (-) TimerEvent: {}
[0.512878] (s2_msgs) StdoutLine: {'line': b'-- Found ament_cmake_ros: 0.12.0 (/opt/ros/jazzy/share/ament_cmake_ros/cmake)\n'}
[0.582594] (s2_msgs) StdoutLine: {'line': b'-- Using all available rosidl_typesupport_c: rosidl_typesupport_fastrtps_c;rosidl_typesupport_introspection_c\n'}
[0.600523] (-) TimerEvent: {}
[0.683599] (s2_msgs) StdoutLine: {'line': b'-- Using all available rosidl_typesupport_cpp: rosidl_typesupport_fastrtps_cpp;rosidl_typesupport_introspection_cpp\n'}
[0.684662] (s2_msgs) StdoutLine: {'line': b'-- Found python_cmake_module: 0.11.1 (/opt/ros/jazzy/share/python_cmake_module/cmake)\n'}
[0.700598] (-) TimerEvent: {}
[0.800740] (-) TimerEvent: {}
[0.900878] (-) TimerEvent: {}
[0.940888] (s2_msgs) StdoutLine: {'line': b'-- Found Python3: /usr/bin/python3 (found version "3.12.3") found components: Interpreter Development NumPy Development.Module Development.Embed \n'}
[0.961112] (s2_msgs) StdoutLine: {'line': b'-- Configuring done (0.9s)\n'}
[0.993135] (s2_msgs) StdoutLine: {'line': b'-- Generating done (0.0s)\n'}
[1.000978] (-) TimerEvent: {}
[1.004668] (s2_msgs) StdoutLine: {'line': b'-- Build files have been written to: /workspace/s2_msgs_ws/build/s2_msgs\n'}
[1.036654] (s2_msgs) StdoutLine: {'line': b'[  2%] Built target s2_msgs__rosidl_generator_type_description\n'}
[1.045890] (s2_msgs) StdoutLine: {'line': b'[  2%] Built target ament_cmake_python_symlink_s2_msgs\n'}
[1.056926] (s2_msgs) StdoutLine: {'line': b'[  5%] Built target s2_msgs__cpp\n'}
[1.058442] (s2_msgs) StdoutLine: {'line': b'[ 20%] Built target s2_msgs__rosidl_generator_c\n'}
[1.086153] (s2_msgs) StdoutLine: {'line': b'[ 47%] Built target s2_msgs__rosidl_typesupport_fastrtps_c\n'}
[1.086320] (s2_msgs) StdoutLine: {'line': b'[ 47%] Built target s2_msgs__rosidl_typesupport_fastrtps_cpp\n'}
[1.086390] (s2_msgs) StdoutLine: {'line': b'[ 44%] Built target s2_msgs__rosidl_typesupport_introspection_cpp\n'}
[1.086650] (s2_msgs) StdoutLine: {'line': b'[ 64%] Built target s2_msgs__rosidl_typesupport_introspection_c\n'}
[1.086762] (s2_msgs) StdoutLine: {'line': b'[ 73%] Built target s2_msgs__rosidl_typesupport_cpp\n'}
[1.086831] (s2_msgs) StdoutLine: {'line': b'[ 73%] Built target s2_msgs__rosidl_typesupport_c\n'}
[1.101060] (-) TimerEvent: {}
[1.107271] (s2_msgs) StdoutLine: {'line': b'[ 73%] Built target s2_msgs\n'}
[1.124277] (s2_msgs) StdoutLine: {'line': b'[ 76%] Built target s2_msgs__py\n'}
[1.146273] (s2_msgs) StdoutLine: {'line': b'[ 82%] Built target s2_msgs__rosidl_generator_py\n'}
[1.169183] (s2_msgs) StdoutLine: {'line': b'[100%] Built target s2_msgs_s__rosidl_typesupport_introspection_c\n'}
[1.169412] (s2_msgs) StdoutLine: {'line': b'[100%] Built target s2_msgs_s__rosidl_typesupport_c\n'}
[1.169537] (s2_msgs) StdoutLine: {'line': b'[100%] Built target s2_msgs_s__rosidl_typesupport_fastrtps_c\n'}
[1.201163] (-) TimerEvent: {}
[1.258391] (s2_msgs) StdoutLine: {'line': b'running egg_info\n'}
[1.274031] (s2_msgs) StdoutLine: {'line': b'writing s2_msgs.egg-info/PKG-INFO\n'}
[1.274208] (s2_msgs) StdoutLine: {'line': b'writing dependency_links to s2_msgs.egg-info/dependency_links.txt\n'}
[1.274322] (s2_msgs) StdoutLine: {'line': b'writing top-level names to s2_msgs.egg-info/top_level.txt\n'}
[1.301888] (-) TimerEvent: {}
[1.319002] (s2_msgs) StdoutLine: {'line': b"reading manifest file 's2_msgs.egg-info/SOURCES.txt'\n"}
[1.319509] (s2_msgs) StdoutLine: {'line': b"writing manifest file 's2_msgs.egg-info/SOURCES.txt'\n"}
[1.349966] (s2_msgs) StdoutLine: {'line': b'[100%] Built target ament_cmake_python_build_s2_msgs_egg\n'}
[1.365529] (s2_msgs) CommandEnded: {'returncode': 0}
[1.367053] (s2_msgs) JobProgress: {'identifier': 's2_msgs', 'progress': 'install'}
[1.378637] (s2_msgs) Command: {'cmd': ['/usr/bin/cmake', '--install', '/workspace/s2_msgs_ws/build/s2_msgs'], 'cwd': '/workspace/s2_msgs_ws/build/s2_msgs', 'env': OrderedDict({'GZ_CONFIG_PATH': '/opt/ros/jazzy/opt/sdformat_vendor/share/gz', 'HOSTNAME': '54f69aa75b81', 'SHLVL': '1', 'LD_LIBRARY_PATH': '/opt/ros/jazzy/opt/sdformat_vendor/lib:/opt/ros/jazzy/lib/x86_64-linux-gnu:/opt/ros/jazzy/opt/gz_math_vendor/lib:/opt/ros/jazzy/opt/gz_utils_vendor/lib:/opt/ros/jazzy/opt/gz_tools_vendor/lib:/opt/ros/jazzy/opt/gz_cmake_vendor/lib:/opt/ros/jazzy/lib', 'HOME': '/root', 'OLDPWD': '/workspace', 'ROS_PYTHON_VERSION': '3', 'LC_CTYPE': 'C.UTF-8', 'ROS_DISTRO': 'jazzy', '_': '/usr/bin/colcon', 'ROS_VERSION': '2', 'PATH': '/opt/ros/jazzy/opt/gz_tools_vendor/bin:/opt/ros/jazzy/bin:/usr/local/sbin:/usr/local/bin:/usr/sbin:/usr/bin:/sbin:/bin', 'RMW_IMPLEMENTATION': 'rmw_fastrtps_cpp', 'AMENT_PREFIX_PATH': '/opt/ros/jazzy', 'DEBIAN_FRONTEND': 'noninteractive', 'ROS_AUTOMATIC_DISCOVERY_RANGE': 'SUBNET', 'PWD': '/workspace/s2_msgs_ws/build/s2_msgs', 'PYTHONPATH': '/opt/ros/jazzy/lib/python3.12/site-packages', 'COLCON': '1', 'CMAKE_PREFIX_PATH': '/opt/ros/jazzy/opt/sdformat_vendor:/opt/ros/jazzy/opt/gz_math_vendor:/opt/ros/jazzy/opt/gz_utils_vendor:/opt/ros/jazzy/opt/gz_tools_vendor:/opt/ros/jazzy/opt/gz_cmake_vendor:/opt/ros/jazzy'}), 'shell': False}
[1.394886] (s2_msgs) StdoutLine: {'line': b'-- Install configuration: ""\n'}
[1.395254] (s2_msgs) StdoutLine: {'line': b'-- Execute custom install script\n'}
[1.395380] (s2_msgs) StdoutLine: {'line': b'-- Up-to-date symlink: /workspace/s2_msgs_ws/install/s2_msgs/share/ament_index/resource_index/rosidl_interfaces/s2_msgs\n'}
[1.395494] (s2_msgs) StdoutLine: {'line': b'-- Up-to-date symlink: /workspace/s2_msgs_ws/install/s2_msgs/share/s2_msgs/srv/PluginCall.json\n'}
[1.395593] (s2_msgs) StdoutLine: {'line': b'-- Up-to-date symlink: /workspace/s2_msgs_ws/install/s2_msgs/include/s2_msgs/s2_msgs/msg/rosidl_generator_c__visibility_control.h\n'}
[1.395689] (s2_msgs) StdoutLine: {'line': b'-- Up-to-date symlink: /workspace/s2_msgs_ws/install/s2_msgs/include/s2_msgs/s2_msgs/srv/detail/plugin_call__functions.h\n'}
[1.395785] (s2_msgs) StdoutLine: {'line': b'-- Up-to-date symlink: /workspace/s2_msgs_ws/install/s2_msgs/include/s2_msgs/s2_msgs/srv/detail/plugin_call__struct.h\n'}
[1.395894] (s2_msgs) StdoutLine: {'line': b'-- Up-to-date symlink: /workspace/s2_msgs_ws/install/s2_msgs/include/s2_msgs/s2_msgs/srv/detail/plugin_call__type_support.h\n'}
[1.396003] (s2_msgs) StdoutLine: {'line': b'-- Up-to-date symlink: /workspace/s2_msgs_ws/install/s2_msgs/include/s2_msgs/s2_msgs/srv/plugin_call.h\n'}
[1.396102] (s2_msgs) StdoutLine: {'line': b'-- Up-to-date symlink: /workspace/s2_msgs_ws/install/s2_msgs/share/s2_msgs/environment/library_path.sh\n'}
[1.396197] (s2_msgs) StdoutLine: {'line': b'-- Up-to-date symlink: /workspace/s2_msgs_ws/install/s2_msgs/share/s2_msgs/environment/library_path.dsv\n'}
[1.397541] (s2_msgs) StdoutLine: {'line': b'-- Up-to-date symlink: /workspace/s2_msgs_ws/install/s2_msgs/include/s2_msgs/s2_msgs/msg/rosidl_typesupport_fastrtps_c__visibility_control.h\n'}
[1.398063] (s2_msgs) StdoutLine: {'line': b'-- Up-to-date symlink: /workspace/s2_msgs_ws/install/s2_msgs/include/s2_msgs/s2_msgs/srv/detail/plugin_call__rosidl_typesupport_fastrtps_c.h\n'}
[1.399861] (s2_msgs) StdoutLine: {'line': b'-- Up-to-date symlink: /workspace/s2_msgs_ws/install/s2_msgs/include/s2_msgs/s2_msgs/msg/rosidl_typesupport_introspection_c__visibility_control.h\n'}
[1.400406] (s2_msgs) StdoutLine: {'line': b'-- Up-to-date symlink: /workspace/s2_msgs_ws/install/s2_msgs/include/s2_msgs/s2_msgs/srv/detail/plugin_call__rosidl_typesupport_introspection_c.h\n'}
[1.401385] (s2_msgs) StdoutLine: {'line': b'-- Up-to-date symlink: /workspace/s2_msgs_ws/install/s2_msgs/include/s2_msgs/s2_msgs/msg/rosidl_generator_cpp__visibility_control.hpp\n'}
[1.401935] (s2_msgs) StdoutLine: {'line': b'-- Up-to-date symlink: /workspace/s2_msgs_ws/install/s2_msgs/include/s2_msgs/s2_msgs/srv/detail/plugin_call__builder.hpp\n'}
[1.402082] (-) TimerEvent: {}
[1.402384] (s2_msgs) StdoutLine: {'line': b'-- Up-to-date symlink: /workspace/s2_msgs_ws/install/s2_msgs/include/s2_msgs/s2_msgs/srv/detail/plugin_call__struct.hpp\n'}
[1.404071] (s2_msgs) StdoutLine: {'line': b'-- Up-to-date symlink: /workspace/s2_msgs_ws/install/s2_msgs/include/s2_msgs/s2_msgs/srv/detail/plugin_call__traits.hpp\n'}
[1.404259] (s2_msgs) StdoutLine: {'line': b'-- Up-to-date symlink: /workspace/s2_msgs_ws/install/s2_msgs/include/s2_msgs/s2_msgs/srv/detail/plugin_call__type_support.hpp\n'}
[1.404367] (s2_msgs) StdoutLine: {'line': b'-- Up-to-date symlink: /workspace/s2_msgs_ws/install/s2_msgs/include/s2_msgs/s2_msgs/srv/plugin_call.hpp\n'}
[1.404466] (s2_msgs) StdoutLine: {'line': b'-- Up-to-date symlink: /workspace/s2_msgs_ws/install/s2_msgs/include/s2_msgs/s2_msgs/msg/rosidl_typesupport_fastrtps_cpp__visibility_control.h\n'}
[1.404562] (s2_msgs) StdoutLine: {'line': b'-- Up-to-date symlink: /workspace/s2_msgs_ws/install/s2_msgs/include/s2_msgs/s2_msgs/srv/detail/plugin_call__rosidl_typesupport_fastrtps_cpp.hpp\n'}
[1.405295] (s2_msgs) StdoutLine: {'line': b'-- Up-to-date symlink: /workspace/s2_msgs_ws/install/s2_msgs/include/s2_msgs/s2_msgs/srv/detail/plugin_call__rosidl_typesupport_introspection_cpp.hpp\n'}
[1.405781] (s2_msgs) StdoutLine: {'line': b'-- Up-to-date symlink: /workspace/s2_msgs_ws/install/s2_msgs/share/s2_msgs/environment/pythonpath.sh\n'}
[1.406250] (s2_msgs) StdoutLine: {'line': b'-- Up-to-date symlink: /workspace/s2_msgs_ws/install/s2_msgs/share/s2_msgs/environment/pythonpath.dsv\n'}
[1.406928] (s2_msgs) StdoutLine: {'line': b'-- Up-to-date symlink: /workspace/s2_msgs_ws/install/s2_msgs/lib/python3.12/site-packages/s2_msgs-0.1.0-py3.12.egg-info/PKG-INFO\n'}
[1.408972] (s2_msgs) StdoutLine: {'line': b'-- Up-to-date symlink: /workspace/s2_msgs_ws/install/s2_msgs/lib/python3.12/site-packages/s2_msgs-0.1.0-py3.12.egg-info/SOURCES.txt\n'}
[1.409281] (s2_msgs) StdoutLine: {'line': b'-- Up-to-date symlink: /workspace/s2_msgs_ws/install/s2_msgs/lib/python3.12/site-packages/s2_msgs-0.1.0-py3.12.egg-info/dependency_links.txt\n'}
[1.409402] (s2_msgs) StdoutLine: {'line': b'-- Up-to-date symlink: /workspace/s2_msgs_ws/install/s2_msgs/lib/python3.12/site-packages/s2_msgs-0.1.0-py3.12.egg-info/top_level.txt\n'}
[1.410100] (s2_msgs) StdoutLine: {'line': b'-- Up-to-date symlink: /workspace/s2_msgs_ws/install/s2_msgs/lib/python3.12/site-packages/s2_msgs/__init__.py\n'}
[1.410244] (s2_msgs) StdoutLine: {'line': b'-- Up-to-date symlink: /workspace/s2_msgs_ws/install/s2_msgs/lib/python3.12/site-packages/s2_msgs/_s2_msgs_s.ep.rosidl_typesupport_c.c\n'}
[1.410366] (s2_msgs) StdoutLine: {'line': b'-- Up-to-date symlink: /workspace/s2_msgs_ws/install/s2_msgs/lib/python3.12/site-packages/s2_msgs/_s2_msgs_s.ep.rosidl_typesupport_fastrtps_c.c\n'}
[1.410478] (s2_msgs) StdoutLine: {'line': b'-- Up-to-date symlink: /workspace/s2_msgs_ws/install/s2_msgs/lib/python3.12/site-packages/s2_msgs/_s2_msgs_s.ep.rosidl_typesupport_introspection_c.c\n'}
[1.410588] (s2_msgs) StdoutLine: {'line': b'-- Up-to-date symlink: /workspace/s2_msgs_ws/install/s2_msgs/lib/python3.12/site-packages/s2_msgs/s2_msgs_s__rosidl_typesupport_c.so\n'}
[1.412099] (s2_msgs) StdoutLine: {'line': b'-- Up-to-date symlink: /workspace/s2_msgs_ws/install/s2_msgs/lib/python3.12/site-packages/s2_msgs/s2_msgs_s__rosidl_typesupport_fastrtps_c.so\n'}
[1.412281] (s2_msgs) StdoutLine: {'line': b'-- Up-to-date symlink: /workspace/s2_msgs_ws/install/s2_msgs/lib/python3.12/site-packages/s2_msgs/s2_msgs_s__rosidl_typesupport_introspection_c.so\n'}
[1.412416] (s2_msgs) StdoutLine: {'line': b'-- Up-to-date symlink: /workspace/s2_msgs_ws/install/s2_msgs/lib/python3.12/site-packages/s2_msgs/srv/__init__.py\n'}
[1.412536] (s2_msgs) StdoutLine: {'line': b'-- Up-to-date symlink: /workspace/s2_msgs_ws/install/s2_msgs/lib/python3.12/site-packages/s2_msgs/srv/_plugin_call.py\n'}
[1.412654] (s2_msgs) StdoutLine: {'line': b'-- Up-to-date symlink: /workspace/s2_msgs_ws/install/s2_msgs/lib/python3.12/site-packages/s2_msgs/srv/_plugin_call_s.c\n'}
[1.412769] (s2_msgs) StdoutLine: {'line': b'-- Up-to-date symlink: /workspace/s2_msgs_ws/install/s2_msgs/lib/python3.12/site-packages/s2_msgs/s2_msgs_s__rosidl_typesupport_fastrtps_c.so\n'}
[1.412910] (s2_msgs) StdoutLine: {'line': b'-- Up-to-date symlink: /workspace/s2_msgs_ws/install/s2_msgs/lib/python3.12/site-packages/s2_msgs/s2_msgs_s__rosidl_typesupport_introspection_c.so\n'}
[1.413048] (s2_msgs) StdoutLine: {'line': b'-- Up-to-date symlink: /workspace/s2_msgs_ws/install/s2_msgs/lib/python3.12/site-packages/s2_msgs/s2_msgs_s__rosidl_typesupport_c.so\n'}
[1.413165] (s2_msgs) StdoutLine: {'line': b'-- Up-to-date symlink: /workspace/s2_msgs_ws/install/s2_msgs/share/s2_msgs/srv/PluginCall.idl\n'}
[1.413281] (s2_msgs) StdoutLine: {'line': b'-- Up-to-date symlink: /workspace/s2_msgs_ws/install/s2_msgs/share/s2_msgs/srv/PluginCall.srv\n'}
[1.413398] (s2_msgs) StdoutLine: {'line': b'-- Up-to-date symlink: /workspace/s2_msgs_ws/install/s2_msgs/share/ament_index/resource_index/package_run_dependencies/s2_msgs\n'}
[1.414103] (s2_msgs) StdoutLine: {'line': b'-- Up-to-date symlink: /workspace/s2_msgs_ws/install/s2_msgs/share/ament_index/resource_index/parent_prefix_path/s2_msgs\n'}
[1.414262] (s2_msgs) StdoutLine: {'line': b'-- Up-to-date symlink: /workspace/s2_msgs_ws/install/s2_msgs/share/s2_msgs/environment/ament_prefix_path.sh\n'}
[1.414414] (s2_msgs) StdoutLine: {'line': b'-- Up-to-date symlink: /workspace/s2_msgs_ws/install/s2_msgs/share/s2_msgs/environment/ament_prefix_path.dsv\n'}
[1.414514] (s2_msgs) StdoutLine: {'line': b'-- Up-to-date symlink: /workspace/s2_msgs_ws/install/s2_msgs/share/s2_msgs/environment/path.sh\n'}
[1.414615] (s2_msgs) StdoutLine: {'line': b'-- Up-to-date symlink: /workspace/s2_msgs_ws/install/s2_msgs/share/s2_msgs/environment/path.dsv\n'}
[1.414718] (s2_msgs) StdoutLine: {'line': b'-- Up-to-date symlink: /workspace/s2_msgs_ws/install/s2_msgs/share/s2_msgs/local_setup.bash\n'}
[1.414814] (s2_msgs) StdoutLine: {'line': b'-- Up-to-date symlink: /workspace/s2_msgs_ws/install/s2_msgs/share/s2_msgs/local_setup.sh\n'}
[1.414904] (s2_msgs) StdoutLine: {'line': b'-- Up-to-date symlink: /workspace/s2_msgs_ws/install/s2_msgs/share/s2_msgs/local_setup.zsh\n'}
[1.415006] (s2_msgs) StdoutLine: {'line': b'-- Up-to-date symlink: /workspace/s2_msgs_ws/install/s2_msgs/share/s2_msgs/local_setup.dsv\n'}
[1.415097] (s2_msgs) StdoutLine: {'line': b'-- Symlinking: /workspace/s2_msgs_ws/install/s2_msgs/share/s2_msgs/package.dsv\n'}
[1.424119] (s2_msgs) StdoutLine: {'line': b'-- Up-to-date symlink: /workspace/s2_msgs_ws/install/s2_msgs/share/ament_index/resource_index/packages/s2_msgs\n'}
[1.424342] (s2_msgs) StdoutLine: {'line': b'-- Up-to-date symlink: /workspace/s2_msgs_ws/install/s2_msgs/share/s2_msgs/cmake/rosidl_cmake-extras.cmake\n'}
[1.424472] (s2_msgs) StdoutLine: {'line': b'-- Up-to-date symlink: /workspace/s2_msgs_ws/install/s2_msgs/share/s2_msgs/cmake/ament_cmake_export_dependencies-extras.cmake\n'}
[1.424591] (s2_msgs) StdoutLine: {'line': b'-- Up-to-date symlink: /workspace/s2_msgs_ws/install/s2_msgs/share/s2_msgs/cmake/ament_cmake_export_include_directories-extras.cmake\n'}
[1.426256] (s2_msgs) StdoutLine: {'line': b'-- Up-to-date symlink: /workspace/s2_msgs_ws/install/s2_msgs/share/s2_msgs/cmake/ament_cmake_export_libraries-extras.cmake\n'}
[1.426549] (s2_msgs) StdoutLine: {'line': b'-- Up-to-date symlink: /workspace/s2_msgs_ws/install/s2_msgs/share/s2_msgs/cmake/ament_cmake_export_targets-extras.cmake\n'}
[1.426729] (s2_msgs) StdoutLine: {'line': b'-- Up-to-date symlink: /workspace/s2_msgs_ws/install/s2_msgs/share/s2_msgs/cmake/rosidl_cmake_export_typesupport_targets-extras.cmake\n'}
[1.426856] (s2_msgs) StdoutLine: {'line': b'-- Up-to-date symlink: /workspace/s2_msgs_ws/install/s2_msgs/share/s2_msgs/cmake/rosidl_cmake_export_typesupport_libraries-extras.cmake\n'}
[1.426986] (s2_msgs) StdoutLine: {'line': b'-- Up-to-date symlink: /workspace/s2_msgs_ws/install/s2_msgs/share/s2_msgs/cmake/s2_msgsConfig.cmake\n'}
[1.427183] (s2_msgs) StdoutLine: {'line': b'-- Up-to-date symlink: /workspace/s2_msgs_ws/install/s2_msgs/share/s2_msgs/cmake/s2_msgsConfig-version.cmake\n'}
[1.427304] (s2_msgs) StdoutLine: {'line': b'-- Up-to-date symlink: /workspace/s2_msgs_ws/install/s2_msgs/share/s2_msgs/package.xml\n'}
[1.427410] (s2_msgs) StdoutLine: {'line': b'-- Up-to-date: /workspace/s2_msgs_ws/install/s2_msgs/lib/libs2_msgs__rosidl_generator_c.so\n'}
[1.427592] (s2_msgs) StdoutLine: {'line': b'-- Up-to-date: /workspace/s2_msgs_ws/install/s2_msgs/lib/libs2_msgs__rosidl_typesupport_fastrtps_c.so\n'}
[1.427705] (s2_msgs) StdoutLine: {'line': b'-- Up-to-date: /workspace/s2_msgs_ws/install/s2_msgs/lib/libs2_msgs__rosidl_typesupport_introspection_c.so\n'}
[1.427810] (s2_msgs) StdoutLine: {'line': b'-- Up-to-date: /workspace/s2_msgs_ws/install/s2_msgs/lib/libs2_msgs__rosidl_typesupport_c.so\n'}
[1.428018] (s2_msgs) StdoutLine: {'line': b'-- Up-to-date: /workspace/s2_msgs_ws/install/s2_msgs/lib/libs2_msgs__rosidl_typesupport_fastrtps_cpp.so\n'}
[1.428136] (s2_msgs) StdoutLine: {'line': b'-- Up-to-date: /workspace/s2_msgs_ws/install/s2_msgs/lib/libs2_msgs__rosidl_typesupport_introspection_cpp.so\n'}
[1.428337] (s2_msgs) StdoutLine: {'line': b'-- Up-to-date: /workspace/s2_msgs_ws/install/s2_msgs/lib/libs2_msgs__rosidl_typesupport_cpp.so\n'}
[1.475304] (s2_msgs) StdoutLine: {'line': b"Listing '/workspace/s2_msgs_ws/install/s2_msgs/lib/python3.12/site-packages/s2_msgs'...\n"}
[1.475501] (s2_msgs) StdoutLine: {'line': b"Compiling '/workspace/s2_msgs_ws/install/s2_msgs/lib/python3.12/site-packages/s2_msgs/__init__.py'...\n"}
[1.475611] (s2_msgs) StdoutLine: {'line': b"Listing '/workspace/s2_msgs_ws/install/s2_msgs/lib/python3.12/site-packages/s2_msgs/srv'...\n"}
[1.483588] (s2_msgs) StdoutLine: {'line': b'-- Up-to-date: /workspace/s2_msgs_ws/install/s2_msgs/lib/libs2_msgs__rosidl_generator_py.so\n'}
[1.483877] (s2_msgs) StdoutLine: {'line': b'-- Up-to-date: /workspace/s2_msgs_ws/install/s2_msgs/share/s2_msgs/cmake/export_s2_msgs__rosidl_generator_cExport.cmake\n'}
[1.484147] (s2_msgs) StdoutLine: {'line': b'-- Up-to-date: /workspace/s2_msgs_ws/install/s2_msgs/share/s2_msgs/cmake/export_s2_msgs__rosidl_generator_cExport-noconfig.cmake\n'}
[1.484273] (s2_msgs) StdoutLine: {'line': b'-- Up-to-date: /workspace/s2_msgs_ws/install/s2_msgs/share/s2_msgs/cmake/export_s2_msgs__rosidl_typesupport_fastrtps_cExport.cmake\n'}
[1.484396] (s2_msgs) StdoutLine: {'line': b'-- Up-to-date: /workspace/s2_msgs_ws/install/s2_msgs/share/s2_msgs/cmake/export_s2_msgs__rosidl_typesupport_fastrtps_cExport-noconfig.cmake\n'}
[1.484613] (s2_msgs) StdoutLine: {'line': b'-- Up-to-date: /workspace/s2_msgs_ws/install/s2_msgs/share/s2_msgs/cmake/s2_msgs__rosidl_typesupport_introspection_cExport.cmake\n'}
[1.484855] (s2_msgs) StdoutLine: {'line': b'-- Up-to-date: /workspace/s2_msgs_ws/install/s2_msgs/share/s2_msgs/cmake/s2_msgs__rosidl_typesupport_introspection_cExport-noconfig.cmake\n'}
[1.485218] (s2_msgs) StdoutLine: {'line': b'-- Up-to-date: /workspace/s2_msgs_ws/install/s2_msgs/share/s2_msgs/cmake/s2_msgs__rosidl_typesupport_cExport.cmake\n'}
[1.485434] (s2_msgs) StdoutLine: {'line': b'-- Up-to-date: /workspace/s2_msgs_ws/install/s2_msgs/share/s2_msgs/cmake/s2_msgs__rosidl_typesupport_cExport-noconfig.cmake\n'}
[1.485557] (s2_msgs) StdoutLine: {'line': b'-- Up-to-date: /workspace/s2_msgs_ws/install/s2_msgs/share/s2_msgs/cmake/export_s2_msgs__rosidl_generator_cppExport.cmake\n'}
[1.485754] (s2_msgs) StdoutLine: {'line': b'-- Up-to-date: /workspace/s2_msgs_ws/install/s2_msgs/share/s2_msgs/cmake/export_s2_msgs__rosidl_typesupport_fastrtps_cppExport.cmake\n'}
[1.485853] (s2_msgs) StdoutLine: {'line': b'-- Up-to-date: /workspace/s2_msgs_ws/install/s2_msgs/share/s2_msgs/cmake/export_s2_msgs__rosidl_typesupport_fastrtps_cppExport-noconfig.cmake\n'}
[1.485958] (s2_msgs) StdoutLine: {'line': b'-- Up-to-date: /workspace/s2_msgs_ws/install/s2_msgs/share/s2_msgs/cmake/s2_msgs__rosidl_typesupport_introspection_cppExport.cmake\n'}
[1.486055] (s2_msgs) StdoutLine: {'line': b'-- Up-to-date: /workspace/s2_msgs_ws/install/s2_msgs/share/s2_msgs/cmake/s2_msgs__rosidl_typesupport_introspection_cppExport-noconfig.cmake\n'}
[1.486143] (s2_msgs) StdoutLine: {'line': b'-- Up-to-date: /workspace/s2_msgs_ws/install/s2_msgs/share/s2_msgs/cmake/s2_msgs__rosidl_typesupport_cppExport.cmake\n'}
[1.486232] (s2_msgs) StdoutLine: {'line': b'-- Up-to-date: /workspace/s2_msgs_ws/install/s2_msgs/share/s2_msgs/cmake/s2_msgs__rosidl_typesupport_cppExport-noconfig.cmake\n'}
[1.486318] (s2_msgs) StdoutLine: {'line': b'-- Up-to-date: /workspace/s2_msgs_ws/install/s2_msgs/share/s2_msgs/cmake/export_s2_msgs__rosidl_generator_pyExport.cmake\n'}
[1.486405] (s2_msgs) StdoutLine: {'line': b'-- Up-to-date: /workspace/s2_msgs_ws/install/s2_msgs/share/s2_msgs/cmake/export_s2_msgs__rosidl_generator_pyExport-noconfig.cmake\n'}
[1.490006] (s2_msgs) CommandEnded: {'returncode': 0}
[1.502174] (-) TimerEvent: {}
[1.519183] (s2_msgs) JobEnded: {'identifier': 's2_msgs', 'rc': 0}
[1.519913] (-) EventReactorShutdown: {}
