[0.000000] (-) TimerEvent: {}
[0.000086] (s2_msgs) JobQueued: {'identifier': 's2_msgs', 'dependencies': OrderedDict()}
[0.000393] (s2_msgs) JobStarted: {'identifier': 's2_msgs'}
[0.006220] (s2_msgs) JobProgress: {'identifier': 's2_msgs', 'progress': 'cmake'}
[0.006751] (s2_msgs) JobProgress: {'identifier': 's2_msgs', 'progress': 'build'}
[0.007565] (s2_msgs) Command: {'cmd': ['/usr/bin/cmake', '--build', '/workspace/s2_msgs_ws/build/s2_msgs', '--', '-j12', '-l12'], 'cwd': '/workspace/s2_msgs_ws/build/s2_msgs', 'env': OrderedDict({'GZ_CONFIG_PATH': '/opt/ros/jazzy/opt/sdformat_vendor/share/gz', 'HOSTNAME': 'dmitriy-MS-7D82', 'SHLVL': '1', 'LD_LIBRARY_PATH': '/opt/ros/jazzy/opt/sdformat_vendor/lib:/opt/ros/jazzy/lib/x86_64-linux-gnu:/opt/ros/jazzy/opt/gz_math_vendor/lib:/opt/ros/jazzy/opt/gz_utils_vendor/lib:/opt/ros/jazzy/opt/gz_tools_vendor/lib:/opt/ros/jazzy/opt/gz_cmake_vendor/lib:/opt/ros/jazzy/lib', 'HOME': '/root', 'OLDPWD': '/workspace', 'ROS_PYTHON_VERSION': '3', 'LC_CTYPE': 'C.UTF-8', 'ROS_DISTRO': 'jazzy', '_': '/usr/bin/colcon', 'ROS_VERSION': '2', 'PATH': '/opt/ros/jazzy/opt/gz_tools_vendor/bin:/opt/ros/jazzy/bin:/usr/local/sbin:/usr/local/bin:/usr/sbin:/usr/bin:/sbin:/bin', 'FASTRTPS_DEFAULT_PROFILES_FILE': '/root/.ros/fastdds.xml', 'RMW_IMPLEMENTATION': 'rmw_fastrtps_cpp', 'AMENT_PREFIX_PATH': '/opt/ros/jazzy', 'DEBIAN_FRONTEND': 'noninteractive', 'ROS_AUTOMATIC_DISCOVERY_RANGE': 'SUBNET', 'PWD': '/workspace/s2_msgs_ws/build/s2_msgs', 'PYTHONPATH': '/opt/ros/jazzy/lib/python3.12/site-packages', 'COLCON': '1', 'CMAKE_PREFIX_PATH': '/opt/ros/jazzy/opt/sdformat_vendor:/opt/ros/jazzy/opt/gz_math_vendor:/opt/ros/jazzy/opt/gz_utils_vendor:/opt/ros/jazzy/opt/gz_tools_vendor:/opt/ros/jazzy/opt/gz_cmake_vendor:/opt/ros/jazzy'}), 'shell': False}
[0.032351] (s2_msgs) StdoutLine: {'line': b'-- Found ament_cmake: 2.5.5 (/opt/ros/jazzy/share/ament_cmake/cmake)\n'}
[0.051414] (s2_msgs) StdoutLine: {'line': b'-- Found Python3: /usr/bin/python3 (found version "3.12.3") found components: Interpreter \n'}
[0.102235] (-) TimerEvent: {}
[0.133844] (s2_msgs) StdoutLine: {'line': b'-- Override CMake install command with custom implementation using symlinks instead of copying resources\n'}
[0.142589] (s2_msgs) StdoutLine: {'line': b'-- Found rosidl_default_generators: 1.6.0 (/opt/ros/jazzy/share/rosidl_default_generators/cmake)\n'}
[0.145592] (s2_msgs) StdoutLine: {'line': b'-- Using all available rosidl_typesupport_c: rosidl_typesupport_fastrtps_c;rosidl_typesupport_introspection_c\n'}
[0.184570] (s2_msgs) StdoutLine: {'line': b'-- Using all available rosidl_typesupport_cpp: rosidl_typesupport_fastrtps_cpp;rosidl_typesupport_introspection_cpp\n'}
[0.202341] (-) TimerEvent: {}
[0.222070] (s2_msgs) StdoutLine: {'line': b'-- Found rosidl_adapter: 4.6.7 (/opt/ros/jazzy/share/rosidl_adapter/cmake)\n'}
[0.302439] (-) TimerEvent: {}
[0.402602] (-) TimerEvent: {}
[0.469487] (s2_msgs) StdoutLine: {'line': b'-- Found ament_cmake_ros: 0.12.0 (/opt/ros/jazzy/share/ament_cmake_ros/cmake)\n'}
[0.502694] (-) TimerEvent: {}
[0.541574] (s2_msgs) StdoutLine: {'line': b'-- Using all available rosidl_typesupport_c: rosidl_typesupport_fastrtps_c;rosidl_typesupport_introspection_c\n'}
[0.602773] (-) TimerEvent: {}
[0.632706] (s2_msgs) StdoutLine: {'line': b'-- Using all available rosidl_typesupport_cpp: rosidl_typesupport_fastrtps_cpp;rosidl_typesupport_introspection_cpp\n'}
[0.633946] (s2_msgs) StdoutLine: {'line': b'-- Found python_cmake_module: 0.11.1 (/opt/ros/jazzy/share/python_cmake_module/cmake)\n'}
[0.702856] (-) TimerEvent: {}
[0.802987] (-) TimerEvent: {}
[0.876192] (s2_msgs) StdoutLine: {'line': b'-- Found Python3: /usr/bin/python3 (found version "3.12.3") found components: Interpreter Development NumPy Development.Module Development.Embed \n'}
[0.894246] (s2_msgs) StdoutLine: {'line': b'-- Configuring done (0.9s)\n'}
[0.903076] (-) TimerEvent: {}
[0.925006] (s2_msgs) StdoutLine: {'line': b'-- Generating done (0.0s)\n'}
[0.937207] (s2_msgs) StdoutLine: {'line': b'-- Build files have been written to: /workspace/s2_msgs_ws/build/s2_msgs\n'}
[0.965503] (s2_msgs) StdoutLine: {'line': b'[  2%] Built target s2_msgs__rosidl_generator_type_description\n'}
[0.973093] (s2_msgs) StdoutLine: {'line': b'[  2%] Built target ament_cmake_python_symlink_s2_msgs\n'}
[0.981550] (s2_msgs) StdoutLine: {'line': b'[  5%] Built target s2_msgs__cpp\n'}
[0.983724] (s2_msgs) StdoutLine: {'line': b'[ 20%] Built target s2_msgs__rosidl_generator_c\n'}
[1.003528] (-) TimerEvent: {}
[1.004065] (s2_msgs) StdoutLine: {'line': b'[ 29%] Built target s2_msgs__rosidl_typesupport_introspection_c\n'}
[1.005144] (s2_msgs) StdoutLine: {'line': b'[ 44%] Built target s2_msgs__rosidl_typesupport_introspection_cpp\n'}
[1.005378] (s2_msgs) StdoutLine: {'line': b'[ 47%] Built target s2_msgs__rosidl_typesupport_fastrtps_cpp\n'}
[1.005491] (s2_msgs) StdoutLine: {'line': b'[ 55%] Built target s2_msgs__rosidl_typesupport_cpp\n'}
[1.007001] (s2_msgs) StdoutLine: {'line': b'[ 64%] Built target s2_msgs__rosidl_typesupport_c\n'}
[1.012103] (s2_msgs) StdoutLine: {'line': b'[ 73%] Built target s2_msgs__rosidl_typesupport_fastrtps_c\n'}
[1.031810] (s2_msgs) StdoutLine: {'line': b'[ 73%] Built target s2_msgs\n'}
[1.049297] (s2_msgs) StdoutLine: {'line': b'[ 76%] Built target s2_msgs__py\n'}
[1.070143] (s2_msgs) StdoutLine: {'line': b'[ 82%] Built target s2_msgs__rosidl_generator_py\n'}
[1.089989] (s2_msgs) StdoutLine: {'line': b'[ 94%] Built target s2_msgs_s__rosidl_typesupport_introspection_c\n'}
[1.090200] (s2_msgs) StdoutLine: {'line': b'[ 94%] Built target s2_msgs_s__rosidl_typesupport_c\n'}
[1.090329] (s2_msgs) StdoutLine: {'line': b'[100%] Built target s2_msgs_s__rosidl_typesupport_fastrtps_c\n'}
[1.103609] (-) TimerEvent: {}
[1.188300] (s2_msgs) StdoutLine: {'line': b'running egg_info\n'}
[1.203695] (-) TimerEvent: {}
[1.214326] (s2_msgs) StdoutLine: {'line': b'writing s2_msgs.egg-info/PKG-INFO\n'}
[1.214519] (s2_msgs) StdoutLine: {'line': b'writing dependency_links to s2_msgs.egg-info/dependency_links.txt\n'}
[1.214629] (s2_msgs) StdoutLine: {'line': b'writing top-level names to s2_msgs.egg-info/top_level.txt\n'}
[1.279494] (s2_msgs) StdoutLine: {'line': b"reading manifest file 's2_msgs.egg-info/SOURCES.txt'\n"}
[1.280415] (s2_msgs) StdoutLine: {'line': b"writing manifest file 's2_msgs.egg-info/SOURCES.txt'\n"}
[1.303787] (-) TimerEvent: {}
[1.313419] (s2_msgs) StdoutLine: {'line': b'[100%] Built target ament_cmake_python_build_s2_msgs_egg\n'}
[1.322912] (s2_msgs) CommandEnded: {'returncode': 0}
[1.323533] (s2_msgs) JobProgress: {'identifier': 's2_msgs', 'progress': 'install'}
[1.332656] (s2_msgs) Command: {'cmd': ['/usr/bin/cmake', '--install', '/workspace/s2_msgs_ws/build/s2_msgs'], 'cwd': '/workspace/s2_msgs_ws/build/s2_msgs', 'env': OrderedDict({'GZ_CONFIG_PATH': '/opt/ros/jazzy/opt/sdformat_vendor/share/gz', 'HOSTNAME': 'dmitriy-MS-7D82', 'SHLVL': '1', 'LD_LIBRARY_PATH': '/opt/ros/jazzy/opt/sdformat_vendor/lib:/opt/ros/jazzy/lib/x86_64-linux-gnu:/opt/ros/jazzy/opt/gz_math_vendor/lib:/opt/ros/jazzy/opt/gz_utils_vendor/lib:/opt/ros/jazzy/opt/gz_tools_vendor/lib:/opt/ros/jazzy/opt/gz_cmake_vendor/lib:/opt/ros/jazzy/lib', 'HOME': '/root', 'OLDPWD': '/workspace', 'ROS_PYTHON_VERSION': '3', 'LC_CTYPE': 'C.UTF-8', 'ROS_DISTRO': 'jazzy', '_': '/usr/bin/colcon', 'ROS_VERSION': '2', 'PATH': '/opt/ros/jazzy/opt/gz_tools_vendor/bin:/opt/ros/jazzy/bin:/usr/local/sbin:/usr/local/bin:/usr/sbin:/usr/bin:/sbin:/bin', 'FASTRTPS_DEFAULT_PROFILES_FILE': '/root/.ros/fastdds.xml', 'RMW_IMPLEMENTATION': 'rmw_fastrtps_cpp', 'AMENT_PREFIX_PATH': '/opt/ros/jazzy', 'DEBIAN_FRONTEND': 'noninteractive', 'ROS_AUTOMATIC_DISCOVERY_RANGE': 'SUBNET', 'PWD': '/workspace/s2_msgs_ws/build/s2_msgs', 'PYTHONPATH': '/opt/ros/jazzy/lib/python3.12/site-packages', 'COLCON': '1', 'CMAKE_PREFIX_PATH': '/opt/ros/jazzy/opt/sdformat_vendor:/opt/ros/jazzy/opt/gz_math_vendor:/opt/ros/jazzy/opt/gz_utils_vendor:/opt/ros/jazzy/opt/gz_tools_vendor:/opt/ros/jazzy/opt/gz_cmake_vendor:/opt/ros/jazzy'}), 'shell': False}
[1.339886] (s2_msgs) StdoutLine: {'line': b'-- Install configuration: ""\n'}
[1.340362] (s2_msgs) StdoutLine: {'line': b'-- Execute custom install script\n'}
[1.340599] (s2_msgs) StdoutLine: {'line': b'-- Up-to-date symlink: /workspace/s2_msgs_ws/install/s2_msgs/share/ament_index/resource_index/rosidl_interfaces/s2_msgs\n'}
[1.340809] (s2_msgs) StdoutLine: {'line': b'-- Up-to-date symlink: /workspace/s2_msgs_ws/install/s2_msgs/share/s2_msgs/srv/PluginCall.json\n'}
[1.341317] (s2_msgs) StdoutLine: {'line': b'-- Up-to-date symlink: /workspace/s2_msgs_ws/install/s2_msgs/include/s2_msgs/s2_msgs/msg/rosidl_generator_c__visibility_control.h\n'}
[1.342265] (s2_msgs) StdoutLine: {'line': b'-- Up-to-date symlink: /workspace/s2_msgs_ws/install/s2_msgs/include/s2_msgs/s2_msgs/srv/detail/plugin_call__functions.h\n'}
[1.342418] (s2_msgs) StdoutLine: {'line': b'-- Up-to-date symlink: /workspace/s2_msgs_ws/install/s2_msgs/include/s2_msgs/s2_msgs/srv/detail/plugin_call__struct.h\n'}
[1.342549] (s2_msgs) StdoutLine: {'line': b'-- Up-to-date symlink: /workspace/s2_msgs_ws/install/s2_msgs/include/s2_msgs/s2_msgs/srv/detail/plugin_call__type_support.h\n'}
[1.342667] (s2_msgs) StdoutLine: {'line': b'-- Up-to-date symlink: /workspace/s2_msgs_ws/install/s2_msgs/include/s2_msgs/s2_msgs/srv/plugin_call.h\n'}
[1.342833] (s2_msgs) StdoutLine: {'line': b'-- Up-to-date symlink: /workspace/s2_msgs_ws/install/s2_msgs/share/s2_msgs/environment/library_path.sh\n'}
[1.342998] (s2_msgs) StdoutLine: {'line': b'-- Up-to-date symlink: /workspace/s2_msgs_ws/install/s2_msgs/share/s2_msgs/environment/library_path.dsv\n'}
[1.343123] (s2_msgs) StdoutLine: {'line': b'-- Up-to-date symlink: /workspace/s2_msgs_ws/install/s2_msgs/include/s2_msgs/s2_msgs/msg/rosidl_typesupport_fastrtps_c__visibility_control.h\n'}
[1.343263] (s2_msgs) StdoutLine: {'line': b'-- Up-to-date symlink: /workspace/s2_msgs_ws/install/s2_msgs/include/s2_msgs/s2_msgs/srv/detail/plugin_call__rosidl_typesupport_fastrtps_c.h\n'}
[1.343474] (s2_msgs) StdoutLine: {'line': b'-- Up-to-date symlink: /workspace/s2_msgs_ws/install/s2_msgs/include/s2_msgs/s2_msgs/msg/rosidl_typesupport_introspection_c__visibility_control.h\n'}
[1.343649] (s2_msgs) StdoutLine: {'line': b'-- Up-to-date symlink: /workspace/s2_msgs_ws/install/s2_msgs/include/s2_msgs/s2_msgs/srv/detail/plugin_call__rosidl_typesupport_introspection_c.h\n'}
[1.344056] (s2_msgs) StdoutLine: {'line': b'-- Up-to-date symlink: /workspace/s2_msgs_ws/install/s2_msgs/include/s2_msgs/s2_msgs/msg/rosidl_generator_cpp__visibility_control.hpp\n'}
[1.344244] (s2_msgs) StdoutLine: {'line': b'-- Up-to-date symlink: /workspace/s2_msgs_ws/install/s2_msgs/include/s2_msgs/s2_msgs/srv/detail/plugin_call__builder.hpp\n'}
[1.344422] (s2_msgs) StdoutLine: {'line': b'-- Up-to-date symlink: /workspace/s2_msgs_ws/install/s2_msgs/include/s2_msgs/s2_msgs/srv/detail/plugin_call__struct.hpp\n'}
[1.345274] (s2_msgs) StdoutLine: {'line': b'-- Up-to-date symlink: /workspace/s2_msgs_ws/install/s2_msgs/include/s2_msgs/s2_msgs/srv/detail/plugin_call__traits.hpp\n'}
[1.345544] (s2_msgs) StdoutLine: {'line': b'-- Up-to-date symlink: /workspace/s2_msgs_ws/install/s2_msgs/include/s2_msgs/s2_msgs/srv/detail/plugin_call__type_support.hpp\n'}
[1.345674] (s2_msgs) StdoutLine: {'line': b'-- Up-to-date symlink: /workspace/s2_msgs_ws/install/s2_msgs/include/s2_msgs/s2_msgs/srv/plugin_call.hpp\n'}
[1.345784] (s2_msgs) StdoutLine: {'line': b'-- Up-to-date symlink: /workspace/s2_msgs_ws/install/s2_msgs/include/s2_msgs/s2_msgs/msg/rosidl_typesupport_fastrtps_cpp__visibility_control.h\n'}
[1.345899] (s2_msgs) StdoutLine: {'line': b'-- Up-to-date symlink: /workspace/s2_msgs_ws/install/s2_msgs/include/s2_msgs/s2_msgs/srv/detail/plugin_call__rosidl_typesupport_fastrtps_cpp.hpp\n'}
[1.347300] (s2_msgs) StdoutLine: {'line': b'-- Up-to-date symlink: /workspace/s2_msgs_ws/install/s2_msgs/include/s2_msgs/s2_msgs/srv/detail/plugin_call__rosidl_typesupport_introspection_cpp.hpp\n'}
[1.347445] (s2_msgs) StdoutLine: {'line': b'-- Up-to-date symlink: /workspace/s2_msgs_ws/install/s2_msgs/share/s2_msgs/environment/pythonpath.sh\n'}
[1.347548] (s2_msgs) StdoutLine: {'line': b'-- Up-to-date symlink: /workspace/s2_msgs_ws/install/s2_msgs/share/s2_msgs/environment/pythonpath.dsv\n'}
[1.347849] (s2_msgs) StdoutLine: {'line': b'-- Up-to-date symlink: /workspace/s2_msgs_ws/install/s2_msgs/lib/python3.12/site-packages/s2_msgs-0.1.0-py3.12.egg-info/PKG-INFO\n'}
[1.348075] (s2_msgs) StdoutLine: {'line': b'-- Up-to-date symlink: /workspace/s2_msgs_ws/install/s2_msgs/lib/python3.12/site-packages/s2_msgs-0.1.0-py3.12.egg-info/SOURCES.txt\n'}
[1.348260] (s2_msgs) StdoutLine: {'line': b'-- Up-to-date symlink: /workspace/s2_msgs_ws/install/s2_msgs/lib/python3.12/site-packages/s2_msgs-0.1.0-py3.12.egg-info/dependency_links.txt\n'}
[1.348426] (s2_msgs) StdoutLine: {'line': b'-- Up-to-date symlink: /workspace/s2_msgs_ws/install/s2_msgs/lib/python3.12/site-packages/s2_msgs-0.1.0-py3.12.egg-info/top_level.txt\n'}
[1.348588] (s2_msgs) StdoutLine: {'line': b'-- Up-to-date symlink: /workspace/s2_msgs_ws/install/s2_msgs/lib/python3.12/site-packages/s2_msgs/__init__.py\n'}
[1.348849] (s2_msgs) StdoutLine: {'line': b'-- Up-to-date symlink: /workspace/s2_msgs_ws/install/s2_msgs/lib/python3.12/site-packages/s2_msgs/_s2_msgs_s.ep.rosidl_typesupport_c.c\n'}
[1.349021] (s2_msgs) StdoutLine: {'line': b'-- Up-to-date symlink: /workspace/s2_msgs_ws/install/s2_msgs/lib/python3.12/site-packages/s2_msgs/_s2_msgs_s.ep.rosidl_typesupport_fastrtps_c.c\n'}
[1.349138] (s2_msgs) StdoutLine: {'line': b'-- Up-to-date symlink: /workspace/s2_msgs_ws/install/s2_msgs/lib/python3.12/site-packages/s2_msgs/_s2_msgs_s.ep.rosidl_typesupport_introspection_c.c\n'}
[1.349280] (s2_msgs) StdoutLine: {'line': b'-- Up-to-date symlink: /workspace/s2_msgs_ws/install/s2_msgs/lib/python3.12/site-packages/s2_msgs/s2_msgs_s__rosidl_typesupport_c.so\n'}
[1.349454] (s2_msgs) StdoutLine: {'line': b'-- Up-to-date symlink: /workspace/s2_msgs_ws/install/s2_msgs/lib/python3.12/site-packages/s2_msgs/s2_msgs_s__rosidl_typesupport_fastrtps_c.so\n'}
[1.349574] (s2_msgs) StdoutLine: {'line': b'-- Up-to-date symlink: /workspace/s2_msgs_ws/install/s2_msgs/lib/python3.12/site-packages/s2_msgs/s2_msgs_s__rosidl_typesupport_introspection_c.so\n'}
[1.349732] (s2_msgs) StdoutLine: {'line': b'-- Up-to-date symlink: /workspace/s2_msgs_ws/install/s2_msgs/lib/python3.12/site-packages/s2_msgs/srv/__init__.py\n'}
[1.349854] (s2_msgs) StdoutLine: {'line': b'-- Up-to-date symlink: /workspace/s2_msgs_ws/install/s2_msgs/lib/python3.12/site-packages/s2_msgs/srv/_plugin_call.py\n'}
[1.349972] (s2_msgs) StdoutLine: {'line': b'-- Up-to-date symlink: /workspace/s2_msgs_ws/install/s2_msgs/lib/python3.12/site-packages/s2_msgs/srv/_plugin_call_s.c\n'}
[1.350138] (s2_msgs) StdoutLine: {'line': b'-- Up-to-date symlink: /workspace/s2_msgs_ws/install/s2_msgs/lib/python3.12/site-packages/s2_msgs/s2_msgs_s__rosidl_typesupport_fastrtps_c.so\n'}
[1.350331] (s2_msgs) StdoutLine: {'line': b'-- Up-to-date symlink: /workspace/s2_msgs_ws/install/s2_msgs/lib/python3.12/site-packages/s2_msgs/s2_msgs_s__rosidl_typesupport_introspection_c.so\n'}
[1.350455] (s2_msgs) StdoutLine: {'line': b'-- Up-to-date symlink: /workspace/s2_msgs_ws/install/s2_msgs/lib/python3.12/site-packages/s2_msgs/s2_msgs_s__rosidl_typesupport_c.so\n'}
[1.350640] (s2_msgs) StdoutLine: {'line': b'-- Up-to-date symlink: /workspace/s2_msgs_ws/install/s2_msgs/share/s2_msgs/srv/PluginCall.idl\n'}
[1.350754] (s2_msgs) StdoutLine: {'line': b'-- Up-to-date symlink: /workspace/s2_msgs_ws/install/s2_msgs/share/s2_msgs/srv/PluginCall.srv\n'}
[1.350918] (s2_msgs) StdoutLine: {'line': b'-- Up-to-date symlink: /workspace/s2_msgs_ws/install/s2_msgs/share/ament_index/resource_index/package_run_dependencies/s2_msgs\n'}
[1.351079] (s2_msgs) StdoutLine: {'line': b'-- Up-to-date symlink: /workspace/s2_msgs_ws/install/s2_msgs/share/ament_index/resource_index/parent_prefix_path/s2_msgs\n'}
[1.351289] (s2_msgs) StdoutLine: {'line': b'-- Up-to-date symlink: /workspace/s2_msgs_ws/install/s2_msgs/share/s2_msgs/environment/ament_prefix_path.sh\n'}
[1.351500] (s2_msgs) StdoutLine: {'line': b'-- Up-to-date symlink: /workspace/s2_msgs_ws/install/s2_msgs/share/s2_msgs/environment/ament_prefix_path.dsv\n'}
[1.351709] (s2_msgs) StdoutLine: {'line': b'-- Up-to-date symlink: /workspace/s2_msgs_ws/install/s2_msgs/share/s2_msgs/environment/path.sh\n'}
[1.351913] (s2_msgs) StdoutLine: {'line': b'-- Up-to-date symlink: /workspace/s2_msgs_ws/install/s2_msgs/share/s2_msgs/environment/path.dsv\n'}
[1.352112] (s2_msgs) StdoutLine: {'line': b'-- Up-to-date symlink: /workspace/s2_msgs_ws/install/s2_msgs/share/s2_msgs/local_setup.bash\n'}
[1.352323] (s2_msgs) StdoutLine: {'line': b'-- Up-to-date symlink: /workspace/s2_msgs_ws/install/s2_msgs/share/s2_msgs/local_setup.sh\n'}
[1.352519] (s2_msgs) StdoutLine: {'line': b'-- Up-to-date symlink: /workspace/s2_msgs_ws/install/s2_msgs/share/s2_msgs/local_setup.zsh\n'}
[1.352713] (s2_msgs) StdoutLine: {'line': b'-- Up-to-date symlink: /workspace/s2_msgs_ws/install/s2_msgs/share/s2_msgs/local_setup.dsv\n'}
[1.352885] (s2_msgs) StdoutLine: {'line': b'-- Symlinking: /workspace/s2_msgs_ws/install/s2_msgs/share/s2_msgs/package.dsv\n'}
[1.363649] (s2_msgs) StdoutLine: {'line': b'-- Up-to-date symlink: /workspace/s2_msgs_ws/install/s2_msgs/share/ament_index/resource_index/packages/s2_msgs\n'}
[1.363876] (s2_msgs) StdoutLine: {'line': b'-- Up-to-date symlink: /workspace/s2_msgs_ws/install/s2_msgs/share/s2_msgs/cmake/rosidl_cmake-extras.cmake\n'}
[1.364005] (s2_msgs) StdoutLine: {'line': b'-- Up-to-date symlink: /workspace/s2_msgs_ws/install/s2_msgs/share/s2_msgs/cmake/ament_cmake_export_dependencies-extras.cmake\n'}
[1.364125] (s2_msgs) StdoutLine: {'line': b'-- Up-to-date symlink: /workspace/s2_msgs_ws/install/s2_msgs/share/s2_msgs/cmake/ament_cmake_export_include_directories-extras.cmake\n'}
[1.364271] (s2_msgs) StdoutLine: {'line': b'-- Up-to-date symlink: /workspace/s2_msgs_ws/install/s2_msgs/share/s2_msgs/cmake/ament_cmake_export_libraries-extras.cmake\n'}
[1.366339] (s2_msgs) StdoutLine: {'line': b'-- Up-to-date symlink: /workspace/s2_msgs_ws/install/s2_msgs/share/s2_msgs/cmake/ament_cmake_export_targets-extras.cmake\n'}
[1.366588] (s2_msgs) StdoutLine: {'line': b'-- Up-to-date symlink: /workspace/s2_msgs_ws/install/s2_msgs/share/s2_msgs/cmake/rosidl_cmake_export_typesupport_targets-extras.cmake\n'}
[1.366706] (s2_msgs) StdoutLine: {'line': b'-- Up-to-date symlink: /workspace/s2_msgs_ws/install/s2_msgs/share/s2_msgs/cmake/rosidl_cmake_export_typesupport_libraries-extras.cmake\n'}
[1.366804] (s2_msgs) StdoutLine: {'line': b'-- Up-to-date symlink: /workspace/s2_msgs_ws/install/s2_msgs/share/s2_msgs/cmake/s2_msgsConfig.cmake\n'}
[1.366895] (s2_msgs) StdoutLine: {'line': b'-- Up-to-date symlink: /workspace/s2_msgs_ws/install/s2_msgs/share/s2_msgs/cmake/s2_msgsConfig-version.cmake\n'}
[1.366984] (s2_msgs) StdoutLine: {'line': b'-- Up-to-date symlink: /workspace/s2_msgs_ws/install/s2_msgs/share/s2_msgs/package.xml\n'}
[1.367071] (s2_msgs) StdoutLine: {'line': b'-- Up-to-date: /workspace/s2_msgs_ws/install/s2_msgs/lib/libs2_msgs__rosidl_generator_c.so\n'}
[1.367153] (s2_msgs) StdoutLine: {'line': b'-- Up-to-date: /workspace/s2_msgs_ws/install/s2_msgs/lib/libs2_msgs__rosidl_typesupport_fastrtps_c.so\n'}
[1.367243] (s2_msgs) StdoutLine: {'line': b'-- Up-to-date: /workspace/s2_msgs_ws/install/s2_msgs/lib/libs2_msgs__rosidl_typesupport_introspection_c.so\n'}
[1.367303] (s2_msgs) StdoutLine: {'line': b'-- Up-to-date: /workspace/s2_msgs_ws/install/s2_msgs/lib/libs2_msgs__rosidl_typesupport_c.so\n'}
[1.367369] (s2_msgs) StdoutLine: {'line': b'-- Up-to-date: /workspace/s2_msgs_ws/install/s2_msgs/lib/libs2_msgs__rosidl_typesupport_fastrtps_cpp.so\n'}
[1.367426] (s2_msgs) StdoutLine: {'line': b'-- Up-to-date: /workspace/s2_msgs_ws/install/s2_msgs/lib/libs2_msgs__rosidl_typesupport_introspection_cpp.so\n'}
[1.367483] (s2_msgs) StdoutLine: {'line': b'-- Up-to-date: /workspace/s2_msgs_ws/install/s2_msgs/lib/libs2_msgs__rosidl_typesupport_cpp.so\n'}
[1.400420] (s2_msgs) StdoutLine: {'line': b"Listing '/workspace/s2_msgs_ws/install/s2_msgs/lib/python3.12/site-packages/s2_msgs'...\n"}
[1.400559] (s2_msgs) StdoutLine: {'line': b"Compiling '/workspace/s2_msgs_ws/install/s2_msgs/lib/python3.12/site-packages/s2_msgs/__init__.py'...\n"}
[1.400629] (s2_msgs) StdoutLine: {'line': b"Listing '/workspace/s2_msgs_ws/install/s2_msgs/lib/python3.12/site-packages/s2_msgs/srv'...\n"}
[1.403855] (-) TimerEvent: {}
[1.405790] (s2_msgs) StdoutLine: {'line': b'-- Up-to-date: /workspace/s2_msgs_ws/install/s2_msgs/lib/libs2_msgs__rosidl_generator_py.so\n'}
[1.406041] (s2_msgs) StdoutLine: {'line': b'-- Up-to-date: /workspace/s2_msgs_ws/install/s2_msgs/share/s2_msgs/cmake/export_s2_msgs__rosidl_generator_cExport.cmake\n'}
[1.406116] (s2_msgs) StdoutLine: {'line': b'-- Up-to-date: /workspace/s2_msgs_ws/install/s2_msgs/share/s2_msgs/cmake/export_s2_msgs__rosidl_generator_cExport-noconfig.cmake\n'}
[1.406253] (s2_msgs) StdoutLine: {'line': b'-- Up-to-date: /workspace/s2_msgs_ws/install/s2_msgs/share/s2_msgs/cmake/export_s2_msgs__rosidl_typesupport_fastrtps_cExport.cmake\n'}
[1.406421] (s2_msgs) StdoutLine: {'line': b'-- Up-to-date: /workspace/s2_msgs_ws/install/s2_msgs/share/s2_msgs/cmake/export_s2_msgs__rosidl_typesupport_fastrtps_cExport-noconfig.cmake\n'}
[1.406484] (s2_msgs) StdoutLine: {'line': b'-- Up-to-date: /workspace/s2_msgs_ws/install/s2_msgs/share/s2_msgs/cmake/s2_msgs__rosidl_typesupport_introspection_cExport.cmake\n'}
[1.406546] (s2_msgs) StdoutLine: {'line': b'-- Up-to-date: /workspace/s2_msgs_ws/install/s2_msgs/share/s2_msgs/cmake/s2_msgs__rosidl_typesupport_introspection_cExport-noconfig.cmake\n'}
[1.406716] (s2_msgs) StdoutLine: {'line': b'-- Up-to-date: /workspace/s2_msgs_ws/install/s2_msgs/share/s2_msgs/cmake/s2_msgs__rosidl_typesupport_cExport.cmake\n'}
[1.406838] (s2_msgs) StdoutLine: {'line': b'-- Up-to-date: /workspace/s2_msgs_ws/install/s2_msgs/share/s2_msgs/cmake/s2_msgs__rosidl_typesupport_cExport-noconfig.cmake\n'}
[1.406900] (s2_msgs) StdoutLine: {'line': b'-- Up-to-date: /workspace/s2_msgs_ws/install/s2_msgs/share/s2_msgs/cmake/export_s2_msgs__rosidl_generator_cppExport.cmake\n'}
[1.406960] (s2_msgs) StdoutLine: {'line': b'-- Up-to-date: /workspace/s2_msgs_ws/install/s2_msgs/share/s2_msgs/cmake/export_s2_msgs__rosidl_typesupport_fastrtps_cppExport.cmake\n'}
[1.407020] (s2_msgs) StdoutLine: {'line': b'-- Up-to-date: /workspace/s2_msgs_ws/install/s2_msgs/share/s2_msgs/cmake/export_s2_msgs__rosidl_typesupport_fastrtps_cppExport-noconfig.cmake\n'}
[1.407248] (s2_msgs) StdoutLine: {'line': b'-- Up-to-date: /workspace/s2_msgs_ws/install/s2_msgs/share/s2_msgs/cmake/s2_msgs__rosidl_typesupport_introspection_cppExport.cmake\n'}
[1.407315] (s2_msgs) StdoutLine: {'line': b'-- Up-to-date: /workspace/s2_msgs_ws/install/s2_msgs/share/s2_msgs/cmake/s2_msgs__rosidl_typesupport_introspection_cppExport-noconfig.cmake\n'}
[1.407373] (s2_msgs) StdoutLine: {'line': b'-- Up-to-date: /workspace/s2_msgs_ws/install/s2_msgs/share/s2_msgs/cmake/s2_msgs__rosidl_typesupport_cppExport.cmake\n'}
[1.407430] (s2_msgs) StdoutLine: {'line': b'-- Up-to-date: /workspace/s2_msgs_ws/install/s2_msgs/share/s2_msgs/cmake/s2_msgs__rosidl_typesupport_cppExport-noconfig.cmake\n'}
[1.407488] (s2_msgs) StdoutLine: {'line': b'-- Up-to-date: /workspace/s2_msgs_ws/install/s2_msgs/share/s2_msgs/cmake/export_s2_msgs__rosidl_generator_pyExport.cmake\n'}
[1.407544] (s2_msgs) StdoutLine: {'line': b'-- Up-to-date: /workspace/s2_msgs_ws/install/s2_msgs/share/s2_msgs/cmake/export_s2_msgs__rosidl_generator_pyExport-noconfig.cmake\n'}
[1.408658] (s2_msgs) CommandEnded: {'returncode': 0}
[1.430157] (s2_msgs) JobEnded: {'identifier': 's2_msgs', 'rc': 0}
[1.431034] (-) EventReactorShutdown: {}
